{"C:\\dev\\CareCoUsers\\users-mobile\\src\\hooks\\useIdleTimeout.js": {"path":"C:\\dev\\CareCoUsers\\users-mobile\\src\\hooks\\useIdleTimeout.js","statementMap":{"0":{"start":{"line":12,"column":27},"end":{"line":12,"column":41}},"1":{"start":{"line":15,"column":36},"end":{"line":15,"column":51}},"2":{"start":{"line":16,"column":21},"end":{"line":16,"column":33}},"3":{"start":{"line":17,"column":24},"end":{"line":17,"column":53}},"4":{"start":{"line":18,"column":30},"end":{"line":18,"column":42}},"5":{"start":{"line":20,"column":23},"end":{"line":26,"column":19}},"6":{"start":{"line":21,"column":8},"end":{"line":21,"column":61}},"7":{"start":{"line":21,"column":30},"end":{"line":21,"column":61}},"8":{"start":{"line":22,"column":8},"end":{"line":25,"column":22}},"9":{"start":{"line":23,"column":12},"end":{"line":23,"column":71}},"10":{"start":{"line":24,"column":12},"end":{"line":24,"column":30}},"11":{"start":{"line":28,"column":19},"end":{"line":31,"column":20}},"12":{"start":{"line":29,"column":8},"end":{"line":29,"column":27}},"13":{"start":{"line":30,"column":8},"end":{"line":30,"column":21}},"14":{"start":{"line":33,"column":4},"end":{"line":62,"column":32}},"15":{"start":{"line":34,"column":8},"end":{"line":34,"column":21}},"16":{"start":{"line":36,"column":20},"end":{"line":56,"column":10}},"17":{"start":{"line":37,"column":12},"end":{"line":40,"column":13}},"18":{"start":{"line":39,"column":16},"end":{"line":39,"column":55}},"19":{"start":{"line":42,"column":12},"end":{"line":53,"column":13}},"20":{"start":{"line":44,"column":32},"end":{"line":44,"column":70}},"21":{"start":{"line":45,"column":16},"end":{"line":45,"column":49}},"22":{"start":{"line":47,"column":16},"end":{"line":51,"column":17}},"23":{"start":{"line":48,"column":20},"end":{"line":48,"column":90}},"24":{"start":{"line":49,"column":20},"end":{"line":49,"column":38}},"25":{"start":{"line":50,"column":20},"end":{"line":50,"column":27}},"26":{"start":{"line":52,"column":16},"end":{"line":52,"column":29}},"27":{"start":{"line":55,"column":12},"end":{"line":55,"column":44}},"28":{"start":{"line":58,"column":8},"end":{"line":61,"column":10}},"29":{"start":{"line":59,"column":12},"end":{"line":59,"column":65}},"30":{"start":{"line":59,"column":34},"end":{"line":59,"column":65}},"31":{"start":{"line":60,"column":12},"end":{"line":60,"column":25}},"32":{"start":{"line":64,"column":4},"end":{"line":64,"column":44}}},"fnMap":{"0":{"name":"useIdleTimeout","decl":{"start":{"line":14,"column":24},"end":{"line":14,"column":38}},"loc":{"start":{"line":14,"column":79},"end":{"line":65,"column":1}},"line":14},"1":{"name":"(anonymous_1)","decl":{"start":{"line":20,"column":35},"end":{"line":20,"column":36}},"loc":{"start":{"line":20,"column":41},"end":{"line":26,"column":5}},"line":20},"2":{"name":"(anonymous_2)","decl":{"start":{"line":22,"column":38},"end":{"line":22,"column":39}},"loc":{"start":{"line":22,"column":44},"end":{"line":25,"column":9}},"line":22},"3":{"name":"(anonymous_3)","decl":{"start":{"line":28,"column":31},"end":{"line":28,"column":32}},"loc":{"start":{"line":28,"column":37},"end":{"line":31,"column":5}},"line":28},"4":{"name":"(anonymous_4)","decl":{"start":{"line":33,"column":14},"end":{"line":33,"column":15}},"loc":{"start":{"line":33,"column":20},"end":{"line":62,"column":5}},"line":33},"5":{"name":"(anonymous_5)","decl":{"start":{"line":36,"column":56},"end":{"line":36,"column":57}},"loc":{"start":{"line":36,"column":71},"end":{"line":56,"column":9}},"line":36},"6":{"name":"(anonymous_6)","decl":{"start":{"line":58,"column":15},"end":{"line":58,"column":16}},"loc":{"start":{"line":58,"column":21},"end":{"line":61,"column":9}},"line":58}},"branchMap":{"0":{"loc":{"start":{"line":14,"column":47},"end":{"line":14,"column":77}},"type":"default-arg","locations":[{"start":{"line":14,"column":59},"end":{"line":14,"column":77}}],"line":14},"1":{"loc":{"start":{"line":21,"column":8},"end":{"line":21,"column":61}},"type":"if","locations":[{"start":{"line":21,"column":8},"end":{"line":21,"column":61}},{"start":{},"end":{}}],"line":21},"2":{"loc":{"start":{"line":37,"column":12},"end":{"line":40,"column":13}},"type":"if","locations":[{"start":{"line":37,"column":12},"end":{"line":40,"column":13}},{"start":{},"end":{}}],"line":37},"3":{"loc":{"start":{"line":37,"column":16},"end":{"line":37,"column":93}},"type":"binary-expr","locations":[{"start":{"line":37,"column":16},"end":{"line":37,"column":51}},{"start":{"line":37,"column":55},"end":{"line":37,"column":93}}],"line":37},"4":{"loc":{"start":{"line":42,"column":12},"end":{"line":53,"column":13}},"type":"if","locations":[{"start":{"line":42,"column":12},"end":{"line":53,"column":13}},{"start":{},"end":{}}],"line":42},"5":{"loc":{"start":{"line":42,"column":16},"end":{"line":42,"column":67}},"type":"binary-expr","locations":[{"start":{"line":42,"column":16},"end":{"line":42,"column":38}},{"start":{"line":42,"column":42},"end":{"line":42,"column":67}}],"line":42},"6":{"loc":{"start":{"line":47,"column":16},"end":{"line":51,"column":17}},"type":"if","locations":[{"start":{"line":47,"column":16},"end":{"line":51,"column":17}},{"start":{},"end":{}}],"line":47},"7":{"loc":{"start":{"line":59,"column":12},"end":{"line":59,"column":65}},"type":"if","locations":[{"start":{"line":59,"column":12},"end":{"line":59,"column":65}},{"start":{},"end":{}}],"line":59}},"s":{"0":2,"1":12,"2":12,"3":12,"4":12,"5":12,"6":12,"7":0,"8":12,"9":0,"10":0,"11":12,"12":0,"13":0,"14":12,"15":12,"16":12,"17":0,"18":0,"19":0,"20":0,"21":0,"22":0,"23":0,"24":0,"25":0,"26":0,"27":0,"28":12,"29":12,"30":12,"31":12,"32":12},"f":{"0":12,"1":12,"2":0,"3":0,"4":12,"5":0,"6":12},"b":{"0":[0],"1":[0,12],"2":[0,0],"3":[0,0],"4":[0,0],"5":[0,0],"6":[0,0],"7":[12,0]},"_coverageSchema":"1a1c01bbd47fc00a2c39e90264f33305004495a9","hash":"338dbaf01b7eb91f1c5903671234d488d97bee03"}
,"C:\\dev\\CareCoUsers\\users-mobile\\src\\lib\\CacheService.js": {"path":"C:\\dev\\CareCoUsers\\users-mobile\\src\\lib\\CacheService.js","statementMap":{"0":{"start":{"line":3,"column":23},"end":{"line":3,"column":27}},"1":{"start":{"line":4,"column":0},"end":{"line":8,"column":1}},"2":{"start":{"line":5,"column":4},"end":{"line":5,"column":73}},"3":{"start":{"line":7,"column":4},"end":{"line":7,"column":109}},"4":{"start":{"line":10,"column":21},"end":{"line":10,"column":36}},"5":{"start":{"line":13,"column":23},"end":{"line":13,"column":78}},"6":{"start":{"line":23,"column":21},"end":{"line":23,"column":25}},"7":{"start":{"line":30,"column":4},"end":{"line":30,"column":28}},"8":{"start":{"line":34,"column":4},"end":{"line":37,"column":5}},"9":{"start":{"line":35,"column":8},"end":{"line":35,"column":75}},"10":{"start":{"line":36,"column":8},"end":{"line":36,"column":47}},"11":{"start":{"line":38,"column":4},"end":{"line":38,"column":54}},"12":{"start":{"line":43,"column":4},"end":{"line":45,"column":5}},"13":{"start":{"line":44,"column":8},"end":{"line":44,"column":32}},"14":{"start":{"line":46,"column":4},"end":{"line":46,"column":24}},"15":{"start":{"line":56,"column":4},"end":{"line":66,"column":5}},"16":{"start":{"line":57,"column":22},"end":{"line":61,"column":9}},"17":{"start":{"line":62,"column":24},"end":{"line":62,"column":39}},"18":{"start":{"line":63,"column":8},"end":{"line":63,"column":69}},"19":{"start":{"line":65,"column":8},"end":{"line":65,"column":75}},"20":{"start":{"line":75,"column":4},"end":{"line":92,"column":5}},"21":{"start":{"line":76,"column":24},"end":{"line":76,"column":39}},"22":{"start":{"line":77,"column":20},"end":{"line":77,"column":57}},"23":{"start":{"line":78,"column":8},"end":{"line":78,"column":30}},"24":{"start":{"line":78,"column":18},"end":{"line":78,"column":30}},"25":{"start":{"line":80,"column":22},"end":{"line":80,"column":37}},"26":{"start":{"line":83,"column":8},"end":{"line":86,"column":9}},"27":{"start":{"line":84,"column":12},"end":{"line":84,"column":53}},"28":{"start":{"line":85,"column":12},"end":{"line":85,"column":24}},"29":{"start":{"line":88,"column":8},"end":{"line":88,"column":62}},"30":{"start":{"line":90,"column":8},"end":{"line":90,"column":74}},"31":{"start":{"line":91,"column":8},"end":{"line":91,"column":20}},"32":{"start":{"line":99,"column":4},"end":{"line":104,"column":5}},"33":{"start":{"line":100,"column":24},"end":{"line":100,"column":39}},"34":{"start":{"line":101,"column":8},"end":{"line":101,"column":49}},"35":{"start":{"line":103,"column":8},"end":{"line":103,"column":76}},"36":{"start":{"line":112,"column":4},"end":{"line":124,"column":5}},"37":{"start":{"line":113,"column":24},"end":{"line":113,"column":55}},"38":{"start":{"line":114,"column":23},"end":{"line":116,"column":39}},"39":{"start":{"line":117,"column":25},"end":{"line":117,"column":68}},"40":{"start":{"line":117,"column":47},"end":{"line":117,"column":67}},"41":{"start":{"line":118,"column":8},"end":{"line":121,"column":9}},"42":{"start":{"line":119,"column":12},"end":{"line":119,"column":53}},"43":{"start":{"line":120,"column":12},"end":{"line":120,"column":84}},"44":{"start":{"line":123,"column":8},"end":{"line":123,"column":75}},"45":{"start":{"line":128,"column":26},"end":{"line":136,"column":1}}},"fnMap":{"0":{"name":"setCacheUserId","decl":{"start":{"line":29,"column":16},"end":{"line":29,"column":30}},"loc":{"start":{"line":29,"column":39},"end":{"line":31,"column":1}},"line":29},"1":{"name":"scopedKey","decl":{"start":{"line":33,"column":9},"end":{"line":33,"column":18}},"loc":{"start":{"line":33,"column":24},"end":{"line":39,"column":1}},"line":33},"2":{"name":"getStorage","decl":{"start":{"line":42,"column":9},"end":{"line":42,"column":19}},"loc":{"start":{"line":42,"column":25},"end":{"line":47,"column":1}},"line":42},"3":{"name":"setCache","decl":{"start":{"line":55,"column":22},"end":{"line":55,"column":30}},"loc":{"start":{"line":55,"column":61},"end":{"line":67,"column":1}},"line":55},"4":{"name":"getCache","decl":{"start":{"line":74,"column":22},"end":{"line":74,"column":30}},"loc":{"start":{"line":74,"column":36},"end":{"line":93,"column":1}},"line":74},"5":{"name":"removeCache","decl":{"start":{"line":98,"column":22},"end":{"line":98,"column":33}},"loc":{"start":{"line":98,"column":39},"end":{"line":105,"column":1}},"line":98},"6":{"name":"clearUserCache","decl":{"start":{"line":111,"column":22},"end":{"line":111,"column":36}},"loc":{"start":{"line":111,"column":39},"end":{"line":125,"column":1}},"line":111},"7":{"name":"(anonymous_7)","decl":{"start":{"line":117,"column":40},"end":{"line":117,"column":41}},"loc":{"start":{"line":117,"column":47},"end":{"line":117,"column":67}},"line":117}},"branchMap":{"0":{"loc":{"start":{"line":34,"column":4},"end":{"line":37,"column":5}},"type":"if","locations":[{"start":{"line":34,"column":4},"end":{"line":37,"column":5}},{"start":{},"end":{}}],"line":34},"1":{"loc":{"start":{"line":43,"column":4},"end":{"line":45,"column":5}},"type":"if","locations":[{"start":{"line":43,"column":4},"end":{"line":45,"column":5}},{"start":{},"end":{}}],"line":43},"2":{"loc":{"start":{"line":43,"column":8},"end":{"line":43,"column":56}},"type":"binary-expr","locations":[{"start":{"line":43,"column":8},"end":{"line":43,"column":24}},{"start":{"line":43,"column":28},"end":{"line":43,"column":56}}],"line":43},"3":{"loc":{"start":{"line":55,"column":42},"end":{"line":55,"column":59}},"type":"default-arg","locations":[{"start":{"line":55,"column":55},"end":{"line":55,"column":59}}],"line":55},"4":{"loc":{"start":{"line":60,"column":23},"end":{"line":60,"column":78}},"type":"cond-expr","locations":[{"start":{"line":60,"column":36},"end":{"line":60,"column":71}},{"start":{"line":60,"column":74},"end":{"line":60,"column":78}}],"line":60},"5":{"loc":{"start":{"line":78,"column":8},"end":{"line":78,"column":30}},"type":"if","locations":[{"start":{"line":78,"column":8},"end":{"line":78,"column":30}},{"start":{},"end":{}}],"line":78},"6":{"loc":{"start":{"line":83,"column":8},"end":{"line":86,"column":9}},"type":"if","locations":[{"start":{"line":83,"column":8},"end":{"line":86,"column":9}},{"start":{},"end":{}}],"line":83},"7":{"loc":{"start":{"line":83,"column":12},"end":{"line":83,"column":59}},"type":"binary-expr","locations":[{"start":{"line":83,"column":12},"end":{"line":83,"column":27}},{"start":{"line":83,"column":31},"end":{"line":83,"column":59}}],"line":83},"8":{"loc":{"start":{"line":114,"column":23},"end":{"line":116,"column":39}},"type":"cond-expr","locations":[{"start":{"line":115,"column":14},"end":{"line":115,"column":50}},{"start":{"line":116,"column":14},"end":{"line":116,"column":39}}],"line":114},"9":{"loc":{"start":{"line":118,"column":8},"end":{"line":121,"column":9}},"type":"if","locations":[{"start":{"line":118,"column":8},"end":{"line":121,"column":9}},{"start":{},"end":{}}],"line":118}},"s":{"0":1,"1":1,"2":1,"3":1,"4":1,"5":1,"6":1,"7":36,"8":16,"9":1,"10":1,"11":15,"12":15,"13":0,"14":15,"15":8,"16":8,"17":8,"18":8,"19":0,"20":5,"21":5,"22":5,"23":5,"24":1,"25":4,"26":3,"27":1,"28":1,"29":2,"30":1,"31":1,"32":2,"33":2,"34":2,"35":1,"36":3,"37":3,"38":3,"39":3,"40":6,"41":3,"42":2,"43":2,"44":0,"45":1},"f":{"0":36,"1":16,"2":15,"3":8,"4":5,"5":2,"6":3,"7":6},"b":{"0":[1,15],"1":[0,15],"2":[15,0],"3":[7],"4":[1,7],"5":[1,4],"6":[1,2],"7":[3,2],"8":[2,1],"9":[2,1]},"_coverageSchema":"1a1c01bbd47fc00a2c39e90264f33305004495a9","hash":"0bd11f009668e22bb1c89a1e593de788f1aaa693"}
,"C:\\dev\\CareCoUsers\\users-mobile\\src\\navigation\\AppNavigator.jsx": {"path":"C:\\dev\\CareCoUsers\\users-mobile\\src\\navigation\\AppNavigator.jsx","statementMap":{"0":{"start":{"line":54,"column":14},"end":{"line":54,"column":42}},"1":{"start":{"line":55,"column":12},"end":{"line":55,"column":38}},"2":{"start":{"line":57,"column":30},"end":{"line":57,"column":32}},"3":{"start":{"line":58,"column":30},"end":{"line":58,"column":32}},"4":{"start":{"line":59,"column":33},"end":{"line":59,"column":69}},"5":{"start":{"line":63,"column":4},"end":{"line":96,"column":6}},"6":{"start":{"line":66,"column":36},"end":{"line":66,"column":58}},"7":{"start":{"line":67,"column":32},"end":{"line":67,"column":53}},"8":{"start":{"line":69,"column":32},"end":{"line":78,"column":17}},"9":{"start":{"line":70,"column":34},"end":{"line":74,"column":22}},"10":{"start":{"line":75,"column":20},"end":{"line":77,"column":21}},"11":{"start":{"line":76,"column":24},"end":{"line":76,"column":56}},"12":{"start":{"line":80,"column":38},"end":{"line":80,"column":65}},"13":{"start":{"line":82,"column":16},"end":{"line":93,"column":18}},"14":{"start":{"line":100,"column":22},"end":{"line":100,"column":75}},"15":{"start":{"line":102,"column":4},"end":{"line":108,"column":18}},"16":{"start":{"line":103,"column":8},"end":{"line":107,"column":19}},"17":{"start":{"line":110,"column":4},"end":{"line":124,"column":6}},"18":{"start":{"line":128,"column":4},"end":{"line":159,"column":6}},"19":{"start":{"line":130,"column":31},"end":{"line":130,"column":58}},"20":{"start":{"line":165,"column":4},"end":{"line":170,"column":6}},"21":{"start":{"line":173,"column":18},"end":{"line":184,"column":1}},"22":{"start":{"line":174,"column":4},"end":{"line":183,"column":22}},"23":{"start":{"line":186,"column":31},"end":{"line":193,"column":1}},"24":{"start":{"line":187,"column":4},"end":{"line":192,"column":22}},"25":{"start":{"line":195,"column":21},"end":{"line":228,"column":1}},"26":{"start":{"line":196,"column":4},"end":{"line":227,"column":22}},"27":{"start":{"line":231,"column":4},"end":{"line":233,"column":6}},"28":{"start":{"line":237,"column":96},"end":{"line":237,"column":105}},"29":{"start":{"line":238,"column":23},"end":{"line":238,"column":38}},"30":{"start":{"line":241,"column":33},"end":{"line":241,"column":69}},"31":{"start":{"line":243,"column":33},"end":{"line":243,"column":41}},"32":{"start":{"line":244,"column":29},"end":{"line":244,"column":37}},"33":{"start":{"line":245,"column":24},"end":{"line":245,"column":37}},"34":{"start":{"line":247,"column":4},"end":{"line":283,"column":11}},"35":{"start":{"line":249,"column":8},"end":{"line":251,"column":11}},"36":{"start":{"line":250,"column":12},"end":{"line":250,"column":89}},"37":{"start":{"line":254,"column":8},"end":{"line":260,"column":11}},"38":{"start":{"line":255,"column":27},"end":{"line":255,"column":77}},"39":{"start":{"line":256,"column":12},"end":{"line":259,"column":13}},"40":{"start":{"line":257,"column":16},"end":{"line":257,"column":55}},"41":{"start":{"line":258,"column":16},"end":{"line":258,"column":44}},"42":{"start":{"line":264,"column":8},"end":{"line":273,"column":11}},"43":{"start":{"line":265,"column":12},"end":{"line":272,"column":13}},"44":{"start":{"line":266,"column":31},"end":{"line":266,"column":81}},"45":{"start":{"line":267,"column":16},"end":{"line":271,"column":17}},"46":{"start":{"line":268,"column":20},"end":{"line":268,"column":86}},"47":{"start":{"line":270,"column":20},"end":{"line":270,"column":71}},"48":{"start":{"line":270,"column":37},"end":{"line":270,"column":64}},"49":{"start":{"line":275,"column":8},"end":{"line":282,"column":10}},"50":{"start":{"line":276,"column":12},"end":{"line":278,"column":13}},"51":{"start":{"line":277,"column":16},"end":{"line":277,"column":54}},"52":{"start":{"line":279,"column":12},"end":{"line":281,"column":13}},"53":{"start":{"line":280,"column":16},"end":{"line":280,"column":50}},"54":{"start":{"line":286,"column":4},"end":{"line":319,"column":44}},"55":{"start":{"line":287,"column":35},"end":{"line":315,"column":9}},"56":{"start":{"line":288,"column":12},"end":{"line":314,"column":13}},"57":{"start":{"line":289,"column":16},"end":{"line":289,"column":43}},"58":{"start":{"line":291,"column":16},"end":{"line":313,"column":17}},"59":{"start":{"line":292,"column":59},"end":{"line":292,"column":100}},"60":{"start":{"line":295,"column":20},"end":{"line":300,"column":21}},"61":{"start":{"line":296,"column":24},"end":{"line":299,"column":27}},"62":{"start":{"line":303,"column":20},"end":{"line":310,"column":21}},"63":{"start":{"line":305,"column":24},"end":{"line":305,"column":61}},"64":{"start":{"line":306,"column":27},"end":{"line":310,"column":21}},"65":{"start":{"line":308,"column":37},"end":{"line":308,"column":129}},"66":{"start":{"line":309,"column":24},"end":{"line":309,"column":59}},"67":{"start":{"line":312,"column":20},"end":{"line":312,"column":76}},"68":{"start":{"line":317,"column":8},"end":{"line":317,"column":140}},"69":{"start":{"line":318,"column":8},"end":{"line":318,"column":29}},"70":{"start":{"line":321,"column":4},"end":{"line":321,"column":52}},"71":{"start":{"line":321,"column":25},"end":{"line":321,"column":52}},"72":{"start":{"line":322,"column":4},"end":{"line":322,"column":36}},"73":{"start":{"line":322,"column":15},"end":{"line":322,"column":36}},"74":{"start":{"line":325,"column":4},"end":{"line":325,"column":63}},"75":{"start":{"line":325,"column":29},"end":{"line":325,"column":63}},"76":{"start":{"line":328,"column":4},"end":{"line":335,"column":5}},"77":{"start":{"line":329,"column":8},"end":{"line":334,"column":10}},"78":{"start":{"line":337,"column":4},"end":{"line":361,"column":6}},"79":{"start":{"line":364,"column":15},"end":{"line":471,"column":2}}},"fnMap":{"0":{"name":"CustomTabBar","decl":{"start":{"line":62,"column":9},"end":{"line":62,"column":21}},"loc":{"start":{"line":62,"column":58},"end":{"line":97,"column":1}},"line":62},"1":{"name":"(anonymous_1)","decl":{"start":{"line":65,"column":30},"end":{"line":65,"column":31}},"loc":{"start":{"line":65,"column":48},"end":{"line":94,"column":13}},"line":65},"2":{"name":"(anonymous_2)","decl":{"start":{"line":69,"column":32},"end":{"line":69,"column":33}},"loc":{"start":{"line":69,"column":38},"end":{"line":78,"column":17}},"line":69},"3":{"name":"TabSlot","decl":{"start":{"line":99,"column":9},"end":{"line":99,"column":16}},"loc":{"start":{"line":99,"column":42},"end":{"line":125,"column":1}},"line":99},"4":{"name":"(anonymous_4)","decl":{"start":{"line":102,"column":14},"end":{"line":102,"column":15}},"loc":{"start":{"line":102,"column":20},"end":{"line":108,"column":5}},"line":102},"5":{"name":"PatientTabNavigator","decl":{"start":{"line":127,"column":9},"end":{"line":127,"column":28}},"loc":{"start":{"line":127,"column":31},"end":{"line":160,"column":1}},"line":127},"6":{"name":"(anonymous_6)","decl":{"start":{"line":130,"column":20},"end":{"line":130,"column":21}},"loc":{"start":{"line":130,"column":31},"end":{"line":130,"column":58}},"line":130},"7":{"name":"LoadingScreen","decl":{"start":{"line":164,"column":9},"end":{"line":164,"column":22}},"loc":{"start":{"line":164,"column":25},"end":{"line":171,"column":1}},"line":164},"8":{"name":"(anonymous_8)","decl":{"start":{"line":173,"column":18},"end":{"line":173,"column":19}},"loc":{"start":{"line":174,"column":4},"end":{"line":183,"column":22}},"line":174},"9":{"name":"(anonymous_9)","decl":{"start":{"line":186,"column":31},"end":{"line":186,"column":32}},"loc":{"start":{"line":187,"column":4},"end":{"line":192,"column":22}},"line":187},"10":{"name":"(anonymous_10)","decl":{"start":{"line":195,"column":21},"end":{"line":195,"column":22}},"loc":{"start":{"line":196,"column":4},"end":{"line":227,"column":22}},"line":196},"11":{"name":"AppSplashScreen","decl":{"start":{"line":230,"column":9},"end":{"line":230,"column":24}},"loc":{"start":{"line":230,"column":27},"end":{"line":234,"column":1}},"line":230},"12":{"name":"AppNavigator","decl":{"start":{"line":236,"column":24},"end":{"line":236,"column":36}},"loc":{"start":{"line":236,"column":39},"end":{"line":362,"column":1}},"line":236},"13":{"name":"(anonymous_13)","decl":{"start":{"line":247,"column":14},"end":{"line":247,"column":15}},"loc":{"start":{"line":247,"column":20},"end":{"line":283,"column":5}},"line":247},"14":{"name":"(anonymous_14)","decl":{"start":{"line":249,"column":85},"end":{"line":249,"column":86}},"loc":{"start":{"line":249,"column":101},"end":{"line":251,"column":9}},"line":249},"15":{"name":"(anonymous_15)","decl":{"start":{"line":254,"column":89},"end":{"line":254,"column":90}},"loc":{"start":{"line":254,"column":101},"end":{"line":260,"column":9}},"line":254},"16":{"name":"(anonymous_16)","decl":{"start":{"line":264,"column":62},"end":{"line":264,"column":63}},"loc":{"start":{"line":264,"column":74},"end":{"line":273,"column":9}},"line":264},"17":{"name":"(anonymous_17)","decl":{"start":{"line":270,"column":31},"end":{"line":270,"column":32}},"loc":{"start":{"line":270,"column":37},"end":{"line":270,"column":64}},"line":270},"18":{"name":"(anonymous_18)","decl":{"start":{"line":275,"column":15},"end":{"line":275,"column":16}},"loc":{"start":{"line":275,"column":21},"end":{"line":282,"column":9}},"line":275},"19":{"name":"(anonymous_19)","decl":{"start":{"line":286,"column":14},"end":{"line":286,"column":15}},"loc":{"start":{"line":286,"column":20},"end":{"line":319,"column":5}},"line":286},"20":{"name":"(anonymous_20)","decl":{"start":{"line":287,"column":35},"end":{"line":287,"column":36}},"loc":{"start":{"line":287,"column":47},"end":{"line":315,"column":9}},"line":287}},"branchMap":{"0":{"loc":{"start":{"line":75,"column":20},"end":{"line":77,"column":21}},"type":"if","locations":[{"start":{"line":75,"column":20},"end":{"line":77,"column":21}},{"start":{},"end":{}}],"line":75},"1":{"loc":{"start":{"line":75,"column":24},"end":{"line":75,"column":59}},"type":"binary-expr","locations":[{"start":{"line":75,"column":24},"end":{"line":75,"column":32}},{"start":{"line":75,"column":36},"end":{"line":75,"column":59}}],"line":75},"2":{"loc":{"start":{"line":100,"column":48},"end":{"line":100,"column":65}},"type":"cond-expr","locations":[{"start":{"line":100,"column":58},"end":{"line":100,"column":59}},{"start":{"line":100,"column":62},"end":{"line":100,"column":65}}],"line":100},"3":{"loc":{"start":{"line":104,"column":21},"end":{"line":104,"column":38}},"type":"cond-expr","locations":[{"start":{"line":104,"column":31},"end":{"line":104,"column":32}},{"start":{"line":104,"column":35},"end":{"line":104,"column":38}}],"line":104},"4":{"loc":{"start":{"line":114,"column":16},"end":{"line":114,"column":47}},"type":"binary-expr","locations":[{"start":{"line":114,"column":16},"end":{"line":114,"column":23}},{"start":{"line":114,"column":27},"end":{"line":114,"column":47}}],"line":114},"5":{"loc":{"start":{"line":119,"column":23},"end":{"line":119,"column":54}},"type":"cond-expr","locations":[{"start":{"line":119,"column":33},"end":{"line":119,"column":42}},{"start":{"line":119,"column":45},"end":{"line":119,"column":54}}],"line":119},"6":{"loc":{"start":{"line":121,"column":29},"end":{"line":121,"column":46}},"type":"cond-expr","locations":[{"start":{"line":121,"column":39},"end":{"line":121,"column":42}},{"start":{"line":121,"column":45},"end":{"line":121,"column":46}}],"line":121},"7":{"loc":{"start":{"line":256,"column":12},"end":{"line":259,"column":13}},"type":"if","locations":[{"start":{"line":256,"column":12},"end":{"line":259,"column":13}},{"start":{},"end":{}}],"line":256},"8":{"loc":{"start":{"line":265,"column":12},"end":{"line":272,"column":13}},"type":"if","locations":[{"start":{"line":265,"column":12},"end":{"line":272,"column":13}},{"start":{},"end":{}}],"line":265},"9":{"loc":{"start":{"line":267,"column":16},"end":{"line":271,"column":17}},"type":"if","locations":[{"start":{"line":267,"column":16},"end":{"line":271,"column":17}},{"start":{},"end":{}}],"line":267},"10":{"loc":{"start":{"line":276,"column":12},"end":{"line":278,"column":13}},"type":"if","locations":[{"start":{"line":276,"column":12},"end":{"line":278,"column":13}},{"start":{},"end":{}}],"line":276},"11":{"loc":{"start":{"line":279,"column":12},"end":{"line":281,"column":13}},"type":"if","locations":[{"start":{"line":279,"column":12},"end":{"line":281,"column":13}},{"start":{},"end":{}}],"line":279},"12":{"loc":{"start":{"line":288,"column":12},"end":{"line":314,"column":13}},"type":"if","locations":[{"start":{"line":288,"column":12},"end":{"line":314,"column":13}},{"start":{},"end":{}}],"line":288},"13":{"loc":{"start":{"line":288,"column":16},"end":{"line":288,"column":66}},"type":"binary-expr","locations":[{"start":{"line":288,"column":16},"end":{"line":288,"column":20}},{"start":{"line":288,"column":24},"end":{"line":288,"column":42}},{"start":{"line":288,"column":46},"end":{"line":288,"column":66}}],"line":288},"14":{"loc":{"start":{"line":295,"column":20},"end":{"line":300,"column":21}},"type":"if","locations":[{"start":{"line":295,"column":20},"end":{"line":300,"column":21}},{"start":{},"end":{}}],"line":295},"15":{"loc":{"start":{"line":303,"column":20},"end":{"line":310,"column":21}},"type":"if","locations":[{"start":{"line":303,"column":20},"end":{"line":310,"column":21}},{"start":{"line":306,"column":27},"end":{"line":310,"column":21}}],"line":303},"16":{"loc":{"start":{"line":306,"column":27},"end":{"line":310,"column":21}},"type":"if","locations":[{"start":{"line":306,"column":27},"end":{"line":310,"column":21}},{"start":{},"end":{}}],"line":306},"17":{"loc":{"start":{"line":308,"column":37},"end":{"line":308,"column":129}},"type":"binary-expr","locations":[{"start":{"line":308,"column":37},"end":{"line":308,"column":54}},{"start":{"line":308,"column":58},"end":{"line":308,"column":88}},{"start":{"line":308,"column":92},"end":{"line":308,"column":118}},{"start":{"line":308,"column":122},"end":{"line":308,"column":129}}],"line":308},"18":{"loc":{"start":{"line":321,"column":4},"end":{"line":321,"column":52}},"type":"if","locations":[{"start":{"line":321,"column":4},"end":{"line":321,"column":52}},{"start":{},"end":{}}],"line":321},"19":{"loc":{"start":{"line":322,"column":4},"end":{"line":322,"column":36}},"type":"if","locations":[{"start":{"line":322,"column":4},"end":{"line":322,"column":36}},{"start":{},"end":{}}],"line":322},"20":{"loc":{"start":{"line":325,"column":4},"end":{"line":325,"column":63}},"type":"if","locations":[{"start":{"line":325,"column":4},"end":{"line":325,"column":63}},{"start":{},"end":{}}],"line":325},"21":{"loc":{"start":{"line":328,"column":4},"end":{"line":335,"column":5}},"type":"if","locations":[{"start":{"line":328,"column":4},"end":{"line":335,"column":5}},{"start":{},"end":{}}],"line":328},"22":{"loc":{"start":{"line":341,"column":13},"end":{"line":359,"column":13}},"type":"binary-expr","locations":[{"start":{"line":341,"column":13},"end":{"line":341,"column":21}},{"start":{"line":342,"column":16},"end":{"line":358,"column":28}}],"line":341}},"s":{"0":2,"1":2,"2":2,"3":2,"4":2,"5":3,"6":15,"7":15,"8":15,"9":0,"10":0,"11":0,"12":15,"13":15,"14":15,"15":15,"16":15,"17":15,"18":3,"19":3,"20":0,"21":2,"22":1,"23":2,"24":2,"25":2,"26":3,"27":2,"28":12,"29":12,"30":12,"31":12,"32":12,"33":12,"34":12,"35":12,"36":0,"37":12,"38":0,"39":0,"40":0,"41":0,"42":12,"43":12,"44":0,"45":0,"46":0,"47":0,"48":0,"49":12,"50":12,"51":12,"52":12,"53":12,"54":12,"55":12,"56":12,"57":7,"58":7,"59":7,"60":7,"61":0,"62":7,"63":0,"64":7,"65":0,"66":0,"67":0,"68":12,"69":12,"70":12,"71":2,"72":10,"73":1,"74":9,"75":2,"76":7,"77":4,"78":3,"79":2},"f":{"0":3,"1":15,"2":0,"3":15,"4":15,"5":3,"6":3,"7":0,"8":1,"9":2,"10":3,"11":2,"12":12,"13":12,"14":0,"15":0,"16":12,"17":0,"18":12,"19":12,"20":12},"b":{"0":[0,0],"1":[0,0],"2":[3,12],"3":[3,12],"4":[15,3],"5":[3,12],"6":[3,12],"7":[0,0],"8":[0,12],"9":[0,0],"10":[12,0],"11":[12,0],"12":[7,5],"13":[12,9,7],"14":[0,7],"15":[0,7],"16":[0,7],"17":[0,0,0,0],"18":[2,10],"19":[1,9],"20":[2,7],"21":[4,3],"22":[3,0]},"_coverageSchema":"1a1c01bbd47fc00a2c39e90264f33305004495a9","hash":"2bddc456228ef0e4f97ff84bbeb4c9c4ae5e6c79"}
,"C:\\dev\\CareCoUsers\\users-mobile\\src\\screens\\auth\\MFAVerifyScreen.jsx": {"path":"C:\\dev\\CareCoUsers\\users-mobile\\src\\screens\\auth\\MFAVerifyScreen.jsx","statementMap":{"0":{"start":{"line":22,"column":48},"end":{"line":22,"column":66}},"1":{"start":{"line":23,"column":33},"end":{"line":23,"column":42}},"2":{"start":{"line":25,"column":28},"end":{"line":25,"column":40}},"3":{"start":{"line":26,"column":34},"end":{"line":26,"column":49}},"4":{"start":{"line":27,"column":30},"end":{"line":27,"column":42}},"5":{"start":{"line":28,"column":42},"end":{"line":28,"column":57}},"6":{"start":{"line":29,"column":21},"end":{"line":29,"column":33}},"7":{"start":{"line":31,"column":25},"end":{"line":63,"column":81}},"8":{"start":{"line":32,"column":24},"end":{"line":32,"column":35}},"9":{"start":{"line":33,"column":8},"end":{"line":36,"column":9}},"10":{"start":{"line":34,"column":12},"end":{"line":34,"column":45}},"11":{"start":{"line":35,"column":12},"end":{"line":35,"column":19}},"12":{"start":{"line":37,"column":8},"end":{"line":40,"column":9}},"13":{"start":{"line":38,"column":12},"end":{"line":38,"column":59}},"14":{"start":{"line":39,"column":12},"end":{"line":39,"column":19}},"15":{"start":{"line":42,"column":8},"end":{"line":42,"column":25}},"16":{"start":{"line":43,"column":8},"end":{"line":43,"column":21}},"17":{"start":{"line":44,"column":8},"end":{"line":62,"column":9}},"18":{"start":{"line":45,"column":24},"end":{"line":45,"column":74}},"19":{"start":{"line":46,"column":41},"end":{"line":46,"column":49}},"20":{"start":{"line":49,"column":12},"end":{"line":49,"column":69}},"21":{"start":{"line":51,"column":24},"end":{"line":51,"column":74}},"22":{"start":{"line":52,"column":28},"end":{"line":52,"column":52}},"23":{"start":{"line":53,"column":12},"end":{"line":59,"column":13}},"24":{"start":{"line":54,"column":16},"end":{"line":54,"column":66}},"25":{"start":{"line":56,"column":16},"end":{"line":56,"column":68}},"26":{"start":{"line":56,"column":33},"end":{"line":56,"column":60}},"27":{"start":{"line":58,"column":16},"end":{"line":58,"column":30}},"28":{"start":{"line":61,"column":12},"end":{"line":61,"column":30}},"29":{"start":{"line":65,"column":4},"end":{"line":141,"column":6}},"30":{"start":{"line":72,"column":76},"end":{"line":72,"column":95}},"31":{"start":{"line":96,"column":28},"end":{"line":100,"column":29}},"32":{"start":{"line":97,"column":32},"end":{"line":97,"column":83}},"33":{"start":{"line":99,"column":32},"end":{"line":99,"column":66}},"34":{"start":{"line":101,"column":28},"end":{"line":101,"column":41}},"35":{"start":{"line":127,"column":28},"end":{"line":127,"column":57}},"36":{"start":{"line":128,"column":28},"end":{"line":128,"column":40}},"37":{"start":{"line":129,"column":28},"end":{"line":129,"column":41}},"38":{"start":{"line":144,"column":15},"end":{"line":160,"column":2}}},"fnMap":{"0":{"name":"MFAVerifyScreen","decl":{"start":{"line":21,"column":24},"end":{"line":21,"column":39}},"loc":{"start":{"line":21,"column":63},"end":{"line":142,"column":1}},"line":21},"1":{"name":"(anonymous_1)","decl":{"start":{"line":31,"column":37},"end":{"line":31,"column":38}},"loc":{"start":{"line":31,"column":49},"end":{"line":63,"column":5}},"line":31},"2":{"name":"(anonymous_2)","decl":{"start":{"line":56,"column":27},"end":{"line":56,"column":28}},"loc":{"start":{"line":56,"column":33},"end":{"line":56,"column":60}},"line":56},"3":{"name":"(anonymous_3)","decl":{"start":{"line":72,"column":70},"end":{"line":72,"column":71}},"loc":{"start":{"line":72,"column":76},"end":{"line":72,"column":95}},"line":72},"4":{"name":"(anonymous_4)","decl":{"start":{"line":95,"column":38},"end":{"line":95,"column":39}},"loc":{"start":{"line":95,"column":45},"end":{"line":102,"column":25}},"line":95},"5":{"name":"(anonymous_5)","decl":{"start":{"line":126,"column":33},"end":{"line":126,"column":34}},"loc":{"start":{"line":126,"column":39},"end":{"line":130,"column":25}},"line":126}},"branchMap":{"0":{"loc":{"start":{"line":22,"column":48},"end":{"line":22,"column":66}},"type":"binary-expr","locations":[{"start":{"line":22,"column":48},"end":{"line":22,"column":60}},{"start":{"line":22,"column":64},"end":{"line":22,"column":66}}],"line":22},"1":{"loc":{"start":{"line":33,"column":8},"end":{"line":36,"column":9}},"type":"if","locations":[{"start":{"line":33,"column":8},"end":{"line":36,"column":9}},{"start":{},"end":{}}],"line":33},"2":{"loc":{"start":{"line":33,"column":12},"end":{"line":33,"column":48}},"type":"binary-expr","locations":[{"start":{"line":33,"column":12},"end":{"line":33,"column":24}},{"start":{"line":33,"column":28},"end":{"line":33,"column":48}}],"line":33},"3":{"loc":{"start":{"line":37,"column":8},"end":{"line":40,"column":9}},"type":"if","locations":[{"start":{"line":37,"column":8},"end":{"line":40,"column":9}},{"start":{},"end":{}}],"line":37},"4":{"loc":{"start":{"line":37,"column":12},"end":{"line":37,"column":47}},"type":"binary-expr","locations":[{"start":{"line":37,"column":12},"end":{"line":37,"column":23}},{"start":{"line":37,"column":27},"end":{"line":37,"column":47}}],"line":37},"5":{"loc":{"start":{"line":49,"column":44},"end":{"line":49,"column":67}},"type":"binary-expr","locations":[{"start":{"line":49,"column":44},"end":{"line":49,"column":51}},{"start":{"line":49,"column":55},"end":{"line":49,"column":67}}],"line":49},"6":{"loc":{"start":{"line":51,"column":24},"end":{"line":51,"column":74}},"type":"binary-expr","locations":[{"start":{"line":51,"column":24},"end":{"line":51,"column":49}},{"start":{"line":51,"column":53},"end":{"line":51,"column":74}}],"line":51},"7":{"loc":{"start":{"line":53,"column":12},"end":{"line":59,"column":13}},"type":"if","locations":[{"start":{"line":53,"column":12},"end":{"line":59,"column":13}},{"start":{"line":57,"column":19},"end":{"line":59,"column":13}}],"line":53},"8":{"loc":{"start":{"line":68,"column":26},"end":{"line":68,"column":70}},"type":"cond-expr","locations":[{"start":{"line":68,"column":50},"end":{"line":68,"column":59}},{"start":{"line":68,"column":62},"end":{"line":68,"column":70}}],"line":68},"9":{"loc":{"start":{"line":84,"column":25},"end":{"line":86,"column":82}},"type":"cond-expr","locations":[{"start":{"line":85,"column":30},"end":{"line":85,"column":64}},{"start":{"line":86,"column":30},"end":{"line":86,"column":82}}],"line":84},"10":{"loc":{"start":{"line":89,"column":21},"end":{"line":89,"column":77}},"type":"cond-expr","locations":[{"start":{"line":89,"column":29},"end":{"line":89,"column":70}},{"start":{"line":89,"column":73},"end":{"line":89,"column":77}}],"line":89},"11":{"loc":{"start":{"line":96,"column":28},"end":{"line":100,"column":29}},"type":"if","locations":[{"start":{"line":96,"column":28},"end":{"line":100,"column":29}},{"start":{"line":98,"column":35},"end":{"line":100,"column":29}}],"line":96},"12":{"loc":{"start":{"line":103,"column":37},"end":{"line":103,"column":72}},"type":"cond-expr","locations":[{"start":{"line":103,"column":51},"end":{"line":103,"column":61}},{"start":{"line":103,"column":64},"end":{"line":103,"column":72}}],"line":103},"13":{"loc":{"start":{"line":105,"column":38},"end":{"line":105,"column":76}},"type":"cond-expr","locations":[{"start":{"line":105,"column":52},"end":{"line":105,"column":61}},{"start":{"line":105,"column":64},"end":{"line":105,"column":76}}],"line":105},"14":{"loc":{"start":{"line":106,"column":35},"end":{"line":106,"column":54}},"type":"cond-expr","locations":[{"start":{"line":106,"column":49},"end":{"line":106,"column":50}},{"start":{"line":106,"column":53},"end":{"line":106,"column":54}}],"line":106},"15":{"loc":{"start":{"line":113,"column":44},"end":{"line":113,"column":73}},"type":"binary-expr","locations":[{"start":{"line":113,"column":44},"end":{"line":113,"column":51}},{"start":{"line":113,"column":55},"end":{"line":113,"column":73}}],"line":113},"16":{"loc":{"start":{"line":117,"column":25},"end":{"line":121,"column":25}},"type":"cond-expr","locations":[{"start":{"line":118,"column":28},"end":{"line":118,"column":62}},{"start":{"line":120,"column":28},"end":{"line":120,"column":70}}],"line":117},"17":{"loc":{"start":{"line":133,"column":29},"end":{"line":135,"column":55}},"type":"cond-expr","locations":[{"start":{"line":134,"column":34},"end":{"line":134,"column":66}},{"start":{"line":135,"column":34},"end":{"line":135,"column":55}}],"line":133}},"s":{"0":0,"1":0,"2":0,"3":0,"4":0,"5":0,"6":0,"7":0,"8":0,"9":0,"10":0,"11":0,"12":0,"13":0,"14":0,"15":0,"16":0,"17":0,"18":0,"19":0,"20":0,"21":0,"22":0,"23":0,"24":0,"25":0,"26":0,"27":0,"28":0,"29":0,"30":0,"31":0,"32":0,"33":0,"34":0,"35":0,"36":0,"37":0,"38":2},"f":{"0":0,"1":0,"2":0,"3":0,"4":0,"5":0},"b":{"0":[0,0],"1":[0,0],"2":[0,0],"3":[0,0],"4":[0,0],"5":[0,0],"6":[0,0],"7":[0,0],"8":[0,0],"9":[0,0],"10":[0,0],"11":[0,0],"12":[0,0],"13":[0,0],"14":[0,0],"15":[0,0],"16":[0,0],"17":[0,0]},"_coverageSchema":"1a1c01bbd47fc00a2c39e90264f33305004495a9","hash":"bc56ae3acb7ca067ce20b2cd7271449ca670e641"}
,"C:\\dev\\CareCoUsers\\users-mobile\\src\\screens\\settings\\MFASetupScreen.jsx": {"path":"C:\\dev\\CareCoUsers\\users-mobile\\src\\screens\\settings\\MFASetupScreen.jsx","statementMap":{"0":{"start":{"line":23,"column":28},"end":{"line":23,"column":47}},"1":{"start":{"line":24,"column":32},"end":{"line":24,"column":46}},"2":{"start":{"line":25,"column":38},"end":{"line":25,"column":50}},"3":{"start":{"line":26,"column":46},"end":{"line":26,"column":58}},"4":{"start":{"line":27,"column":28},"end":{"line":27,"column":40}},"5":{"start":{"line":28,"column":34},"end":{"line":28,"column":49}},"6":{"start":{"line":29,"column":30},"end":{"line":29,"column":42}},"7":{"start":{"line":32,"column":4},"end":{"line":34,"column":11}},"8":{"start":{"line":33,"column":8},"end":{"line":33,"column":21}},"9":{"start":{"line":36,"column":23},"end":{"line":49,"column":10}},"10":{"start":{"line":37,"column":8},"end":{"line":37,"column":27}},"11":{"start":{"line":38,"column":8},"end":{"line":38,"column":21}},"12":{"start":{"line":39,"column":8},"end":{"line":48,"column":9}},"13":{"start":{"line":40,"column":24},"end":{"line":40,"column":56}},"14":{"start":{"line":41,"column":12},"end":{"line":41,"column":39}},"15":{"start":{"line":42,"column":12},"end":{"line":42,"column":42}},"16":{"start":{"line":43,"column":12},"end":{"line":43,"column":26}},"17":{"start":{"line":45,"column":24},"end":{"line":45,"column":80}},"18":{"start":{"line":46,"column":12},"end":{"line":46,"column":26}},"19":{"start":{"line":47,"column":12},"end":{"line":47,"column":26}},"20":{"start":{"line":51,"column":23},"end":{"line":56,"column":19}},"21":{"start":{"line":52,"column":8},"end":{"line":55,"column":18}},"22":{"start":{"line":53,"column":12},"end":{"line":53,"column":54}},"23":{"start":{"line":54,"column":12},"end":{"line":54,"column":68}},"24":{"start":{"line":58,"column":23},"end":{"line":74,"column":14}},"25":{"start":{"line":59,"column":8},"end":{"line":62,"column":9}},"26":{"start":{"line":60,"column":12},"end":{"line":60,"column":45}},"27":{"start":{"line":61,"column":12},"end":{"line":61,"column":19}},"28":{"start":{"line":63,"column":8},"end":{"line":63,"column":25}},"29":{"start":{"line":64,"column":8},"end":{"line":64,"column":21}},"30":{"start":{"line":65,"column":8},"end":{"line":73,"column":9}},"31":{"start":{"line":66,"column":24},"end":{"line":66,"column":66}},"32":{"start":{"line":67,"column":12},"end":{"line":67,"column":59}},"33":{"start":{"line":68,"column":12},"end":{"line":68,"column":28}},"34":{"start":{"line":70,"column":12},"end":{"line":70,"column":78}},"35":{"start":{"line":72,"column":12},"end":{"line":72,"column":30}},"36":{"start":{"line":76,"column":30},"end":{"line":81,"column":23}},"37":{"start":{"line":77,"column":8},"end":{"line":80,"column":18}},"38":{"start":{"line":78,"column":12},"end":{"line":78,"column":69}},"39":{"start":{"line":79,"column":12},"end":{"line":79,"column":92}},"40":{"start":{"line":83,"column":4},"end":{"line":181,"column":6}},"41":{"start":{"line":87,"column":72},"end":{"line":87,"column":91}},"42":{"start":{"line":127,"column":49},"end":{"line":127,"column":82}},"43":{"start":{"line":162,"column":32},"end":{"line":162,"column":80}},"44":{"start":{"line":173,"column":43},"end":{"line":173,"column":62}},"45":{"start":{"line":184,"column":15},"end":{"line":209,"column":2}}},"fnMap":{"0":{"name":"MFASetupScreen","decl":{"start":{"line":22,"column":24},"end":{"line":22,"column":38}},"loc":{"start":{"line":22,"column":55},"end":{"line":182,"column":1}},"line":22},"1":{"name":"(anonymous_1)","decl":{"start":{"line":32,"column":20},"end":{"line":32,"column":21}},"loc":{"start":{"line":32,"column":26},"end":{"line":34,"column":5}},"line":32},"2":{"name":"(anonymous_2)","decl":{"start":{"line":36,"column":35},"end":{"line":36,"column":36}},"loc":{"start":{"line":36,"column":47},"end":{"line":49,"column":5}},"line":36},"3":{"name":"(anonymous_3)","decl":{"start":{"line":51,"column":35},"end":{"line":51,"column":36}},"loc":{"start":{"line":51,"column":47},"end":{"line":56,"column":5}},"line":51},"4":{"name":"(anonymous_4)","decl":{"start":{"line":58,"column":35},"end":{"line":58,"column":36}},"loc":{"start":{"line":58,"column":47},"end":{"line":74,"column":5}},"line":58},"5":{"name":"(anonymous_5)","decl":{"start":{"line":76,"column":42},"end":{"line":76,"column":43}},"loc":{"start":{"line":76,"column":54},"end":{"line":81,"column":5}},"line":76},"6":{"name":"(anonymous_6)","decl":{"start":{"line":87,"column":66},"end":{"line":87,"column":67}},"loc":{"start":{"line":87,"column":72},"end":{"line":87,"column":91}},"line":87},"7":{"name":"(anonymous_7)","decl":{"start":{"line":127,"column":42},"end":{"line":127,"column":43}},"loc":{"start":{"line":127,"column":49},"end":{"line":127,"column":82}},"line":127},"8":{"name":"(anonymous_8)","decl":{"start":{"line":161,"column":47},"end":{"line":161,"column":48}},"loc":{"start":{"line":162,"column":32},"end":{"line":162,"column":80}},"line":162},"9":{"name":"(anonymous_9)","decl":{"start":{"line":173,"column":37},"end":{"line":173,"column":38}},"loc":{"start":{"line":173,"column":43},"end":{"line":173,"column":62}},"line":173}},"branchMap":{"0":{"loc":{"start":{"line":45,"column":24},"end":{"line":45,"column":80}},"type":"binary-expr","locations":[{"start":{"line":45,"column":24},"end":{"line":45,"column":49}},{"start":{"line":45,"column":53},"end":{"line":45,"column":80}}],"line":45},"1":{"loc":{"start":{"line":59,"column":8},"end":{"line":62,"column":9}},"type":"if","locations":[{"start":{"line":59,"column":8},"end":{"line":62,"column":9}},{"start":{},"end":{}}],"line":59},"2":{"loc":{"start":{"line":67,"column":29},"end":{"line":67,"column":57}},"type":"binary-expr","locations":[{"start":{"line":67,"column":29},"end":{"line":67,"column":51}},{"start":{"line":67,"column":55},"end":{"line":67,"column":57}}],"line":67},"3":{"loc":{"start":{"line":70,"column":21},"end":{"line":70,"column":76}},"type":"binary-expr","locations":[{"start":{"line":70,"column":21},"end":{"line":70,"column":46}},{"start":{"line":70,"column":50},"end":{"line":70,"column":76}}],"line":70},"4":{"loc":{"start":{"line":95,"column":21},"end":{"line":95,"column":90}},"type":"cond-expr","locations":[{"start":{"line":95,"column":39},"end":{"line":95,"column":53}},{"start":{"line":95,"column":56},"end":{"line":95,"column":90}}],"line":95},"5":{"loc":{"start":{"line":98,"column":21},"end":{"line":100,"column":108}},"type":"cond-expr","locations":[{"start":{"line":99,"column":26},"end":{"line":99,"column":68}},{"start":{"line":100,"column":26},"end":{"line":100,"column":108}}],"line":98},"6":{"loc":{"start":{"line":103,"column":17},"end":{"line":103,"column":73}},"type":"cond-expr","locations":[{"start":{"line":103,"column":25},"end":{"line":103,"column":66}},{"start":{"line":103,"column":69},"end":{"line":103,"column":73}}],"line":103},"7":{"loc":{"start":{"line":106,"column":17},"end":{"line":108,"column":17}},"type":"binary-expr","locations":[{"start":{"line":106,"column":17},"end":{"line":106,"column":35}},{"start":{"line":107,"column":20},"end":{"line":107,"column":96}}],"line":106},"8":{"loc":{"start":{"line":111,"column":17},"end":{"line":147,"column":17}},"type":"binary-expr","locations":[{"start":{"line":111,"column":17},"end":{"line":111,"column":30}},{"start":{"line":111,"column":34},"end":{"line":111,"column":40}},{"start":{"line":112,"column":20},"end":{"line":146,"column":27}}],"line":111},"9":{"loc":{"start":{"line":136,"column":48},"end":{"line":136,"column":87}},"type":"binary-expr","locations":[{"start":{"line":136,"column":48},"end":{"line":136,"column":65}},{"start":{"line":136,"column":69},"end":{"line":136,"column":87}}],"line":136},"10":{"loc":{"start":{"line":138,"column":38},"end":{"line":138,"column":66}},"type":"binary-expr","locations":[{"start":{"line":138,"column":38},"end":{"line":138,"column":45}},{"start":{"line":138,"column":49},"end":{"line":138,"column":66}}],"line":138},"11":{"loc":{"start":{"line":140,"column":29},"end":{"line":144,"column":29}},"type":"cond-expr","locations":[{"start":{"line":141,"column":32},"end":{"line":141,"column":66}},{"start":{"line":143,"column":32},"end":{"line":143,"column":83}}],"line":140},"12":{"loc":{"start":{"line":150,"column":17},"end":{"line":178,"column":17}},"type":"binary-expr","locations":[{"start":{"line":150,"column":17},"end":{"line":150,"column":32}},{"start":{"line":151,"column":20},"end":{"line":177,"column":27}}],"line":150},"13":{"loc":{"start":{"line":197,"column":62},"end":{"line":197,"column":107}},"type":"cond-expr","locations":[{"start":{"line":197,"column":86},"end":{"line":197,"column":93}},{"start":{"line":197,"column":96},"end":{"line":197,"column":107}}],"line":197},"14":{"loc":{"start":{"line":206,"column":60},"end":{"line":206,"column":105}},"type":"cond-expr","locations":[{"start":{"line":206,"column":84},"end":{"line":206,"column":91}},{"start":{"line":206,"column":94},"end":{"line":206,"column":105}}],"line":206}},"s":{"0":0,"1":0,"2":0,"3":0,"4":0,"5":0,"6":0,"7":0,"8":0,"9":0,"10":0,"11":0,"12":0,"13":0,"14":0,"15":0,"16":0,"17":0,"18":0,"19":0,"20":0,"21":0,"22":0,"23":0,"24":0,"25":0,"26":0,"27":0,"28":0,"29":0,"30":0,"31":0,"32":0,"33":0,"34":0,"35":0,"36":0,"37":0,"38":0,"39":0,"40":0,"41":0,"42":0,"43":0,"44":0,"45":2},"f":{"0":0,"1":0,"2":0,"3":0,"4":0,"5":0,"6":0,"7":0,"8":0,"9":0},"b":{"0":[0,0],"1":[0,0],"2":[0,0],"3":[0,0],"4":[0,0],"5":[0,0],"6":[0,0],"7":[0,0],"8":[0,0,0],"9":[0,0],"10":[0,0],"11":[0,0],"12":[0,0],"13":[2,0],"14":[2,0]},"_coverageSchema":"1a1c01bbd47fc00a2c39e90264f33305004495a9","hash":"35bcfc927978676924934bba4e6244eba10ba6dc"}
,"C:\\dev\\CareCoUsers\\users-mobile\\src\\theme\\index.js": {"path":"C:\\dev\\CareCoUsers\\users-mobile\\src\\theme\\index.js","statementMap":{"0":{"start":{"line":7,"column":22},"end":{"line":54,"column":1}},"1":{"start":{"line":56,"column":26},"end":{"line":72,"column":1}},"2":{"start":{"line":74,"column":22},"end":{"line":84,"column":1}},"3":{"start":{"line":86,"column":23},"end":{"line":96,"column":1}},"4":{"start":{"line":98,"column":23},"end":{"line":127,"column":1}},"5":{"start":{"line":130,"column":25},"end":{"line":135,"column":1}},"6":{"start":{"line":137,"column":30},"end":{"line":137,"column":65}}},"fnMap":{},"branchMap":{},"s":{"0":2,"1":2,"2":2,"3":2,"4":2,"5":2,"6":2},"f":{},"b":{},"_coverageSchema":"1a1c01bbd47fc00a2c39e90264f33305004495a9","hash":"f0d9fff48b0ba90aae9f79b8d9c23df5dfa67c0d"}
,"C:\\dev\\CareCoUsers\\users-mobile\\src\\utils\\authUtils.js": {"path":"C:\\dev\\CareCoUsers\\users-mobile\\src\\utils\\authUtils.js","statementMap":{"0":{"start":{"line":7,"column":31},"end":{"line":11,"column":1}},"1":{"start":{"line":8,"column":4},"end":{"line":8,"column":42}},"2":{"start":{"line":8,"column":26},"end":{"line":8,"column":42}},"3":{"start":{"line":9,"column":4},"end":{"line":9,"column":89}},"4":{"start":{"line":9,"column":72},"end":{"line":9,"column":89}},"5":{"start":{"line":10,"column":4},"end":{"line":10,"column":18}},"6":{"start":{"line":13,"column":37},"end":{"line":19,"column":1}},"7":{"start":{"line":14,"column":4},"end":{"line":14,"column":39}},"8":{"start":{"line":14,"column":30},"end":{"line":14,"column":39}},"9":{"start":{"line":15,"column":4},"end":{"line":15,"column":51}},"10":{"start":{"line":15,"column":42},"end":{"line":15,"column":51}},"11":{"start":{"line":16,"column":4},"end":{"line":16,"column":47}},"12":{"start":{"line":16,"column":38},"end":{"line":16,"column":47}},"13":{"start":{"line":17,"column":4},"end":{"line":17,"column":76}},"14":{"start":{"line":17,"column":67},"end":{"line":17,"column":76}},"15":{"start":{"line":18,"column":4},"end":{"line":18,"column":16}},"16":{"start":{"line":21,"column":33},"end":{"line":23,"column":1}},"17":{"start":{"line":22,"column":4},"end":{"line":22,"column":83}}},"fnMap":{"0":{"name":"(anonymous_0)","decl":{"start":{"line":7,"column":31},"end":{"line":7,"column":32}},"loc":{"start":{"line":7,"column":40},"end":{"line":11,"column":1}},"line":7},"1":{"name":"(anonymous_1)","decl":{"start":{"line":13,"column":37},"end":{"line":13,"column":38}},"loc":{"start":{"line":13,"column":59},"end":{"line":19,"column":1}},"line":13},"2":{"name":"(anonymous_2)","decl":{"start":{"line":21,"column":33},"end":{"line":21,"column":34}},"loc":{"start":{"line":21,"column":56},"end":{"line":23,"column":1}},"line":21}},"branchMap":{"0":{"loc":{"start":{"line":8,"column":4},"end":{"line":8,"column":42}},"type":"if","locations":[{"start":{"line":8,"column":4},"end":{"line":8,"column":42}},{"start":{},"end":{}}],"line":8},"1":{"loc":{"start":{"line":9,"column":4},"end":{"line":9,"column":89}},"type":"if","locations":[{"start":{"line":9,"column":4},"end":{"line":9,"column":89}},{"start":{},"end":{}}],"line":9},"2":{"loc":{"start":{"line":9,"column":8},"end":{"line":9,"column":70}},"type":"binary-expr","locations":[{"start":{"line":9,"column":8},"end":{"line":9,"column":25}},{"start":{"line":9,"column":29},"end":{"line":9,"column":47}},{"start":{"line":9,"column":51},"end":{"line":9,"column":70}}],"line":9},"3":{"loc":{"start":{"line":14,"column":4},"end":{"line":14,"column":39}},"type":"if","locations":[{"start":{"line":14,"column":4},"end":{"line":14,"column":39}},{"start":{},"end":{}}],"line":14},"4":{"loc":{"start":{"line":14,"column":8},"end":{"line":14,"column":28}},"type":"binary-expr","locations":[{"start":{"line":14,"column":8},"end":{"line":14,"column":16}},{"start":{"line":14,"column":20},"end":{"line":14,"column":28}}],"line":14},"5":{"loc":{"start":{"line":15,"column":4},"end":{"line":15,"column":51}},"type":"if","locations":[{"start":{"line":15,"column":4},"end":{"line":15,"column":51}},{"start":{},"end":{}}],"line":15},"6":{"loc":{"start":{"line":15,"column":8},"end":{"line":15,"column":40}},"type":"binary-expr","locations":[{"start":{"line":15,"column":8},"end":{"line":15,"column":22}},{"start":{"line":15,"column":26},"end":{"line":15,"column":40}}],"line":15},"7":{"loc":{"start":{"line":16,"column":4},"end":{"line":16,"column":47}},"type":"if","locations":[{"start":{"line":16,"column":4},"end":{"line":16,"column":47}},{"start":{},"end":{}}],"line":16},"8":{"loc":{"start":{"line":17,"column":4},"end":{"line":17,"column":76}},"type":"if","locations":[{"start":{"line":17,"column":4},"end":{"line":17,"column":76}},{"start":{},"end":{}}],"line":17},"9":{"loc":{"start":{"line":22,"column":11},"end":{"line":22,"column":82}},"type":"binary-expr","locations":[{"start":{"line":22,"column":11},"end":{"line":22,"column":29}},{"start":{"line":22,"column":34},"end":{"line":22,"column":81}}],"line":22}},"s":{"0":2,"1":28,"2":4,"3":24,"4":10,"5":14,"6":2,"7":22,"8":3,"9":19,"10":5,"11":14,"12":4,"13":10,"14":4,"15":6,"16":2,"17":6},"f":{"0":28,"1":22,"2":6},"b":{"0":[4,24],"1":[10,14],"2":[24,20,17],"3":[3,19],"4":[22,4],"5":[5,14],"6":[19,5],"7":[4,10],"8":[4,6],"9":[6,4]},"_coverageSchema":"1a1c01bbd47fc00a2c39e90264f33305004495a9","hash":"08012a2440fa2f3dd435ed9909860aab50a08ff0"}
,"C:\\dev\\CareCoUsers\\users-mobile\\src\\utils\\notifications.js": {"path":"C:\\dev\\CareCoUsers\\users-mobile\\src\\utils\\notifications.js","statementMap":{"0":{"start":{"line":10,"column":0},"end":{"line":17,"column":3}},"1":{"start":{"line":11,"column":37},"end":{"line":16,"column":5}},"2":{"start":{"line":28,"column":4},"end":{"line":31,"column":5}},"3":{"start":{"line":29,"column":8},"end":{"line":29,"column":69}},"4":{"start":{"line":30,"column":8},"end":{"line":30,"column":66}},"5":{"start":{"line":34,"column":39},"end":{"line":34,"column":80}},"6":{"start":{"line":35,"column":22},"end":{"line":35,"column":36}},"7":{"start":{"line":36,"column":21},"end":{"line":36,"column":26}},"8":{"start":{"line":39,"column":4},"end":{"line":45,"column":5}},"9":{"start":{"line":40,"column":27},"end":{"line":40,"column":72}},"10":{"start":{"line":41,"column":8},"end":{"line":41,"column":29}},"11":{"start":{"line":42,"column":8},"end":{"line":44,"column":9}},"12":{"start":{"line":43,"column":12},"end":{"line":43,"column":30}},"13":{"start":{"line":47,"column":4},"end":{"line":53,"column":5}},"14":{"start":{"line":48,"column":8},"end":{"line":51,"column":10}},"15":{"start":{"line":52,"column":8},"end":{"line":52,"column":66}},"16":{"start":{"line":56,"column":4},"end":{"line":64,"column":5}},"17":{"start":{"line":57,"column":8},"end":{"line":63,"column":11}},"18":{"start":{"line":67,"column":4},"end":{"line":89,"column":5}},"19":{"start":{"line":69,"column":12},"end":{"line":71,"column":50}},"20":{"start":{"line":73,"column":8},"end":{"line":73,"column":66}},"21":{"start":{"line":75,"column":26},"end":{"line":75,"column":82}},"22":{"start":{"line":76,"column":8},"end":{"line":76,"column":56}},"23":{"start":{"line":77,"column":8},"end":{"line":77,"column":68}},"24":{"start":{"line":79,"column":8},"end":{"line":79,"column":84}},"25":{"start":{"line":81,"column":8},"end":{"line":88,"column":9}},"26":{"start":{"line":82,"column":32},"end":{"line":82,"column":77}},"27":{"start":{"line":83,"column":12},"end":{"line":83,"column":64}},"28":{"start":{"line":84,"column":12},"end":{"line":84,"column":74}},"29":{"start":{"line":86,"column":12},"end":{"line":86,"column":75}},"30":{"start":{"line":87,"column":12},"end":{"line":87,"column":62}},"31":{"start":{"line":96,"column":4},"end":{"line":109,"column":5}},"32":{"start":{"line":97,"column":8},"end":{"line":105,"column":11}},"33":{"start":{"line":106,"column":8},"end":{"line":106,"column":68}},"34":{"start":{"line":108,"column":8},"end":{"line":108,"column":79}},"35":{"start":{"line":112,"column":20},"end":{"line":112,"column":48}},"36":{"start":{"line":120,"column":4},"end":{"line":156,"column":5}},"37":{"start":{"line":122,"column":8},"end":{"line":126,"column":9}},"38":{"start":{"line":123,"column":26},"end":{"line":123,"column":51}},"39":{"start":{"line":124,"column":32},"end":{"line":124,"column":71}},"40":{"start":{"line":125,"column":12},"end":{"line":125,"column":46}},"41":{"start":{"line":125,"column":39},"end":{"line":125,"column":46}},"42":{"start":{"line":129,"column":27},"end":{"line":129,"column":68}},"43":{"start":{"line":130,"column":8},"end":{"line":130,"column":41}},"44":{"start":{"line":130,"column":34},"end":{"line":130,"column":41}},"45":{"start":{"line":133,"column":21},"end":{"line":133,"column":42}},"46":{"start":{"line":134,"column":23},"end":{"line":134,"column":37}},"47":{"start":{"line":135,"column":8},"end":{"line":136,"column":55}},"48":{"start":{"line":135,"column":37},"end":{"line":135,"column":65}},"49":{"start":{"line":136,"column":13},"end":{"line":136,"column":55}},"50":{"start":{"line":136,"column":29},"end":{"line":136,"column":55}},"51":{"start":{"line":138,"column":26},"end":{"line":138,"column":48}},"52":{"start":{"line":141,"column":8},"end":{"line":149,"column":11}},"53":{"start":{"line":152,"column":8},"end":{"line":152,"column":75}},"54":{"start":{"line":153,"column":8},"end":{"line":153,"column":56}},"55":{"start":{"line":155,"column":8},"end":{"line":155,"column":67}},"56":{"start":{"line":159,"column":25},"end":{"line":159,"column":51}},"57":{"start":{"line":169,"column":4},"end":{"line":244,"column":5}},"58":{"start":{"line":171,"column":22},"end":{"line":171,"column":47}},"59":{"start":{"line":172,"column":30},"end":{"line":172,"column":74}},"60":{"start":{"line":173,"column":8},"end":{"line":173,"column":44}},"61":{"start":{"line":173,"column":37},"end":{"line":173,"column":44}},"62":{"start":{"line":175,"column":27},"end":{"line":175,"column":68}},"63":{"start":{"line":176,"column":8},"end":{"line":176,"column":41}},"64":{"start":{"line":176,"column":34},"end":{"line":176,"column":41}},"65":{"start":{"line":179,"column":26},"end":{"line":179,"column":81}},"66":{"start":{"line":180,"column":8},"end":{"line":184,"column":9}},"67":{"start":{"line":181,"column":12},"end":{"line":183,"column":13}},"68":{"start":{"line":182,"column":16},"end":{"line":182,"column":87}},"69":{"start":{"line":186,"column":20},"end":{"line":186,"column":30}},"70":{"start":{"line":187,"column":29},"end":{"line":187,"column":85}},"71":{"start":{"line":190,"column":25},"end":{"line":190,"column":27}},"72":{"start":{"line":192,"column":8},"end":{"line":205,"column":9}},"73":{"start":{"line":193,"column":12},"end":{"line":193,"column":36}},"74":{"start":{"line":193,"column":27},"end":{"line":193,"column":36}},"75":{"start":{"line":195,"column":28},"end":{"line":195,"column":59}},"76":{"start":{"line":196,"column":29},"end":{"line":196,"column":79}},"77":{"start":{"line":198,"column":12},"end":{"line":203,"column":13}},"78":{"start":{"line":199,"column":16},"end":{"line":202,"column":18}},"79":{"start":{"line":204,"column":12},"end":{"line":204,"column":61}},"80":{"start":{"line":208,"column":8},"end":{"line":239,"column":9}},"81":{"start":{"line":209,"column":27},"end":{"line":209,"column":58}},"82":{"start":{"line":210,"column":28},"end":{"line":210,"column":38}},"83":{"start":{"line":211,"column":12},"end":{"line":211,"column":41}},"84":{"start":{"line":213,"column":33},"end":{"line":213,"column":67}},"85":{"start":{"line":214,"column":12},"end":{"line":238,"column":13}},"86":{"start":{"line":215,"column":43},"end":{"line":215,"column":47}},"87":{"start":{"line":216,"column":27},"end":{"line":216,"column":29}},"88":{"start":{"line":218,"column":16},"end":{"line":224,"column":17}},"89":{"start":{"line":219,"column":20},"end":{"line":219,"column":59}},"90":{"start":{"line":220,"column":23},"end":{"line":224,"column":17}},"91":{"start":{"line":221,"column":20},"end":{"line":221,"column":75}},"92":{"start":{"line":223,"column":20},"end":{"line":223,"column":103}},"93":{"start":{"line":226,"column":40},"end":{"line":226,"column":90}},"94":{"start":{"line":228,"column":16},"end":{"line":236,"column":19}},"95":{"start":{"line":237,"column":16},"end":{"line":237,"column":107}},"96":{"start":{"line":241,"column":8},"end":{"line":241,"column":60}},"97":{"start":{"line":243,"column":8},"end":{"line":243,"column":78}},"98":{"start":{"line":247,"column":28},"end":{"line":247,"column":59}},"99":{"start":{"line":254,"column":4},"end":{"line":285,"column":5}},"100":{"start":{"line":255,"column":8},"end":{"line":255,"column":38}},"101":{"start":{"line":255,"column":31},"end":{"line":255,"column":38}},"102":{"start":{"line":257,"column":22},"end":{"line":257,"column":47}},"103":{"start":{"line":258,"column":30},"end":{"line":258,"column":77}},"104":{"start":{"line":259,"column":8},"end":{"line":259,"column":44}},"105":{"start":{"line":259,"column":37},"end":{"line":259,"column":44}},"106":{"start":{"line":261,"column":27},"end":{"line":261,"column":68}},"107":{"start":{"line":262,"column":8},"end":{"line":262,"column":41}},"108":{"start":{"line":262,"column":34},"end":{"line":262,"column":41}},"109":{"start":{"line":264,"column":20},"end":{"line":264,"column":30}},"110":{"start":{"line":265,"column":29},"end":{"line":265,"column":39}},"111":{"start":{"line":266,"column":8},"end":{"line":266,"column":43}},"112":{"start":{"line":268,"column":29},"end":{"line":268,"column":68}},"113":{"start":{"line":269,"column":8},"end":{"line":280,"column":9}},"114":{"start":{"line":270,"column":12},"end":{"line":278,"column":15}},"115":{"start":{"line":279,"column":12},"end":{"line":279,"column":68}},"116":{"start":{"line":282,"column":8},"end":{"line":282,"column":63}},"117":{"start":{"line":284,"column":8},"end":{"line":284,"column":74}},"118":{"start":{"line":293,"column":4},"end":{"line":311,"column":5}},"119":{"start":{"line":294,"column":8},"end":{"line":294,"column":49}},"120":{"start":{"line":294,"column":42},"end":{"line":294,"column":49}},"121":{"start":{"line":296,"column":27},"end":{"line":296,"column":68}},"122":{"start":{"line":297,"column":8},"end":{"line":297,"column":41}},"123":{"start":{"line":297,"column":34},"end":{"line":297,"column":41}},"124":{"start":{"line":299,"column":8},"end":{"line":307,"column":11}},"125":{"start":{"line":308,"column":8},"end":{"line":308,"column":73}},"126":{"start":{"line":310,"column":8},"end":{"line":310,"column":66}}},"fnMap":{"0":{"name":"(anonymous_0)","decl":{"start":{"line":11,"column":24},"end":{"line":11,"column":25}},"loc":{"start":{"line":11,"column":37},"end":{"line":16,"column":5}},"line":11},"1":{"name":"registerForPushNotificationsAsync","decl":{"start":{"line":26,"column":22},"end":{"line":26,"column":55}},"loc":{"start":{"line":26,"column":58},"end":{"line":90,"column":1}},"line":26},"2":{"name":"sendSeamlessExperienceNotification","decl":{"start":{"line":95,"column":22},"end":{"line":95,"column":56}},"loc":{"start":{"line":95,"column":59},"end":{"line":110,"column":1}},"line":95},"3":{"name":"sendDailyWelcomeNotification","decl":{"start":{"line":119,"column":22},"end":{"line":119,"column":50}},"loc":{"start":{"line":119,"column":86},"end":{"line":157,"column":1}},"line":119},"4":{"name":"scheduleMedicationReminders","decl":{"start":{"line":168,"column":22},"end":{"line":168,"column":49}},"loc":{"start":{"line":168,"column":73},"end":{"line":245,"column":1}},"line":168},"5":{"name":"scheduleVitalsReminder","decl":{"start":{"line":253,"column":22},"end":{"line":253,"column":44}},"loc":{"start":{"line":253,"column":72},"end":{"line":286,"column":1}},"line":253},"6":{"name":"scheduleSubscriptionAlert","decl":{"start":{"line":292,"column":22},"end":{"line":292,"column":47}},"loc":{"start":{"line":292,"column":58},"end":{"line":312,"column":1}},"line":292}},"branchMap":{"0":{"loc":{"start":{"line":28,"column":4},"end":{"line":31,"column":5}},"type":"if","locations":[{"start":{"line":28,"column":4},"end":{"line":31,"column":5}},{"start":{},"end":{}}],"line":28},"1":{"loc":{"start":{"line":39,"column":4},"end":{"line":45,"column":5}},"type":"if","locations":[{"start":{"line":39,"column":4},"end":{"line":45,"column":5}},{"start":{},"end":{}}],"line":39},"2":{"loc":{"start":{"line":42,"column":8},"end":{"line":44,"column":9}},"type":"if","locations":[{"start":{"line":42,"column":8},"end":{"line":44,"column":9}},{"start":{},"end":{}}],"line":42},"3":{"loc":{"start":{"line":47,"column":4},"end":{"line":53,"column":5}},"type":"if","locations":[{"start":{"line":47,"column":4},"end":{"line":53,"column":5}},{"start":{},"end":{}}],"line":47},"4":{"loc":{"start":{"line":56,"column":4},"end":{"line":64,"column":5}},"type":"if","locations":[{"start":{"line":56,"column":4},"end":{"line":64,"column":5}},{"start":{},"end":{}}],"line":56},"5":{"loc":{"start":{"line":69,"column":12},"end":{"line":71,"column":50}},"type":"binary-expr","locations":[{"start":{"line":69,"column":12},"end":{"line":69,"column":55}},{"start":{"line":70,"column":12},"end":{"line":70,"column":42}},{"start":{"line":71,"column":12},"end":{"line":71,"column":50}}],"line":69},"6":{"loc":{"start":{"line":119,"column":51},"end":{"line":119,"column":69}},"type":"default-arg","locations":[{"start":{"line":119,"column":62},"end":{"line":119,"column":69}}],"line":119},"7":{"loc":{"start":{"line":119,"column":71},"end":{"line":119,"column":84}},"type":"default-arg","locations":[{"start":{"line":119,"column":79},"end":{"line":119,"column":84}}],"line":119},"8":{"loc":{"start":{"line":122,"column":8},"end":{"line":126,"column":9}},"type":"if","locations":[{"start":{"line":122,"column":8},"end":{"line":126,"column":9}},{"start":{},"end":{}}],"line":122},"9":{"loc":{"start":{"line":125,"column":12},"end":{"line":125,"column":46}},"type":"if","locations":[{"start":{"line":125,"column":12},"end":{"line":125,"column":46}},{"start":{},"end":{}}],"line":125},"10":{"loc":{"start":{"line":130,"column":8},"end":{"line":130,"column":41}},"type":"if","locations":[{"start":{"line":130,"column":8},"end":{"line":130,"column":41}},{"start":{},"end":{}}],"line":130},"11":{"loc":{"start":{"line":135,"column":8},"end":{"line":136,"column":55}},"type":"if","locations":[{"start":{"line":135,"column":8},"end":{"line":136,"column":55}},{"start":{"line":136,"column":13},"end":{"line":136,"column":55}}],"line":135},"12":{"loc":{"start":{"line":135,"column":12},"end":{"line":135,"column":35}},"type":"binary-expr","locations":[{"start":{"line":135,"column":12},"end":{"line":135,"column":22}},{"start":{"line":135,"column":26},"end":{"line":135,"column":35}}],"line":135},"13":{"loc":{"start":{"line":136,"column":13},"end":{"line":136,"column":55}},"type":"if","locations":[{"start":{"line":136,"column":13},"end":{"line":136,"column":55}},{"start":{},"end":{}}],"line":136},"14":{"loc":{"start":{"line":168,"column":61},"end":{"line":168,"column":71}},"type":"default-arg","locations":[{"start":{"line":168,"column":69},"end":{"line":168,"column":71}}],"line":168},"15":{"loc":{"start":{"line":173,"column":8},"end":{"line":173,"column":44}},"type":"if","locations":[{"start":{"line":173,"column":8},"end":{"line":173,"column":44}},{"start":{},"end":{}}],"line":173},"16":{"loc":{"start":{"line":176,"column":8},"end":{"line":176,"column":41}},"type":"if","locations":[{"start":{"line":176,"column":8},"end":{"line":176,"column":41}},{"start":{},"end":{}}],"line":176},"17":{"loc":{"start":{"line":181,"column":12},"end":{"line":183,"column":13}},"type":"if","locations":[{"start":{"line":181,"column":12},"end":{"line":183,"column":13}},{"start":{},"end":{}}],"line":181},"18":{"loc":{"start":{"line":193,"column":12},"end":{"line":193,"column":36}},"type":"if","locations":[{"start":{"line":193,"column":12},"end":{"line":193,"column":36}},{"start":{},"end":{}}],"line":193},"19":{"loc":{"start":{"line":195,"column":28},"end":{"line":195,"column":59}},"type":"binary-expr","locations":[{"start":{"line":195,"column":28},"end":{"line":195,"column":46}},{"start":{"line":195,"column":50},"end":{"line":195,"column":59}}],"line":195},"20":{"loc":{"start":{"line":196,"column":29},"end":{"line":196,"column":79}},"type":"binary-expr","locations":[{"start":{"line":196,"column":29},"end":{"line":196,"column":43}},{"start":{"line":196,"column":47},"end":{"line":196,"column":68}},{"start":{"line":196,"column":72},"end":{"line":196,"column":79}}],"line":196},"21":{"loc":{"start":{"line":198,"column":12},"end":{"line":203,"column":13}},"type":"if","locations":[{"start":{"line":198,"column":12},"end":{"line":203,"column":13}},{"start":{},"end":{}}],"line":198},"22":{"loc":{"start":{"line":214,"column":12},"end":{"line":238,"column":13}},"type":"if","locations":[{"start":{"line":214,"column":12},"end":{"line":238,"column":13}},{"start":{},"end":{}}],"line":214},"23":{"loc":{"start":{"line":218,"column":16},"end":{"line":224,"column":17}},"type":"if","locations":[{"start":{"line":218,"column":16},"end":{"line":224,"column":17}},{"start":{"line":220,"column":23},"end":{"line":224,"column":17}}],"line":218},"24":{"loc":{"start":{"line":220,"column":23},"end":{"line":224,"column":17}},"type":"if","locations":[{"start":{"line":220,"column":23},"end":{"line":224,"column":17}},{"start":{"line":222,"column":23},"end":{"line":224,"column":17}}],"line":220},"25":{"loc":{"start":{"line":253,"column":45},"end":{"line":253,"column":70}},"type":"default-arg","locations":[{"start":{"line":253,"column":65},"end":{"line":253,"column":70}}],"line":253},"26":{"loc":{"start":{"line":255,"column":8},"end":{"line":255,"column":38}},"type":"if","locations":[{"start":{"line":255,"column":8},"end":{"line":255,"column":38}},{"start":{},"end":{}}],"line":255},"27":{"loc":{"start":{"line":259,"column":8},"end":{"line":259,"column":44}},"type":"if","locations":[{"start":{"line":259,"column":8},"end":{"line":259,"column":44}},{"start":{},"end":{}}],"line":259},"28":{"loc":{"start":{"line":262,"column":8},"end":{"line":262,"column":41}},"type":"if","locations":[{"start":{"line":262,"column":8},"end":{"line":262,"column":41}},{"start":{},"end":{}}],"line":262},"29":{"loc":{"start":{"line":269,"column":8},"end":{"line":280,"column":9}},"type":"if","locations":[{"start":{"line":269,"column":8},"end":{"line":280,"column":9}},{"start":{},"end":{}}],"line":269},"30":{"loc":{"start":{"line":294,"column":8},"end":{"line":294,"column":49}},"type":"if","locations":[{"start":{"line":294,"column":8},"end":{"line":294,"column":49}},{"start":{},"end":{}}],"line":294},"31":{"loc":{"start":{"line":294,"column":12},"end":{"line":294,"column":40}},"type":"binary-expr","locations":[{"start":{"line":294,"column":12},"end":{"line":294,"column":24}},{"start":{"line":294,"column":28},"end":{"line":294,"column":40}}],"line":294},"32":{"loc":{"start":{"line":297,"column":8},"end":{"line":297,"column":41}},"type":"if","locations":[{"start":{"line":297,"column":8},"end":{"line":297,"column":41}},{"start":{},"end":{}}],"line":297},"33":{"loc":{"start":{"line":302,"column":77},"end":{"line":302,"column":102}},"type":"cond-expr","locations":[{"start":{"line":302,"column":94},"end":{"line":302,"column":97}},{"start":{"line":302,"column":100},"end":{"line":302,"column":102}}],"line":302}},"s":{"0":2,"1":0,"2":7,"3":7,"4":7,"5":0,"6":0,"7":0,"8":0,"9":0,"10":0,"11":0,"12":0,"13":0,"14":0,"15":0,"16":0,"17":0,"18":0,"19":0,"20":0,"21":0,"22":0,"23":0,"24":0,"25":0,"26":0,"27":0,"28":0,"29":0,"30":0,"31":0,"32":0,"33":0,"34":0,"35":2,"36":0,"37":0,"38":0,"39":0,"40":0,"41":0,"42":0,"43":0,"44":0,"45":0,"46":0,"47":0,"48":0,"49":0,"50":0,"51":0,"52":0,"53":0,"54":0,"55":0,"56":2,"57":0,"58":0,"59":0,"60":0,"61":0,"62":0,"63":0,"64":0,"65":0,"66":0,"67":0,"68":0,"69":0,"70":0,"71":0,"72":0,"73":0,"74":0,"75":0,"76":0,"77":0,"78":0,"79":0,"80":0,"81":0,"82":0,"83":0,"84":0,"85":0,"86":0,"87":0,"88":0,"89":0,"90":0,"91":0,"92":0,"93":0,"94":0,"95":0,"96":0,"97":0,"98":2,"99":0,"100":0,"101":0,"102":0,"103":0,"104":0,"105":0,"106":0,"107":0,"108":0,"109":0,"110":0,"111":0,"112":0,"113":0,"114":0,"115":0,"116":0,"117":0,"118":0,"119":0,"120":0,"121":0,"122":0,"123":0,"124":0,"125":0,"126":0},"f":{"0":0,"1":7,"2":0,"3":0,"4":0,"5":0,"6":0},"b":{"0":[7,0],"1":[0,0],"2":[0,0],"3":[0,0],"4":[0,0],"5":[0,0,0],"6":[0],"7":[0],"8":[0,0],"9":[0,0],"10":[0,0],"11":[0,0],"12":[0,0],"13":[0,0],"14":[0],"15":[0,0],"16":[0,0],"17":[0,0],"18":[0,0],"19":[0,0],"20":[0,0,0],"21":[0,0],"22":[0,0],"23":[0,0],"24":[0,0],"25":[0],"26":[0,0],"27":[0,0],"28":[0,0],"29":[0,0],"30":[0,0],"31":[0,0],"32":[0,0],"33":[0,0]},"_coverageSchema":"1a1c01bbd47fc00a2c39e90264f33305004495a9","hash":"b0f0cff29cc8f5f4c2eb8a0ce72fd74ca86d9563"}
,"C:\\dev\\CareCoUsers\\users-mobile\\src\\utils\\parseError.js": {"path":"C:\\dev\\CareCoUsers\\users-mobile\\src\\utils\\parseError.js","statementMap":{"0":{"start":{"line":9,"column":27},"end":{"line":20,"column":1}},"1":{"start":{"line":22,"column":24},"end":{"line":33,"column":1}},"2":{"start":{"line":40,"column":19},"end":{"line":40,"column":46}},"3":{"start":{"line":42,"column":4},"end":{"line":45,"column":5}},"4":{"start":{"line":43,"column":8},"end":{"line":43,"column":54}},"5":{"start":{"line":44,"column":8},"end":{"line":44,"column":22}},"6":{"start":{"line":48,"column":4},"end":{"line":51,"column":5}},"7":{"start":{"line":49,"column":8},"end":{"line":49,"column":90}},"8":{"start":{"line":50,"column":8},"end":{"line":50,"column":22}},"9":{"start":{"line":54,"column":4},"end":{"line":57,"column":5}},"10":{"start":{"line":55,"column":8},"end":{"line":55,"column":78}},"11":{"start":{"line":56,"column":8},"end":{"line":56,"column":22}},"12":{"start":{"line":60,"column":4},"end":{"line":75,"column":5}},"13":{"start":{"line":61,"column":20},"end":{"line":61,"column":39}},"14":{"start":{"line":62,"column":23},"end":{"line":64,"column":9}},"15":{"start":{"line":63,"column":23},"end":{"line":63,"column":68}},"16":{"start":{"line":66,"column":8},"end":{"line":73,"column":9}},"17":{"start":{"line":67,"column":12},"end":{"line":67,"column":39}},"18":{"start":{"line":69,"column":12},"end":{"line":69,"column":71}},"19":{"start":{"line":69,"column":39},"end":{"line":69,"column":71}},"20":{"start":{"line":70,"column":12},"end":{"line":70,"column":105}},"21":{"start":{"line":70,"column":70},"end":{"line":70,"column":105}},"22":{"start":{"line":72,"column":12},"end":{"line":72,"column":78}},"23":{"start":{"line":74,"column":8},"end":{"line":74,"column":22}},"24":{"start":{"line":78,"column":4},"end":{"line":124,"column":5}},"25":{"start":{"line":79,"column":23},"end":{"line":79,"column":44}},"26":{"start":{"line":80,"column":21},"end":{"line":80,"column":40}},"27":{"start":{"line":83,"column":25},"end":{"line":83,"column":27}},"28":{"start":{"line":84,"column":19},"end":{"line":84,"column":21}},"29":{"start":{"line":86,"column":8},"end":{"line":104,"column":9}},"30":{"start":{"line":88,"column":12},"end":{"line":103,"column":13}},"31":{"start":{"line":89,"column":16},"end":{"line":89,"column":40}},"32":{"start":{"line":90,"column":16},"end":{"line":90,"column":33}},"33":{"start":{"line":93,"column":17},"end":{"line":103,"column":13}},"34":{"start":{"line":94,"column":16},"end":{"line":94,"column":42}},"35":{"start":{"line":97,"column":17},"end":{"line":103,"column":13}},"36":{"start":{"line":98,"column":16},"end":{"line":98,"column":42}},"37":{"start":{"line":101,"column":17},"end":{"line":103,"column":13}},"38":{"start":{"line":102,"column":16},"end":{"line":102,"column":34}},"39":{"start":{"line":106,"column":8},"end":{"line":122,"column":9}},"40":{"start":{"line":108,"column":12},"end":{"line":112,"column":13}},"41":{"start":{"line":109,"column":16},"end":{"line":109,"column":78}},"42":{"start":{"line":110,"column":16},"end":{"line":110,"column":65}},"43":{"start":{"line":111,"column":16},"end":{"line":111,"column":30}},"44":{"start":{"line":113,"column":12},"end":{"line":116,"column":13}},"45":{"start":{"line":114,"column":16},"end":{"line":114,"column":64}},"46":{"start":{"line":115,"column":16},"end":{"line":115,"column":30}},"47":{"start":{"line":118,"column":12},"end":{"line":118,"column":40}},"48":{"start":{"line":121,"column":12},"end":{"line":121,"column":104}},"49":{"start":{"line":123,"column":8},"end":{"line":123,"column":22}},"50":{"start":{"line":127,"column":4},"end":{"line":148,"column":5}},"51":{"start":{"line":128,"column":8},"end":{"line":128,"column":124}},"52":{"start":{"line":131,"column":22},"end":{"line":131,"column":82}},"53":{"start":{"line":132,"column":8},"end":{"line":136,"column":9}},"54":{"start":{"line":133,"column":27},"end":{"line":133,"column":49}},"55":{"start":{"line":134,"column":12},"end":{"line":134,"column":89}},"56":{"start":{"line":135,"column":12},"end":{"line":135,"column":26}},"57":{"start":{"line":139,"column":23},"end":{"line":141,"column":9}},"58":{"start":{"line":140,"column":23},"end":{"line":140,"column":78}},"59":{"start":{"line":142,"column":8},"end":{"line":145,"column":9}},"60":{"start":{"line":143,"column":12},"end":{"line":143,"column":39}},"61":{"start":{"line":144,"column":12},"end":{"line":144,"column":26}},"62":{"start":{"line":146,"column":8},"end":{"line":146,"column":39}},"63":{"start":{"line":147,"column":8},"end":{"line":147,"column":22}},"64":{"start":{"line":150,"column":4},"end":{"line":150,"column":71}},"65":{"start":{"line":151,"column":4},"end":{"line":151,"column":18}},"66":{"start":{"line":158,"column":4},"end":{"line":158,"column":37}}},"fnMap":{"0":{"name":"parseError","decl":{"start":{"line":39,"column":16},"end":{"line":39,"column":26}},"loc":{"start":{"line":39,"column":34},"end":{"line":152,"column":1}},"line":39},"1":{"name":"(anonymous_1)","decl":{"start":{"line":63,"column":12},"end":{"line":63,"column":13}},"loc":{"start":{"line":63,"column":23},"end":{"line":63,"column":68}},"line":63},"2":{"name":"(anonymous_2)","decl":{"start":{"line":140,"column":12},"end":{"line":140,"column":13}},"loc":{"start":{"line":140,"column":23},"end":{"line":140,"column":78}},"line":140},"3":{"name":"parseErrorMessage","decl":{"start":{"line":157,"column":16},"end":{"line":157,"column":33}},"loc":{"start":{"line":157,"column":41},"end":{"line":159,"column":1}},"line":157}},"branchMap":{"0":{"loc":{"start":{"line":42,"column":4},"end":{"line":45,"column":5}},"type":"if","locations":[{"start":{"line":42,"column":4},"end":{"line":45,"column":5}},{"start":{},"end":{}}],"line":42},"1":{"loc":{"start":{"line":48,"column":4},"end":{"line":51,"column":5}},"type":"if","locations":[{"start":{"line":48,"column":4},"end":{"line":51,"column":5}},{"start":{},"end":{}}],"line":48},"2":{"loc":{"start":{"line":48,"column":8},"end":{"line":48,"column":75}},"type":"binary-expr","locations":[{"start":{"line":48,"column":8},"end":{"line":48,"column":37}},{"start":{"line":48,"column":41},"end":{"line":48,"column":75}}],"line":48},"3":{"loc":{"start":{"line":54,"column":4},"end":{"line":57,"column":5}},"type":"if","locations":[{"start":{"line":54,"column":4},"end":{"line":57,"column":5}},{"start":{},"end":{}}],"line":54},"4":{"loc":{"start":{"line":54,"column":8},"end":{"line":54,"column":82}},"type":"binary-expr","locations":[{"start":{"line":54,"column":8},"end":{"line":54,"column":41}},{"start":{"line":54,"column":45},"end":{"line":54,"column":60}},{"start":{"line":54,"column":64},"end":{"line":54,"column":82}}],"line":54},"5":{"loc":{"start":{"line":60,"column":4},"end":{"line":75,"column":5}},"type":"if","locations":[{"start":{"line":60,"column":4},"end":{"line":75,"column":5}},{"start":{},"end":{}}],"line":60},"6":{"loc":{"start":{"line":60,"column":8},"end":{"line":60,"column":76}},"type":"binary-expr","locations":[{"start":{"line":60,"column":8},"end":{"line":60,"column":27}},{"start":{"line":60,"column":31},"end":{"line":60,"column":60}},{"start":{"line":60,"column":64},"end":{"line":60,"column":76}}],"line":60},"7":{"loc":{"start":{"line":61,"column":20},"end":{"line":61,"column":39}},"type":"binary-expr","locations":[{"start":{"line":61,"column":20},"end":{"line":61,"column":33}},{"start":{"line":61,"column":37},"end":{"line":61,"column":39}}],"line":61},"8":{"loc":{"start":{"line":66,"column":8},"end":{"line":73,"column":9}},"type":"if","locations":[{"start":{"line":66,"column":8},"end":{"line":73,"column":9}},{"start":{"line":71,"column":15},"end":{"line":73,"column":9}}],"line":66},"9":{"loc":{"start":{"line":69,"column":12},"end":{"line":69,"column":71}},"type":"if","locations":[{"start":{"line":69,"column":12},"end":{"line":69,"column":71}},{"start":{},"end":{}}],"line":69},"10":{"loc":{"start":{"line":70,"column":12},"end":{"line":70,"column":105}},"type":"if","locations":[{"start":{"line":70,"column":12},"end":{"line":70,"column":105}},{"start":{},"end":{}}],"line":70},"11":{"loc":{"start":{"line":70,"column":16},"end":{"line":70,"column":68}},"type":"binary-expr","locations":[{"start":{"line":70,"column":16},"end":{"line":70,"column":40}},{"start":{"line":70,"column":44},"end":{"line":70,"column":68}}],"line":70},"12":{"loc":{"start":{"line":72,"column":29},"end":{"line":72,"column":77}},"type":"binary-expr","locations":[{"start":{"line":72,"column":29},"end":{"line":72,"column":32}},{"start":{"line":72,"column":36},"end":{"line":72,"column":77}}],"line":72},"13":{"loc":{"start":{"line":78,"column":4},"end":{"line":124,"column":5}},"type":"if","locations":[{"start":{"line":78,"column":4},"end":{"line":124,"column":5}},{"start":{},"end":{}}],"line":78},"14":{"loc":{"start":{"line":86,"column":8},"end":{"line":104,"column":9}},"type":"if","locations":[{"start":{"line":86,"column":8},"end":{"line":104,"column":9}},{"start":{},"end":{}}],"line":86},"15":{"loc":{"start":{"line":88,"column":12},"end":{"line":103,"column":13}},"type":"if","locations":[{"start":{"line":88,"column":12},"end":{"line":103,"column":13}},{"start":{"line":93,"column":17},"end":{"line":103,"column":13}}],"line":88},"16":{"loc":{"start":{"line":88,"column":16},"end":{"line":88,"column":60}},"type":"binary-expr","locations":[{"start":{"line":88,"column":16},"end":{"line":88,"column":26}},{"start":{"line":88,"column":30},"end":{"line":88,"column":60}}],"line":88},"17":{"loc":{"start":{"line":93,"column":17},"end":{"line":103,"column":13}},"type":"if","locations":[{"start":{"line":93,"column":17},"end":{"line":103,"column":13}},{"start":{"line":97,"column":17},"end":{"line":103,"column":13}}],"line":93},"18":{"loc":{"start":{"line":93,"column":21},"end":{"line":93,"column":69}},"type":"binary-expr","locations":[{"start":{"line":93,"column":21},"end":{"line":93,"column":33}},{"start":{"line":93,"column":37},"end":{"line":93,"column":69}}],"line":93},"19":{"loc":{"start":{"line":97,"column":17},"end":{"line":103,"column":13}},"type":"if","locations":[{"start":{"line":97,"column":17},"end":{"line":103,"column":13}},{"start":{"line":101,"column":17},"end":{"line":103,"column":13}}],"line":97},"20":{"loc":{"start":{"line":97,"column":21},"end":{"line":97,"column":69}},"type":"binary-expr","locations":[{"start":{"line":97,"column":21},"end":{"line":97,"column":33}},{"start":{"line":97,"column":37},"end":{"line":97,"column":69}}],"line":97},"21":{"loc":{"start":{"line":101,"column":17},"end":{"line":103,"column":13}},"type":"if","locations":[{"start":{"line":101,"column":17},"end":{"line":103,"column":13}},{"start":{},"end":{}}],"line":101},"22":{"loc":{"start":{"line":106,"column":8},"end":{"line":122,"column":9}},"type":"if","locations":[{"start":{"line":106,"column":8},"end":{"line":122,"column":9}},{"start":{"line":119,"column":15},"end":{"line":122,"column":9}}],"line":106},"23":{"loc":{"start":{"line":108,"column":12},"end":{"line":112,"column":13}},"type":"if","locations":[{"start":{"line":108,"column":12},"end":{"line":112,"column":13}},{"start":{},"end":{}}],"line":108},"24":{"loc":{"start":{"line":108,"column":16},"end":{"line":108,"column":102}},"type":"binary-expr","locations":[{"start":{"line":108,"column":16},"end":{"line":108,"column":47}},{"start":{"line":108,"column":51},"end":{"line":108,"column":102}}],"line":108},"25":{"loc":{"start":{"line":113,"column":12},"end":{"line":116,"column":13}},"type":"if","locations":[{"start":{"line":113,"column":12},"end":{"line":116,"column":13}},{"start":{},"end":{}}],"line":113},"26":{"loc":{"start":{"line":121,"column":29},"end":{"line":121,"column":103}},"type":"binary-expr","locations":[{"start":{"line":121,"column":29},"end":{"line":121,"column":52}},{"start":{"line":121,"column":56},"end":{"line":121,"column":103}}],"line":121},"27":{"loc":{"start":{"line":127,"column":4},"end":{"line":148,"column":5}},"type":"if","locations":[{"start":{"line":127,"column":4},"end":{"line":148,"column":5}},{"start":{},"end":{}}],"line":127},"28":{"loc":{"start":{"line":132,"column":8},"end":{"line":136,"column":9}},"type":"if","locations":[{"start":{"line":132,"column":8},"end":{"line":136,"column":9}},{"start":{},"end":{}}],"line":132},"29":{"loc":{"start":{"line":134,"column":29},"end":{"line":134,"column":88}},"type":"binary-expr","locations":[{"start":{"line":134,"column":29},"end":{"line":134,"column":52}},{"start":{"line":134,"column":56},"end":{"line":134,"column":88}}],"line":134},"30":{"loc":{"start":{"line":142,"column":8},"end":{"line":145,"column":9}},"type":"if","locations":[{"start":{"line":142,"column":8},"end":{"line":145,"column":9}},{"start":{},"end":{}}],"line":142}},"s":{"0":1,"1":1,"2":28,"3":28,"4":3,"5":3,"6":25,"7":2,"8":2,"9":23,"10":2,"11":2,"12":21,"13":7,"14":7,"15":29,"16":7,"17":6,"18":6,"19":0,"20":6,"21":1,"22":1,"23":7,"24":14,"25":10,"26":10,"27":10,"28":10,"29":10,"30":9,"31":3,"32":3,"33":6,"34":1,"35":5,"36":1,"37":4,"38":1,"39":10,"40":6,"41":1,"42":1,"43":1,"44":5,"45":1,"46":1,"47":4,"48":4,"49":8,"50":4,"51":3,"52":3,"53":3,"54":1,"55":1,"56":1,"57":2,"58":17,"59":2,"60":1,"61":1,"62":1,"63":1,"64":1,"65":1,"66":2},"f":{"0":28,"1":29,"2":17,"3":2},"b":{"0":[3,25],"1":[2,23],"2":[25,24],"3":[2,21],"4":[23,22,12],"5":[7,14],"6":[21,15,14],"7":[7,0],"8":[6,1],"9":[0,6],"10":[1,5],"11":[6,6],"12":[1,0],"13":[10,4],"14":[9,1],"15":[3,6],"16":[9,3],"17":[1,5],"18":[6,1],"19":[1,4],"20":[5,1],"21":[1,3],"22":[6,4],"23":[1,5],"24":[6,5],"25":[1,4],"26":[4,1],"27":[3,1],"28":[1,2],"29":[1,0],"30":[1,1]},"_coverageSchema":"1a1c01bbd47fc00a2c39e90264f33305004495a9","hash":"cbae4f088d85c32512f917f48e22744e1fc2ceb0"}
}
