TN:
SF:src\hooks\useIdleTimeout.js
FN:14,useIdleTimeout
FN:20,(anonymous_1)
FN:22,(anonymous_2)
FN:28,(anonymous_3)
FN:33,(anonymous_4)
FN:36,(anonymous_5)
FN:58,(anonymous_6)
FNF:7
FNH:4
FNDA:12,useIdleTimeout
FNDA:12,(anonymous_1)
FNDA:0,(anonymous_2)
FNDA:0,(anonymous_3)
FNDA:12,(anonymous_4)
FNDA:0,(anonymous_5)
FNDA:12,(anonymous_6)
DA:12,2
DA:15,12
DA:16,12
DA:17,12
DA:18,12
DA:20,12
DA:21,12
DA:22,12
DA:23,0
DA:24,0
DA:28,12
DA:29,0
DA:30,0
DA:33,12
DA:34,12
DA:36,12
DA:37,0
DA:39,0
DA:42,0
DA:44,0
DA:45,0
DA:47,0
DA:48,0
DA:49,0
DA:50,0
DA:52,0
DA:55,0
DA:58,12
DA:59,12
DA:60,12
DA:64,12
LF:31
LH:16
BRDA:14,0,0,0
BRDA:21,1,0,0
BRDA:21,1,1,12
BRDA:37,2,0,0
BRDA:37,2,1,0
BRDA:37,3,0,0
BRDA:37,3,1,0
BRDA:42,4,0,0
BRDA:42,4,1,0
BRDA:42,5,0,0
BRDA:42,5,1,0
BRDA:47,6,0,0
BRDA:47,6,1,0
BRDA:59,7,0,12
BRDA:59,7,1,0
BRF:15
BRH:2
end_of_record
TN:
SF:src\lib\CacheService.js
FN:29,setCacheUserId
FN:33,scopedKey
FN:42,getStorage
FN:55,setCache
FN:74,getCache
FN:98,removeCache
FN:111,clearUserCache
FN:117,(anonymous_7)
FNF:8
FNH:8
FNDA:36,setCacheUserId
FNDA:16,scopedKey
FNDA:15,getStorage
FNDA:8,setCache
FNDA:5,getCache
FNDA:2,removeCache
FNDA:3,clearUserCache
FNDA:6,(anonymous_7)
DA:3,1
DA:4,1
DA:5,1
DA:7,1
DA:10,1
DA:13,1
DA:23,1
DA:30,36
DA:34,16
DA:35,1
DA:36,1
DA:38,15
DA:43,15
DA:44,0
DA:46,15
DA:56,8
DA:57,8
DA:62,8
DA:63,8
DA:65,0
DA:75,5
DA:76,5
DA:77,5
DA:78,5
DA:80,4
DA:83,3
DA:84,1
DA:85,1
DA:88,2
DA:90,1
DA:91,1
DA:99,2
DA:100,2
DA:101,2
DA:103,1
DA:112,3
DA:113,3
DA:114,3
DA:117,6
DA:118,3
DA:119,2
DA:120,2
DA:123,0
DA:128,1
LF:44
LH:41
BRDA:34,0,0,1
BRDA:34,0,1,15
BRDA:43,1,0,0
BRDA:43,1,1,15
BRDA:43,2,0,15
BRDA:43,2,1,0
BRDA:55,3,0,7
BRDA:60,4,0,1
BRDA:60,4,1,7
BRDA:78,5,0,1
BRDA:78,5,1,4
BRDA:83,6,0,1
BRDA:83,6,1,2
BRDA:83,7,0,3
BRDA:83,7,1,2
BRDA:114,8,0,2
BRDA:114,8,1,1
BRDA:118,9,0,2
BRDA:118,9,1,1
BRF:19
BRH:17
end_of_record
TN:
SF:src\navigation\AppNavigator.jsx
FN:62,CustomTabBar
FN:65,(anonymous_1)
FN:69,(anonymous_2)
FN:99,TabSlot
FN:102,(anonymous_4)
FN:127,PatientTabNavigator
FN:130,(anonymous_6)
FN:164,LoadingScreen
FN:173,(anonymous_8)
FN:186,(anonymous_9)
FN:195,(anonymous_10)
FN:230,AppSplashScreen
FN:236,AppNavigator
FN:247,(anonymous_13)
FN:249,(anonymous_14)
FN:254,(anonymous_15)
FN:264,(anonymous_16)
FN:270,(anonymous_17)
FN:275,(anonymous_18)
FN:286,(anonymous_19)
FN:287,(anonymous_20)
FNF:21
FNH:16
FNDA:3,CustomTabBar
FNDA:15,(anonymous_1)
FNDA:0,(anonymous_2)
FNDA:15,TabSlot
FNDA:15,(anonymous_4)
FNDA:3,PatientTabNavigator
FNDA:3,(anonymous_6)
FNDA:0,LoadingScreen
FNDA:1,(anonymous_8)
FNDA:2,(anonymous_9)
FNDA:3,(anonymous_10)
FNDA:2,AppSplashScreen
FNDA:12,AppNavigator
FNDA:12,(anonymous_13)
FNDA:0,(anonymous_14)
FNDA:0,(anonymous_15)
FNDA:12,(anonymous_16)
FNDA:0,(anonymous_17)
FNDA:12,(anonymous_18)
FNDA:12,(anonymous_19)
FNDA:12,(anonymous_20)
DA:54,2
DA:55,2
DA:57,2
DA:58,2
DA:59,2
DA:63,3
DA:66,15
DA:67,15
DA:69,15
DA:70,0
DA:75,0
DA:76,0
DA:80,15
DA:82,15
DA:100,15
DA:102,15
DA:103,15
DA:110,15
DA:128,3
DA:130,3
DA:165,0
DA:173,2
DA:174,1
DA:186,2
DA:187,2
DA:195,2
DA:196,3
DA:231,2
DA:237,12
DA:238,12
DA:241,12
DA:243,12
DA:244,12
DA:245,12
DA:247,12
DA:249,12
DA:250,0
DA:254,12
DA:255,0
DA:256,0
DA:257,0
DA:258,0
DA:264,12
DA:265,12
DA:266,0
DA:267,0
DA:268,0
DA:270,0
DA:275,12
DA:276,12
DA:277,12
DA:279,12
DA:280,12
DA:286,12
DA:287,12
DA:288,12
DA:289,7
DA:291,7
DA:292,7
DA:295,7
DA:296,0
DA:303,7
DA:305,0
DA:306,7
DA:308,0
DA:309,0
DA:312,0
DA:317,12
DA:318,12
DA:321,12
DA:322,10
DA:325,9
DA:328,7
DA:329,4
DA:337,3
DA:364,2
LF:76
LH:58
BRDA:75,0,0,0
BRDA:75,0,1,0
BRDA:75,1,0,0
BRDA:75,1,1,0
BRDA:100,2,0,3
BRDA:100,2,1,12
BRDA:104,3,0,3
BRDA:104,3,1,12
BRDA:114,4,0,15
BRDA:114,4,1,3
BRDA:119,5,0,3
BRDA:119,5,1,12
BRDA:121,6,0,3
BRDA:121,6,1,12
BRDA:256,7,0,0
BRDA:256,7,1,0
BRDA:265,8,0,0
BRDA:265,8,1,12
BRDA:267,9,0,0
BRDA:267,9,1,0
BRDA:276,10,0,12
BRDA:276,10,1,0
BRDA:279,11,0,12
BRDA:279,11,1,0
BRDA:288,12,0,7
BRDA:288,12,1,5
BRDA:288,13,0,12
BRDA:288,13,1,9
BRDA:288,13,2,7
BRDA:295,14,0,0
BRDA:295,14,1,7
BRDA:303,15,0,0
BRDA:303,15,1,7
BRDA:306,16,0,0
BRDA:306,16,1,7
BRDA:308,17,0,0
BRDA:308,17,1,0
BRDA:308,17,2,0
BRDA:308,17,3,0
BRDA:321,18,0,2
BRDA:321,18,1,10
BRDA:322,19,0,1
BRDA:322,19,1,9
BRDA:325,20,0,2
BRDA:325,20,1,7
BRDA:328,21,0,4
BRDA:328,21,1,3
BRDA:341,22,0,3
BRDA:341,22,1,0
BRF:49
BRH:30
end_of_record
TN:
SF:src\screens\auth\MFAVerifyScreen.jsx
FN:21,MFAVerifyScreen
FN:31,(anonymous_1)
FN:56,(anonymous_2)
FN:72,(anonymous_3)
FN:95,(anonymous_4)
FN:126,(anonymous_5)
FNF:6
FNH:0
FNDA:0,MFAVerifyScreen
FNDA:0,(anonymous_1)
FNDA:0,(anonymous_2)
FNDA:0,(anonymous_3)
FNDA:0,(anonymous_4)
FNDA:0,(anonymous_5)
DA:22,0
DA:23,0
DA:25,0
DA:26,0
DA:27,0
DA:28,0
DA:29,0
DA:31,0
DA:32,0
DA:33,0
DA:34,0
DA:35,0
DA:37,0
DA:38,0
DA:39,0
DA:42,0
DA:43,0
DA:44,0
DA:45,0
DA:46,0
DA:49,0
DA:51,0
DA:52,0
DA:53,0
DA:54,0
DA:56,0
DA:58,0
DA:61,0
DA:65,0
DA:72,0
DA:96,0
DA:97,0
DA:99,0
DA:101,0
DA:127,0
DA:128,0
DA:129,0
DA:144,2
LF:38
LH:1
BRDA:22,0,0,0
BRDA:22,0,1,0
BRDA:33,1,0,0
BRDA:33,1,1,0
BRDA:33,2,0,0
BRDA:33,2,1,0
BRDA:37,3,0,0
BRDA:37,3,1,0
BRDA:37,4,0,0
BRDA:37,4,1,0
BRDA:49,5,0,0
BRDA:49,5,1,0
BRDA:51,6,0,0
BRDA:51,6,1,0
BRDA:53,7,0,0
BRDA:53,7,1,0
BRDA:68,8,0,0
BRDA:68,8,1,0
BRDA:84,9,0,0
BRDA:84,9,1,0
BRDA:89,10,0,0
BRDA:89,10,1,0
BRDA:96,11,0,0
BRDA:96,11,1,0
BRDA:103,12,0,0
BRDA:103,12,1,0
BRDA:105,13,0,0
BRDA:105,13,1,0
BRDA:106,14,0,0
BRDA:106,14,1,0
BRDA:113,15,0,0
BRDA:113,15,1,0
BRDA:117,16,0,0
BRDA:117,16,1,0
BRDA:133,17,0,0
BRDA:133,17,1,0
BRF:36
BRH:0
end_of_record
TN:
SF:src\screens\settings\MFASetupScreen.jsx
FN:22,MFASetupScreen
FN:32,(anonymous_1)
FN:36,(anonymous_2)
FN:51,(anonymous_3)
FN:58,(anonymous_4)
FN:76,(anonymous_5)
FN:87,(anonymous_6)
FN:127,(anonymous_7)
FN:161,(anonymous_8)
FN:173,(anonymous_9)
FNF:10
FNH:0
FNDA:0,MFASetupScreen
FNDA:0,(anonymous_1)
FNDA:0,(anonymous_2)
FNDA:0,(anonymous_3)
FNDA:0,(anonymous_4)
FNDA:0,(anonymous_5)
FNDA:0,(anonymous_6)
FNDA:0,(anonymous_7)
FNDA:0,(anonymous_8)
FNDA:0,(anonymous_9)
DA:23,0
DA:24,0
DA:25,0
DA:26,0
DA:27,0
DA:28,0
DA:29,0
DA:32,0
DA:33,0
DA:36,0
DA:37,0
DA:38,0
DA:39,0
DA:40,0
DA:41,0
DA:42,0
DA:43,0
DA:45,0
DA:46,0
DA:47,0
DA:51,0
DA:52,0
DA:53,0
DA:54,0
DA:58,0
DA:59,0
DA:60,0
DA:61,0
DA:63,0
DA:64,0
DA:65,0
DA:66,0
DA:67,0
DA:68,0
DA:70,0
DA:72,0
DA:76,0
DA:77,0
DA:78,0
DA:79,0
DA:83,0
DA:87,0
DA:127,0
DA:162,0
DA:173,0
DA:184,2
LF:46
LH:1
BRDA:45,0,0,0
BRDA:45,0,1,0
BRDA:59,1,0,0
BRDA:59,1,1,0
BRDA:67,2,0,0
BRDA:67,2,1,0
BRDA:70,3,0,0
BRDA:70,3,1,0
BRDA:95,4,0,0
BRDA:95,4,1,0
BRDA:98,5,0,0
BRDA:98,5,1,0
BRDA:103,6,0,0
BRDA:103,6,1,0
BRDA:106,7,0,0
BRDA:106,7,1,0
BRDA:111,8,0,0
BRDA:111,8,1,0
BRDA:111,8,2,0
BRDA:136,9,0,0
BRDA:136,9,1,0
BRDA:138,10,0,0
BRDA:138,10,1,0
BRDA:140,11,0,0
BRDA:140,11,1,0
BRDA:150,12,0,0
BRDA:150,12,1,0
BRDA:197,13,0,2
BRDA:197,13,1,0
BRDA:206,14,0,2
BRDA:206,14,1,0
BRF:31
BRH:2
end_of_record
TN:
SF:src\theme\index.js
FNF:0
FNH:0
DA:7,2
DA:56,2
DA:74,2
DA:86,2
DA:98,2
DA:130,2
DA:137,2
LF:7
LH:7
BRF:0
BRH:0
end_of_record
TN:
SF:src\utils\authUtils.js
FN:7,(anonymous_0)
FN:13,(anonymous_1)
FN:21,(anonymous_2)
FNF:3
FNH:3
FNDA:28,(anonymous_0)
FNDA:22,(anonymous_1)
FNDA:6,(anonymous_2)
DA:7,2
DA:8,28
DA:9,24
DA:10,14
DA:13,2
DA:14,22
DA:15,19
DA:16,14
DA:17,10
DA:18,6
DA:21,2
DA:22,6
LF:12
LH:12
BRDA:8,0,0,4
BRDA:8,0,1,24
BRDA:9,1,0,10
BRDA:9,1,1,14
BRDA:9,2,0,24
BRDA:9,2,1,20
BRDA:9,2,2,17
BRDA:14,3,0,3
BRDA:14,3,1,19
BRDA:14,4,0,22
BRDA:14,4,1,4
BRDA:15,5,0,5
BRDA:15,5,1,14
BRDA:15,6,0,19
BRDA:15,6,1,5
BRDA:16,7,0,4
BRDA:16,7,1,10
BRDA:17,8,0,4
BRDA:17,8,1,6
BRDA:22,9,0,6
BRDA:22,9,1,4
BRF:21
BRH:21
end_of_record
TN:
SF:src\utils\notifications.js
FN:11,(anonymous_0)
FN:26,registerForPushNotificationsAsync
FN:95,sendSeamlessExperienceNotification
FN:119,sendDailyWelcomeNotification
FN:168,scheduleMedicationReminders
FN:253,scheduleVitalsReminder
FN:292,scheduleSubscriptionAlert
FNF:7
FNH:1
FNDA:0,(anonymous_0)
FNDA:7,registerForPushNotificationsAsync
FNDA:0,sendSeamlessExperienceNotification
FNDA:0,sendDailyWelcomeNotification
FNDA:0,scheduleMedicationReminders
FNDA:0,scheduleVitalsReminder
FNDA:0,scheduleSubscriptionAlert
DA:10,2
DA:11,0
DA:28,7
DA:29,7
DA:30,7
DA:34,0
DA:35,0
DA:36,0
DA:39,0
DA:40,0
DA:41,0
DA:42,0
DA:43,0
DA:47,0
DA:48,0
DA:52,0
DA:56,0
DA:57,0
DA:67,0
DA:69,0
DA:73,0
DA:75,0
DA:76,0
DA:77,0
DA:79,0
DA:81,0
DA:82,0
DA:83,0
DA:84,0
DA:86,0
DA:87,0
DA:96,0
DA:97,0
DA:106,0
DA:108,0
DA:112,2
DA:120,0
DA:122,0
DA:123,0
DA:124,0
DA:125,0
DA:129,0
DA:130,0
DA:133,0
DA:134,0
DA:135,0
DA:136,0
DA:138,0
DA:141,0
DA:152,0
DA:153,0
DA:155,0
DA:159,2
DA:169,0
DA:171,0
DA:172,0
DA:173,0
DA:175,0
DA:176,0
DA:179,0
DA:180,0
DA:181,0
DA:182,0
DA:186,0
DA:187,0
DA:190,0
DA:192,0
DA:193,0
DA:195,0
DA:196,0
DA:198,0
DA:199,0
DA:204,0
DA:208,0
DA:209,0
DA:210,0
DA:211,0
DA:213,0
DA:214,0
DA:215,0
DA:216,0
DA:218,0
DA:219,0
DA:220,0
DA:221,0
DA:223,0
DA:226,0
DA:228,0
DA:237,0
DA:241,0
DA:243,0
DA:247,2
DA:254,0
DA:255,0
DA:257,0
DA:258,0
DA:259,0
DA:261,0
DA:262,0
DA:264,0
DA:265,0
DA:266,0
DA:268,0
DA:269,0
DA:270,0
DA:279,0
DA:282,0
DA:284,0
DA:293,0
DA:294,0
DA:296,0
DA:297,0
DA:299,0
DA:308,0
DA:310,0
LF:115
LH:7
BRDA:28,0,0,7
BRDA:28,0,1,0
BRDA:39,1,0,0
BRDA:39,1,1,0
BRDA:42,2,0,0
BRDA:42,2,1,0
BRDA:47,3,0,0
BRDA:47,3,1,0
BRDA:56,4,0,0
BRDA:56,4,1,0
BRDA:69,5,0,0
BRDA:69,5,1,0
BRDA:69,5,2,0
BRDA:119,6,0,0
BRDA:119,7,0,0
BRDA:122,8,0,0
BRDA:122,8,1,0
BRDA:125,9,0,0
BRDA:125,9,1,0
BRDA:130,10,0,0
BRDA:130,10,1,0
BRDA:135,11,0,0
BRDA:135,11,1,0
BRDA:135,12,0,0
BRDA:135,12,1,0
BRDA:136,13,0,0
BRDA:136,13,1,0
BRDA:168,14,0,0
BRDA:173,15,0,0
BRDA:173,15,1,0
BRDA:176,16,0,0
BRDA:176,16,1,0
BRDA:181,17,0,0
BRDA:181,17,1,0
BRDA:193,18,0,0
BRDA:193,18,1,0
BRDA:195,19,0,0
BRDA:195,19,1,0
BRDA:196,20,0,0
BRDA:196,20,1,0
BRDA:196,20,2,0
BRDA:198,21,0,0
BRDA:198,21,1,0
BRDA:214,22,0,0
BRDA:214,22,1,0
BRDA:218,23,0,0
BRDA:218,23,1,0
BRDA:220,24,0,0
BRDA:220,24,1,0
BRDA:253,25,0,0
BRDA:255,26,0,0
BRDA:255,26,1,0
BRDA:259,27,0,0
BRDA:259,27,1,0
BRDA:262,28,0,0
BRDA:262,28,1,0
BRDA:269,29,0,0
BRDA:269,29,1,0
BRDA:294,30,0,0
BRDA:294,30,1,0
BRDA:294,31,0,0
BRDA:294,31,1,0
BRDA:297,32,0,0
BRDA:297,32,1,0
BRDA:302,33,0,0
BRDA:302,33,1,0
BRF:66
BRH:1
end_of_record
TN:
SF:src\utils\parseError.js
FN:39,parseError
FN:63,(anonymous_1)
FN:140,(anonymous_2)
FN:157,parseErrorMessage
FNF:4
FNH:4
FNDA:28,parseError
FNDA:29,(anonymous_1)
FNDA:17,(anonymous_2)
FNDA:2,parseErrorMessage
DA:9,1
DA:22,1
DA:40,28
DA:42,28
DA:43,3
DA:44,3
DA:48,25
DA:49,2
DA:50,2
DA:54,23
DA:55,2
DA:56,2
DA:60,21
DA:61,7
DA:62,7
DA:63,29
DA:66,7
DA:67,6
DA:69,6
DA:70,6
DA:72,1
DA:74,7
DA:78,14
DA:79,10
DA:80,10
DA:83,10
DA:84,10
DA:86,10
DA:88,9
DA:89,3
DA:90,3
DA:93,6
DA:94,1
DA:97,5
DA:98,1
DA:101,4
DA:102,1
DA:106,10
DA:108,6
DA:109,1
DA:110,1
DA:111,1
DA:113,5
DA:114,1
DA:115,1
DA:118,4
DA:121,4
DA:123,8
DA:127,4
DA:128,3
DA:131,3
DA:132,3
DA:133,1
DA:134,1
DA:135,1
DA:139,2
DA:140,17
DA:142,2
DA:143,1
DA:144,1
DA:146,1
DA:147,1
DA:150,1
DA:151,1
DA:158,2
LF:65
LH:65
BRDA:42,0,0,3
BRDA:42,0,1,25
BRDA:48,1,0,2
BRDA:48,1,1,23
BRDA:48,2,0,25
BRDA:48,2,1,24
BRDA:54,3,0,2
BRDA:54,3,1,21
BRDA:54,4,0,23
BRDA:54,4,1,22
BRDA:54,4,2,12
BRDA:60,5,0,7
BRDA:60,5,1,14
BRDA:60,6,0,21
BRDA:60,6,1,15
BRDA:60,6,2,14
BRDA:61,7,0,7
BRDA:61,7,1,0
BRDA:66,8,0,6
BRDA:66,8,1,1
BRDA:69,9,0,0
BRDA:69,9,1,6
BRDA:70,10,0,1
BRDA:70,10,1,5
BRDA:70,11,0,6
BRDA:70,11,1,6
BRDA:72,12,0,1
BRDA:72,12,1,0
BRDA:78,13,0,10
BRDA:78,13,1,4
BRDA:86,14,0,9
BRDA:86,14,1,1
BRDA:88,15,0,3
BRDA:88,15,1,6
BRDA:88,16,0,9
BRDA:88,16,1,3
BRDA:93,17,0,1
BRDA:93,17,1,5
BRDA:93,18,0,6
BRDA:93,18,1,1
BRDA:97,19,0,1
BRDA:97,19,1,4
BRDA:97,20,0,5
BRDA:97,20,1,1
BRDA:101,21,0,1
BRDA:101,21,1,3
BRDA:106,22,0,6
BRDA:106,22,1,4
BRDA:108,23,0,1
BRDA:108,23,1,5
BRDA:108,24,0,6
BRDA:108,24,1,5
BRDA:113,25,0,1
BRDA:113,25,1,4
BRDA:121,26,0,4
BRDA:121,26,1,1
BRDA:127,27,0,3
BRDA:127,27,1,1
BRDA:132,28,0,1
BRDA:132,28,1,2
BRDA:134,29,0,1
BRDA:134,29,1,0
BRDA:142,30,0,1
BRDA:142,30,1,1
BRF:64
BRH:60
end_of_record
