TN:
SF:instrument.js
FN:12,(anonymous_0)
FNF:1
FNH:0
FNDA:0,(anonymous_0)
DA:2,13
DA:3,13
DA:5,13
DA:6,0
DA:13,0
DA:14,0
DA:15,0
DA:17,0
DA:18,0
DA:19,0
DA:21,0
LF:11
LH:3
BRDA:5,0,0,0
BRDA:5,0,1,13
BRDA:7,1,0,0
BRDA:7,1,1,0
BRDA:8,2,0,0
BRDA:8,2,1,0
BRDA:9,3,0,0
BRDA:9,3,1,0
BRDA:13,4,0,0
BRDA:13,4,1,0
BRDA:17,5,0,0
BRDA:17,5,1,0
BRF:12
BRH:1
end_of_record
TN:
SF:worker.js
FN:26,(anonymous_0)
FN:27,(anonymous_1)
FN:39,(anonymous_2)
FN:61,handleJobCompleted
FN:97,logJobFailureMetrics
FN:121,handleJobFailure
FN:219,start
FN:228,(anonymous_7)
FN:239,(anonymous_8)
FN:242,(anonymous_9)
FN:249,(anonymous_10)
FN:259,(anonymous_11)
FN:262,(anonymous_12)
FN:269,(anonymous_13)
FN:287,(anonymous_14)
FN:290,(anonymous_15)
FN:297,(anonymous_16)
FN:311,(anonymous_17)
FN:314,(anonymous_18)
FN:321,(anonymous_19)
FN:335,(anonymous_20)
FN:338,(anonymous_21)
FN:345,(anonymous_22)
FN:361,(anonymous_23)
FN:364,(anonymous_24)
FN:377,(anonymous_25)
FN:383,(anonymous_26)
FN:424,(anonymous_27)
FN:425,(anonymous_28)
FN:429,(anonymous_29)
FNF:30
FNH:3
FNDA:1,(anonymous_0)
FNDA:1,(anonymous_1)
FNDA:1,(anonymous_2)
FNDA:0,handleJobCompleted
FNDA:0,logJobFailureMetrics
FNDA:0,handleJobFailure
FNDA:0,start
FNDA:0,(anonymous_7)
FNDA:0,(anonymous_8)
FNDA:0,(anonymous_9)
FNDA:0,(anonymous_10)
FNDA:0,(anonymous_11)
FNDA:0,(anonymous_12)
FNDA:0,(anonymous_13)
FNDA:0,(anonymous_14)
FNDA:0,(anonymous_15)
FNDA:0,(anonymous_16)
FNDA:0,(anonymous_17)
FNDA:0,(anonymous_18)
FNDA:0,(anonymous_19)
FNDA:0,(anonymous_20)
FNDA:0,(anonymous_21)
FNDA:0,(anonymous_22)
FNDA:0,(anonymous_23)
FNDA:0,(anonymous_24)
FNDA:0,(anonymous_25)
FNDA:0,(anonymous_26)
FNDA:0,(anonymous_27)
FNDA:0,(anonymous_28)
FNDA:0,(anonymous_29)
DA:21,1
DA:22,1
DA:23,1
DA:27,1
DA:29,1
DA:30,1
DA:31,1
DA:33,1
DA:34,1
DA:39,1
DA:41,0
DA:43,1
DA:48,1
DA:49,1
DA:52,1
DA:53,1
DA:54,1
DA:57,1
DA:58,1
DA:59,1
DA:62,0
DA:63,0
DA:65,0
DA:67,0
DA:68,0
DA:71,0
DA:73,0
DA:74,0
DA:75,0
DA:81,0
DA:98,0
DA:99,0
DA:101,0
DA:102,0
DA:104,0
DA:122,0
DA:123,0
DA:127,0
DA:131,0
DA:132,0
DA:133,0
DA:134,0
DA:135,0
DA:136,0
DA:142,0
DA:145,0
DA:146,0
DA:147,0
DA:149,0
DA:150,0
DA:151,0
DA:156,0
DA:157,0
DA:163,0
DA:164,0
DA:165,0
DA:166,0
DA:172,0
DA:175,0
DA:177,0
DA:179,0
DA:181,0
DA:183,0
DA:207,0
DA:211,0
DA:220,0
DA:223,0
DA:226,0
DA:229,0
DA:230,0
DA:239,0
DA:240,0
DA:242,0
DA:243,0
DA:247,0
DA:250,0
DA:251,0
DA:259,0
DA:260,0
DA:262,0
DA:263,0
DA:267,0
DA:270,0
DA:271,0
DA:275,0
DA:276,0
DA:277,0
DA:279,0
DA:287,0
DA:288,0
DA:290,0
DA:291,0
DA:295,0
DA:298,0
DA:299,0
DA:300,0
DA:303,0
DA:311,0
DA:312,0
DA:314,0
DA:315,0
DA:319,0
DA:322,0
DA:323,0
DA:326,0
DA:327,0
DA:335,0
DA:336,0
DA:338,0
DA:339,0
DA:343,0
DA:346,0
DA:347,0
DA:352,0
DA:353,0
DA:361,0
DA:362,0
DA:364,0
DA:365,0
DA:368,0
DA:369,0
DA:370,0
DA:371,0
DA:372,0
DA:373,0
DA:374,0
DA:377,0
DA:378,0
DA:383,0
DA:384,0
DA:387,0
DA:389,0
DA:391,0
DA:393,0
DA:403,0
DA:412,0
DA:413,0
DA:414,0
DA:416,0
DA:420,0
DA:424,0
DA:425,0
DA:428,1
DA:429,0
DA:430,0
DA:431,0
DA:435,1
LF:147
LH:21
BRDA:29,0,0,1
BRDA:29,0,1,0
BRDA:33,1,0,1
BRDA:33,1,1,0
BRDA:33,2,0,1
BRDA:33,2,1,0
BRDA:35,3,0,1
BRDA:35,3,1,0
BRDA:36,4,0,1
BRDA:36,4,1,0
BRDA:37,5,0,1
BRDA:37,5,1,0
BRDA:62,6,0,0
BRDA:62,6,1,0
BRDA:65,7,0,0
BRDA:65,7,1,0
BRDA:67,8,0,0
BRDA:67,8,1,0
BRDA:67,9,0,0
BRDA:67,9,1,0
BRDA:68,10,0,0
BRDA:68,10,1,0
BRDA:71,11,0,0
BRDA:71,11,1,0
BRDA:73,12,0,0
BRDA:73,12,1,0
BRDA:74,13,0,0
BRDA:74,13,1,0
BRDA:93,14,0,0
BRDA:93,14,1,0
BRDA:99,15,0,0
BRDA:99,15,1,0
BRDA:101,16,0,0
BRDA:101,16,1,0
BRDA:101,17,0,0
BRDA:101,17,1,0
BRDA:102,18,0,0
BRDA:102,18,1,0
BRDA:117,19,0,0
BRDA:117,19,1,0
BRDA:122,20,0,0
BRDA:122,20,1,0
BRDA:131,21,0,0
BRDA:131,21,1,0
BRDA:132,22,0,0
BRDA:132,22,1,0
BRDA:133,23,0,0
BRDA:133,23,1,0
BRDA:145,24,0,0
BRDA:145,24,1,0
BRDA:146,25,0,0
BRDA:146,25,1,0
BRDA:150,26,0,0
BRDA:150,26,1,0
BRDA:151,27,0,0
BRDA:151,27,1,0
BRDA:152,28,0,0
BRDA:152,28,1,0
BRDA:152,28,2,0
BRDA:157,29,0,0
BRDA:157,29,1,0
BRDA:158,30,0,0
BRDA:158,30,1,0
BRDA:158,30,2,0
BRDA:158,30,3,0
BRDA:164,31,0,0
BRDA:164,31,1,0
BRDA:164,32,0,0
BRDA:164,32,1,0
BRDA:166,33,0,0
BRDA:166,33,1,0
BRDA:167,34,0,0
BRDA:167,34,1,0
BRDA:167,34,2,0
BRDA:167,34,3,0
BRDA:175,35,0,0
BRDA:175,35,1,0
BRDA:175,35,2,0
BRDA:177,36,0,0
BRDA:177,36,1,0
BRDA:177,36,2,0
BRDA:179,37,0,0
BRDA:179,37,1,0
BRDA:179,37,2,0
BRDA:181,38,0,0
BRDA:181,38,1,0
BRDA:276,39,0,0
BRDA:276,39,1,0
BRDA:276,40,0,0
BRDA:276,40,1,0
BRDA:277,41,0,0
BRDA:277,41,1,0
BRDA:299,42,0,0
BRDA:299,42,1,0
BRDA:301,43,0,0
BRDA:301,43,1,0
BRDA:428,44,0,0
BRDA:428,44,1,1
BRF:98
BRH:7
end_of_record
TN:
SF:src\server.js
FN:5,(anonymous_0)
FN:10,(anonymous_1)
FN:13,(anonymous_2)
FN:56,mainHandler
FN:63,(anonymous_4)
FN:81,(anonymous_5)
FN:114,(anonymous_6)
FN:136,(anonymous_7)
FN:158,(anonymous_8)
FN:171,checkServicesReady
FN:187,(anonymous_10)
FN:188,(anonymous_11)
FN:194,(anonymous_12)
FN:198,(anonymous_13)
FN:210,(anonymous_14)
FN:283,(anonymous_15)
FN:292,(anonymous_16)
FN:298,(anonymous_17)
FN:332,(anonymous_18)
FN:342,(anonymous_19)
FN:350,(anonymous_20)
FN:358,(anonymous_21)
FN:390,(anonymous_22)
FN:391,(anonymous_23)
FNF:24
FNH:10
FNDA:0,(anonymous_0)
FNDA:0,(anonymous_1)
FNDA:0,(anonymous_2)
FNDA:1,mainHandler
FNDA:0,(anonymous_4)
FNDA:0,(anonymous_5)
FNDA:253,(anonymous_6)
FNDA:247,(anonymous_7)
FNDA:107,(anonymous_8)
FNDA:5,checkServicesReady
FNDA:3,(anonymous_10)
FNDA:0,(anonymous_11)
FNDA:1,(anonymous_12)
FNDA:4,(anonymous_13)
FNDA:1,(anonymous_14)
FNDA:0,(anonymous_15)
FNDA:1,(anonymous_16)
FNDA:0,(anonymous_17)
FNDA:0,(anonymous_18)
FNDA:0,(anonymous_19)
FNDA:0,(anonymous_20)
FNDA:0,(anonymous_21)
FNDA:0,(anonymous_22)
FNDA:0,(anonymous_23)
DA:2,13
DA:3,13
DA:5,13
DA:6,0
DA:7,0
DA:10,13
DA:11,0
DA:12,0
DA:13,0
DA:14,0
DA:18,13
DA:19,13
DA:20,13
DA:21,13
DA:22,13
DA:23,13
DA:24,13
DA:25,13
DA:27,13
DA:28,13
DA:29,13
DA:30,13
DA:31,13
DA:32,13
DA:33,13
DA:36,13
DA:37,13
DA:38,13
DA:39,13
DA:40,13
DA:41,13
DA:42,13
DA:44,13
DA:48,13
DA:49,13
DA:51,13
DA:52,13
DA:55,13
DA:56,13
DA:57,1
DA:62,13
DA:63,0
DA:64,0
DA:66,0
DA:67,0
DA:71,0
DA:72,0
DA:74,0
DA:81,0
DA:90,0
DA:91,0
DA:95,0
DA:96,0
DA:97,0
DA:99,0
DA:100,0
DA:101,0
DA:106,13
DA:107,13
DA:112,13
DA:115,253
DA:116,0
DA:117,0
DA:118,0
DA:123,0
DA:125,0
DA:128,0
DA:136,13
DA:137,247
DA:138,247
DA:139,247
DA:143,13
DA:148,13
DA:151,13
DA:152,13
DA:155,13
DA:159,107
DA:163,13
DA:166,13
DA:167,0
DA:172,5
DA:173,5
DA:174,5
DA:177,5
DA:178,1
DA:182,4
DA:183,1
DA:185,3
DA:188,3
DA:194,13
DA:195,1
DA:198,13
DA:199,4
DA:200,0
DA:202,4
DA:203,4
DA:204,1
DA:206,3
DA:210,13
DA:211,1
DA:212,0
DA:214,1
DA:215,1
DA:216,1
DA:217,1
DA:219,1
DA:231,0
DA:236,13
DA:237,13
DA:238,13
DA:239,13
DA:240,13
DA:241,13
DA:246,13
DA:247,13
DA:250,13
DA:251,13
DA:252,13
DA:253,13
DA:259,13
DA:260,13
DA:268,13
DA:271,13
DA:272,13
DA:275,13
DA:276,13
DA:279,13
DA:280,13
DA:283,13
DA:284,0
DA:288,13
DA:292,13
DA:293,1
DA:294,1
DA:297,1
DA:298,0
DA:299,0
DA:305,1
DA:306,0
DA:307,0
DA:313,1
DA:314,0
DA:317,1
DA:318,0
DA:322,1
DA:331,13
DA:332,0
DA:333,0
DA:336,0
DA:337,0
DA:342,13
DA:343,0
DA:344,0
DA:345,0
DA:350,0
DA:351,0
DA:352,0
DA:354,0
DA:356,0
DA:357,0
DA:358,0
DA:359,0
DA:362,0
DA:363,0
DA:364,0
DA:365,0
DA:367,0
DA:368,0
DA:369,0
DA:371,0
DA:372,0
DA:373,0
DA:375,0
DA:376,0
DA:377,0
DA:379,0
DA:381,0
DA:382,0
DA:383,0
DA:385,0
DA:386,0
DA:390,13
DA:391,13
DA:393,13
LF:184
LH:111
BRDA:52,0,0,13
BRDA:52,0,1,0
BRDA:55,1,0,13
BRDA:55,1,1,0
BRDA:62,2,0,0
BRDA:62,2,1,13
BRDA:90,3,0,0
BRDA:90,3,1,0
BRDA:115,4,0,253
BRDA:115,4,1,0
BRDA:116,5,0,0
BRDA:116,5,1,0
BRDA:118,6,0,0
BRDA:118,6,1,0
BRDA:119,7,0,0
BRDA:119,7,1,0
BRDA:119,7,2,0
BRDA:144,8,0,13
BRDA:144,8,1,0
BRDA:145,9,0,13
BRDA:145,9,1,0
BRDA:166,10,0,0
BRDA:166,10,1,13
BRDA:177,11,0,1
BRDA:177,11,1,4
BRDA:182,12,0,1
BRDA:182,12,1,3
BRDA:199,13,0,0
BRDA:199,13,1,4
BRDA:211,14,0,0
BRDA:211,14,1,1
BRDA:225,15,0,1
BRDA:225,15,1,0
BRDA:226,16,0,1
BRDA:226,16,1,0
BRDA:293,17,0,1
BRDA:293,17,1,0
BRDA:297,18,0,0
BRDA:297,18,1,1
BRDA:305,19,0,0
BRDA:305,19,1,1
BRDA:313,20,0,0
BRDA:313,20,1,1
BRDA:317,21,0,0
BRDA:317,21,1,1
BRDA:322,22,0,1
BRDA:322,22,1,1
BRDA:323,23,0,1
BRDA:323,23,1,0
BRDA:325,24,0,1
BRDA:325,24,1,0
BRDA:331,25,0,0
BRDA:331,25,1,13
BRDA:343,26,0,0
BRDA:343,26,1,0
BRDA:356,27,0,0
BRDA:356,27,1,0
BRDA:372,28,0,0
BRDA:372,28,1,0
BRDA:376,29,0,0
BRDA:376,29,1,0
BRDA:376,30,0,0
BRDA:376,30,1,0
BRF:63
BRH:25
end_of_record
TN:
SF:src\config\database.js
FN:4,(anonymous_0)
FN:19,(anonymous_1)
FN:31,(anonymous_2)
FN:47,(anonymous_3)
FN:60,(anonymous_4)
FNF:5
FNH:0
FNDA:0,(anonymous_0)
FNDA:0,(anonymous_1)
FNDA:0,(anonymous_2)
FNDA:0,(anonymous_3)
FNDA:0,(anonymous_4)
DA:1,14
DA:2,14
DA:4,14
DA:5,0
DA:7,0
DA:9,0
DA:16,0
DA:19,0
DA:20,0
DA:21,0
DA:24,0
DA:25,0
DA:27,0
DA:31,0
DA:32,0
DA:33,0
DA:36,0
DA:37,0
DA:43,0
DA:47,0
DA:48,0
DA:51,0
DA:52,0
DA:53,0
DA:60,14
DA:61,0
DA:62,0
DA:63,0
DA:64,0
DA:66,0
DA:67,0
DA:71,14
LF:32
LH:5
BRF:0
BRH:0
end_of_record
TN:
SF:src\config\jwt.js
FNF:0
FNH:0
DA:4,18
LF:1
LH:1
BRDA:5,0,0,18
BRDA:5,0,1,4
BRDA:5,0,2,0
BRDA:7,1,0,18
BRDA:7,1,1,4
BRDA:7,1,2,4
BRDA:7,1,3,0
BRDA:11,2,0,18
BRDA:11,2,1,18
BRDA:12,3,0,18
BRDA:12,3,1,4
BRDA:14,4,0,18
BRDA:14,4,1,18
BRDA:17,5,0,18
BRDA:17,5,1,18
BRF:15
BRH:13
end_of_record
TN:
SF:src\constants\auth.js
FNF:0
FNH:0
DA:1,13
LF:1
LH:1
BRF:0
BRH:0
end_of_record
TN:
SF:src\controllers\authController.js
FN:7,sendError
FN:23,register
FN:48,(anonymous_2)
FN:60,login
FN:93,logout
FN:114,deleteMe
FN:139,(anonymous_6)
FN:146,(anonymous_7)
FN:218,(anonymous_8)
FN:250,deactivateMe
FN:299,exportMyData
FN:366,refresh
FN:378,resetPassword
FN:388,resetPasswordVerify
FN:399,me
FN:498,createUser
FN:514,changePassword
FN:532,patientCity
FN:578,updateMe
FN:674,uploadAvatar
FN:772,sendOtp
FN:839,verifyOtp
FN:957,setPassword
FN:975,switchRole
FNF:24
FNH:11
FNDA:13,sendError
FNDA:9,register
FNDA:0,(anonymous_2)
FNDA:9,login
FNDA:1,logout
FNDA:0,deleteMe
FNDA:0,(anonymous_6)
FNDA:0,(anonymous_7)
FNDA:0,(anonymous_8)
FNDA:0,deactivateMe
FNDA:2,exportMyData
FNDA:3,refresh
FNDA:0,resetPassword
FNDA:0,resetPasswordVerify
FNDA:3,me
FNDA:3,createUser
FNDA:0,changePassword
FNDA:0,patientCity
FNDA:1,updateMe
FNDA:1,uploadAvatar
FNDA:0,sendOtp
FNDA:0,verifyOtp
FNDA:0,setPassword
FNDA:2,switchRole
DA:1,13
DA:2,13
DA:3,13
DA:4,13
DA:5,13
DA:8,13
DA:9,13
DA:16,13
DA:17,0
DA:18,0
DA:20,13
DA:24,9
DA:25,9
DA:26,5
DA:28,4
DA:29,0
DA:31,0
DA:35,0
DA:41,0
DA:42,0
DA:47,0
DA:48,0
DA:49,0
DA:53,0
DA:61,9
DA:62,9
DA:63,5
DA:65,4
DA:66,0
DA:68,0
DA:73,0
DA:79,0
DA:80,0
DA:85,0
DA:86,0
DA:94,1
DA:96,1
DA:99,1
DA:101,1
DA:106,1
DA:107,1
DA:109,0
DA:110,0
DA:115,0
DA:116,0
DA:117,0
DA:119,0
DA:123,0
DA:125,0
DA:126,0
DA:127,0
DA:128,0
DA:129,0
DA:130,0
DA:131,0
DA:132,0
DA:135,0
DA:136,0
DA:137,0
DA:140,0
DA:145,0
DA:146,0
DA:147,0
DA:152,0
DA:169,0
DA:171,0
DA:186,0
DA:188,0
DA:189,0
DA:191,0
DA:192,0
DA:193,0
DA:203,0
DA:206,0
DA:207,0
DA:208,0
DA:210,0
DA:215,0
DA:216,0
DA:219,0
DA:224,0
DA:225,0
DA:226,0
DA:233,0
DA:238,0
DA:240,0
DA:245,0
DA:246,0
DA:251,0
DA:252,0
DA:253,0
DA:255,0
DA:259,0
DA:260,0
DA:265,0
DA:266,0
DA:267,0
DA:268,0
DA:271,0
DA:273,0
DA:276,0
DA:281,0
DA:286,0
DA:288,0
DA:293,0
DA:294,0
DA:300,2
DA:301,2
DA:302,2
DA:304,2
DA:305,1
DA:306,1
DA:307,1
DA:309,1
DA:310,1
DA:311,0
DA:315,1
DA:316,1
DA:318,1
DA:321,1
DA:324,1
DA:328,1
DA:329,1
DA:330,1
DA:331,1
DA:333,1
DA:336,1
DA:340,2
DA:344,2
DA:352,2
DA:353,2
DA:357,2
DA:359,0
DA:360,0
DA:367,3
DA:368,3
DA:369,3
DA:370,1
DA:372,2
DA:373,0
DA:374,0
DA:379,0
DA:380,0
DA:381,0
DA:383,0
DA:384,0
DA:389,0
DA:390,0
DA:391,0
DA:393,0
DA:394,0
DA:395,0
DA:400,3
DA:401,3
DA:402,3
DA:404,3
DA:405,2
DA:407,2
DA:410,2
DA:435,2
DA:439,1
DA:440,0
DA:441,0
DA:445,1
DA:450,1
DA:451,1
DA:452,0
DA:454,0
DA:455,0
DA:460,0
DA:461,0
DA:462,0
DA:466,1
DA:493,0
DA:494,0
DA:499,3
DA:500,3
DA:501,1
DA:503,2
DA:504,0
DA:505,0
DA:506,0
DA:510,0
DA:515,0
DA:517,0
DA:518,0
DA:524,0
DA:526,0
DA:527,0
DA:528,0
DA:533,0
DA:534,0
DA:535,0
DA:536,0
DA:539,0
DA:540,0
DA:542,0
DA:548,0
DA:549,0
DA:552,0
DA:553,0
DA:554,0
DA:555,0
DA:558,0
DA:567,0
DA:573,0
DA:574,0
DA:579,1
DA:580,1
DA:581,1
DA:582,1
DA:583,1
DA:584,1
DA:586,1
DA:587,0
DA:588,0
DA:589,0
DA:590,0
DA:591,0
DA:592,0
DA:596,0
DA:599,1
DA:600,1
DA:601,1
DA:609,1
DA:619,1
DA:634,0
DA:643,0
DA:654,0
DA:669,0
DA:670,0
DA:675,1
DA:676,1
DA:677,1
DA:678,0
DA:682,1
DA:683,1
DA:684,1
DA:686,0
DA:687,0
DA:690,1
DA:691,1
DA:692,0
DA:695,1
DA:696,1
DA:697,1
DA:698,1
DA:699,0
DA:704,1
DA:705,1
DA:706,1
DA:708,1
DA:709,1
DA:711,1
DA:718,1
DA:719,0
DA:720,0
DA:725,1
DA:730,1
DA:731,0
DA:732,0
DA:733,0
DA:734,0
DA:735,0
DA:738,0
DA:741,0
DA:745,1
DA:746,1
DA:748,1
DA:759,1
DA:765,0
DA:766,0
DA:773,0
DA:774,0
DA:775,0
DA:776,0
DA:781,0
DA:782,0
DA:788,0
DA:789,0
DA:790,0
DA:791,0
DA:792,0
DA:793,0
DA:797,0
DA:798,0
DA:799,0
DA:802,0
DA:803,0
DA:804,0
DA:806,0
DA:807,0
DA:811,0
DA:812,0
DA:819,0
DA:822,0
DA:824,0
DA:829,0
DA:832,0
DA:833,0
DA:840,0
DA:841,0
DA:842,0
DA:843,0
DA:847,0
DA:848,0
DA:849,0
DA:851,0
DA:852,0
DA:853,0
DA:856,0
DA:857,0
DA:861,0
DA:862,0
DA:864,0
DA:865,0
DA:866,0
DA:868,0
DA:874,0
DA:875,0
DA:876,0
DA:877,0
DA:882,0
DA:883,0
DA:884,0
DA:885,0
DA:886,0
DA:887,0
DA:888,0
DA:892,0
DA:894,0
DA:897,0
DA:899,0
DA:900,0
DA:912,0
DA:913,0
DA:922,0
DA:926,0
DA:950,0
DA:952,0
DA:953,0
DA:958,0
DA:960,0
DA:961,0
DA:967,0
DA:969,0
DA:970,0
DA:971,0
DA:976,2
DA:977,2
DA:978,2
DA:979,0
DA:981,2
DA:982,1
DA:984,1
DA:985,0
DA:986,0
DA:990,13
LF:358
LH:114
BRDA:8,0,0,13
BRDA:8,0,1,0
BRDA:10,1,0,13
BRDA:10,1,1,0
BRDA:11,2,0,13
BRDA:11,2,1,10
BRDA:12,3,0,13
BRDA:12,3,1,0
BRDA:13,4,0,13
BRDA:13,4,1,0
BRDA:14,5,0,13
BRDA:14,5,1,1
BRDA:16,6,0,0
BRDA:16,6,1,13
BRDA:16,7,0,13
BRDA:16,7,1,0
BRDA:28,8,0,4
BRDA:28,8,1,0
BRDA:31,9,0,0
BRDA:31,9,1,0
BRDA:32,10,0,0
BRDA:32,10,1,0
BRDA:41,11,0,0
BRDA:41,11,1,0
BRDA:41,12,0,0
BRDA:41,12,1,0
BRDA:47,13,0,0
BRDA:47,13,1,0
BRDA:65,14,0,4
BRDA:65,14,1,0
BRDA:68,15,0,0
BRDA:68,15,1,0
BRDA:69,16,0,0
BRDA:69,16,1,0
BRDA:69,16,2,0
BRDA:79,17,0,0
BRDA:79,17,1,0
BRDA:79,18,0,0
BRDA:79,18,1,0
BRDA:96,19,0,1
BRDA:96,19,1,1
BRDA:96,19,2,0
BRDA:101,20,0,0
BRDA:101,20,1,1
BRDA:103,21,0,0
BRDA:103,21,1,1
BRDA:119,22,0,0
BRDA:119,22,1,0
BRDA:119,22,2,0
BRDA:123,23,0,0
BRDA:123,23,1,0
BRDA:135,24,0,0
BRDA:135,24,1,0
BRDA:145,25,0,0
BRDA:145,25,1,0
BRDA:186,26,0,0
BRDA:186,26,1,0
BRDA:206,27,0,0
BRDA:206,27,1,0
BRDA:210,28,0,0
BRDA:210,28,1,0
BRDA:212,29,0,0
BRDA:212,29,1,0
BRDA:215,30,0,0
BRDA:215,30,1,0
BRDA:233,31,0,0
BRDA:233,31,1,0
BRDA:235,32,0,0
BRDA:235,32,1,0
BRDA:255,33,0,0
BRDA:255,33,1,0
BRDA:255,33,2,0
BRDA:259,34,0,0
BRDA:259,34,1,0
BRDA:266,35,0,0
BRDA:266,35,1,0
BRDA:281,36,0,0
BRDA:281,36,1,0
BRDA:283,37,0,0
BRDA:283,37,1,0
BRDA:304,38,0,1
BRDA:304,38,1,1
BRDA:310,39,0,0
BRDA:310,39,1,1
BRDA:340,40,0,2
BRDA:340,40,1,0
BRDA:340,40,2,0
BRDA:340,40,3,0
BRDA:347,41,0,1
BRDA:347,41,1,1
BRDA:372,42,0,2
BRDA:372,42,1,0
BRDA:393,43,0,0
BRDA:393,43,1,0
BRDA:404,44,0,2
BRDA:404,44,1,1
BRDA:415,45,0,2
BRDA:415,45,1,0
BRDA:429,46,0,2
BRDA:429,46,1,1
BRDA:439,47,0,0
BRDA:439,47,1,1
BRDA:451,48,0,0
BRDA:451,48,1,1
BRDA:454,49,0,0
BRDA:454,49,1,0
BRDA:454,50,0,0
BRDA:454,50,1,0
BRDA:460,51,0,0
BRDA:460,51,1,0
BRDA:460,52,0,0
BRDA:460,52,1,0
BRDA:485,53,0,1
BRDA:485,53,1,1
BRDA:503,54,0,2
BRDA:503,54,1,0
BRDA:505,55,0,0
BRDA:505,55,1,0
BRDA:505,56,0,0
BRDA:505,56,1,0
BRDA:517,57,0,0
BRDA:517,57,1,0
BRDA:517,57,2,0
BRDA:526,58,0,0
BRDA:526,58,1,0
BRDA:535,59,0,0
BRDA:535,59,1,0
BRDA:548,60,0,0
BRDA:548,60,1,0
BRDA:553,61,0,0
BRDA:553,61,1,0
BRDA:553,62,0,0
BRDA:553,62,1,0
BRDA:582,63,0,1
BRDA:582,63,1,0
BRDA:583,64,0,1
BRDA:583,64,1,0
BRDA:584,65,0,1
BRDA:584,65,1,0
BRDA:586,66,0,0
BRDA:586,66,1,1
BRDA:588,67,0,0
BRDA:588,67,1,0
BRDA:590,68,0,0
BRDA:590,68,1,0
BRDA:599,69,0,1
BRDA:599,69,1,0
BRDA:677,70,0,0
BRDA:677,70,1,1
BRDA:682,71,0,1
BRDA:682,71,1,0
BRDA:691,72,0,0
BRDA:691,72,1,1
BRDA:698,73,0,0
BRDA:698,73,1,1
BRDA:698,74,0,1
BRDA:698,74,1,1
BRDA:706,75,0,1
BRDA:706,75,1,0
BRDA:709,76,0,1
BRDA:709,76,1,0
BRDA:714,77,0,1
BRDA:714,77,1,0
BRDA:718,78,0,0
BRDA:718,78,1,1
BRDA:730,79,0,0
BRDA:730,79,1,1
BRDA:734,80,0,0
BRDA:734,80,1,0
BRDA:775,81,0,0
BRDA:775,81,1,0
BRDA:775,82,0,0
BRDA:775,82,1,0
BRDA:781,83,0,0
BRDA:781,83,1,0
BRDA:792,84,0,0
BRDA:792,84,1,0
BRDA:798,85,0,0
BRDA:798,85,1,0
BRDA:803,86,0,0
BRDA:803,86,1,0
BRDA:811,87,0,0
BRDA:811,87,1,0
BRDA:835,88,0,0
BRDA:835,88,1,0
BRDA:842,89,0,0
BRDA:842,89,1,0
BRDA:842,90,0,0
BRDA:842,90,1,0
BRDA:847,91,0,0
BRDA:847,91,1,0
BRDA:856,92,0,0
BRDA:856,92,1,0
BRDA:861,93,0,0
BRDA:861,93,1,0
BRDA:865,94,0,0
BRDA:865,94,1,0
BRDA:876,95,0,0
BRDA:876,95,1,0
BRDA:882,96,0,0
BRDA:882,96,1,0
BRDA:892,97,0,0
BRDA:892,97,1,0
BRDA:899,98,0,0
BRDA:899,98,1,0
BRDA:912,99,0,0
BRDA:912,99,1,0
BRDA:945,100,0,0
BRDA:945,100,1,0
BRDA:953,101,0,0
BRDA:953,101,1,0
BRDA:960,102,0,0
BRDA:960,102,1,0
BRDA:960,102,2,0
BRDA:969,103,0,0
BRDA:969,103,1,0
BRDA:978,104,0,0
BRDA:978,104,1,2
BRDA:984,105,0,1
BRDA:984,105,1,0
BRF:220
BRH:51
end_of_record
TN:
SF:src\controllers\mfaController.js
FN:12,sendError
FN:26,setupMfa
FN:46,verifySetup
FN:81,verifyLogin
FN:175,disableMfa
FN:230,mfaStatus
FNF:6
FNH:0
FNDA:0,sendError
FNDA:0,setupMfa
FNDA:0,verifySetup
FNDA:0,verifyLogin
FNDA:0,disableMfa
FNDA:0,mfaStatus
DA:7,13
DA:8,13
DA:9,13
DA:10,13
DA:13,0
DA:14,0
DA:18,0
DA:27,0
DA:28,0
DA:29,0
DA:30,0
DA:32,0
DA:33,0
DA:35,0
DA:36,0
DA:37,0
DA:47,0
DA:48,0
DA:49,0
DA:50,0
DA:55,0
DA:56,0
DA:57,0
DA:59,0
DA:65,0
DA:67,0
DA:68,0
DA:69,0
DA:82,0
DA:83,0
DA:84,0
DA:85,0
DA:89,0
DA:90,0
DA:92,0
DA:93,0
DA:95,0
DA:101,0
DA:102,0
DA:107,0
DA:108,0
DA:110,0
DA:111,0
DA:118,0
DA:124,0
DA:136,0
DA:137,0
DA:148,0
DA:164,0
DA:165,0
DA:166,0
DA:176,0
DA:177,0
DA:178,0
DA:179,0
DA:184,0
DA:185,0
DA:186,0
DA:187,0
DA:192,0
DA:193,0
DA:194,0
DA:200,0
DA:204,0
DA:205,0
DA:212,0
DA:217,0
DA:218,0
DA:220,0
DA:221,0
DA:222,0
DA:231,0
DA:232,0
DA:233,0
DA:234,0
DA:236,0
DA:237,0
DA:239,0
DA:240,0
DA:244,13
LF:80
LH:5
BRDA:13,0,0,0
BRDA:13,0,1,0
BRDA:15,1,0,0
BRDA:15,1,1,0
BRDA:16,2,0,0
BRDA:16,2,1,0
BRDA:30,3,0,0
BRDA:30,3,1,0
BRDA:35,4,0,0
BRDA:35,4,1,0
BRDA:49,5,0,0
BRDA:49,5,1,0
BRDA:49,6,0,0
BRDA:49,6,1,0
BRDA:57,7,0,0
BRDA:57,7,1,0
BRDA:67,8,0,0
BRDA:67,8,1,0
BRDA:84,9,0,0
BRDA:84,9,1,0
BRDA:84,10,0,0
BRDA:84,10,1,0
BRDA:101,11,0,0
BRDA:101,11,1,0
BRDA:110,12,0,0
BRDA:110,12,1,0
BRDA:140,13,0,0
BRDA:140,13,1,0
BRDA:164,14,0,0
BRDA:164,14,1,0
BRDA:178,15,0,0
BRDA:178,15,1,0
BRDA:186,16,0,0
BRDA:186,16,1,0
BRDA:187,17,0,0
BRDA:187,17,1,0
BRDA:193,18,0,0
BRDA:193,18,1,0
BRDA:204,19,0,0
BRDA:204,19,1,0
BRDA:206,20,0,0
BRDA:206,20,1,0
BRDA:220,21,0,0
BRDA:220,21,1,0
BRDA:234,22,0,0
BRDA:234,22,1,0
BRF:46
BRH:0
end_of_record
TN:
SF:src\controllers\notificationController.js
FN:9,getNotifications
FN:42,getUnreadCount
FN:56,markAsRead
FN:78,markAllAsRead
FNF:4
FNH:0
FNDA:0,getNotifications
FNDA:0,getUnreadCount
FNDA:0,markAsRead
FNDA:0,markAllAsRead
DA:7,13
DA:10,0
DA:11,0
DA:12,0
DA:14,0
DA:15,0
DA:16,0
DA:19,0
DA:21,0
DA:26,0
DA:28,0
DA:37,0
DA:38,0
DA:43,0
DA:44,0
DA:45,0
DA:49,0
DA:51,0
DA:52,0
DA:57,0
DA:58,0
DA:59,0
DA:61,0
DA:67,0
DA:68,0
DA:71,0
DA:73,0
DA:74,0
DA:79,0
DA:80,0
DA:82,0
DA:87,0
DA:89,0
DA:90,0
DA:94,13
LF:35
LH:2
BRDA:12,0,0,0
BRDA:12,1,0,0
BRDA:15,2,0,0
BRDA:15,2,1,0
BRDA:67,3,0,0
BRDA:67,3,1,0
BRF:6
BRH:0
end_of_record
TN:
SF:src\controllers\ocrController.js
FN:10,extractPrescription
FN:107,(anonymous_1)
FNF:2
FNH:0
FNDA:0,extractPrescription
FNDA:0,(anonymous_1)
DA:1,13
DA:2,13
DA:11,0
DA:12,0
DA:14,0
DA:15,0
DA:20,0
DA:23,0
DA:24,0
DA:25,0
DA:26,0
DA:32,0
DA:33,0
DA:44,0
DA:46,0
DA:47,0
DA:53,0
DA:54,0
DA:61,0
DA:62,0
DA:63,0
DA:64,0
DA:70,0
DA:86,0
DA:102,0
DA:103,0
DA:106,0
DA:107,0
DA:116,0
DA:120,0
DA:121,0
DA:129,0
DA:132,0
DA:137,0
DA:138,0
DA:139,0
DA:142,0
DA:143,0
DA:151,0
DA:154,0
DA:160,13
LF:41
LH:3
BRDA:14,0,0,0
BRDA:14,0,1,0
BRDA:24,1,0,0
BRDA:24,1,1,0
BRDA:44,2,0,0
BRDA:44,2,1,0
BRDA:53,3,0,0
BRDA:53,3,1,0
BRDA:62,4,0,0
BRDA:62,4,1,0
BRDA:106,5,0,0
BRDA:106,5,1,0
BRDA:106,6,0,0
BRDA:106,6,1,0
BRDA:109,7,0,0
BRDA:109,7,1,0
BRDA:110,8,0,0
BRDA:110,8,1,0
BRDA:111,9,0,0
BRDA:111,9,1,0
BRDA:112,10,0,0
BRDA:112,10,1,0
BRDA:113,11,0,0
BRDA:113,11,1,0
BRDA:122,12,0,0
BRDA:122,12,1,0
BRDA:122,12,2,0
BRDA:138,13,0,0
BRDA:138,13,1,0
BRDA:144,14,0,0
BRDA:144,14,1,0
BRDA:144,14,2,0
BRF:32
BRH:0
end_of_record
TN:
SF:src\jobs\jobQueues.js
FN:15,(anonymous_0)
FNF:1
FNH:1
FNDA:1,(anonymous_0)
DA:10,1
DA:11,1
DA:14,1
DA:15,1
DA:17,1
DA:18,1
DA:19,1
DA:24,1
DA:25,1
DA:26,1
DA:34,0
DA:35,0
DA:44,1
DA:48,1
DA:50,1
DA:59,1
DA:73,1
DA:86,1
DA:99,1
DA:112,1
DA:125,1
DA:136,1
LF:22
LH:20
BRDA:24,0,0,1
BRDA:24,0,1,0
BRDA:24,1,0,1
BRDA:24,1,1,1
BRDA:25,2,0,1
BRDA:25,2,1,0
BRDA:25,3,0,1
BRDA:25,3,1,1
BRDA:27,4,0,1
BRDA:27,4,1,1
BRDA:34,5,0,0
BRDA:34,5,1,0
BRDA:34,6,0,0
BRDA:34,6,1,0
BRDA:36,7,0,0
BRDA:36,7,1,0
BRF:16
BRH:8
end_of_record
TN:
SF:src\jobs\medicationReminderJob.js
FN:23,(anonymous_0)
FN:96,(anonymous_1)
FN:130,(anonymous_2)
FN:179,(anonymous_3)
FN:220,(anonymous_4)
FNF:5
FNH:0
FNDA:0,(anonymous_0)
FNDA:0,(anonymous_1)
FNDA:0,(anonymous_2)
FNDA:0,(anonymous_3)
FNDA:0,(anonymous_4)
DA:1,1
DA:2,1
DA:3,1
DA:4,1
DA:5,1
DA:23,1
DA:24,0
DA:25,0
DA:29,0
DA:30,0
DA:36,0
DA:38,0
DA:39,0
DA:40,0
DA:41,0
DA:46,0
DA:50,0
DA:52,0
DA:89,0
DA:91,0
DA:95,0
DA:96,0
DA:97,0
DA:102,0
DA:107,0
DA:110,0
DA:112,0
DA:113,0
DA:114,0
DA:115,0
DA:119,0
DA:120,0
DA:121,0
DA:122,0
DA:123,0
DA:125,0
DA:128,0
DA:130,0
DA:132,0
DA:133,0
DA:134,0
DA:135,0
DA:137,0
DA:140,0
DA:141,0
DA:144,0
DA:146,0
DA:157,0
DA:158,0
DA:161,0
DA:163,0
DA:167,0
DA:171,0
DA:172,0
DA:179,0
DA:186,0
DA:187,0
DA:188,0
DA:189,0
DA:190,0
DA:192,0
DA:198,0
DA:202,0
DA:210,0
DA:212,0
DA:218,1
DA:220,1
DA:221,0
DA:222,0
DA:225,0
DA:227,0
DA:228,0
DA:231,1
LF:73
LH:9
BRDA:89,0,0,0
BRDA:89,0,1,0
BRDA:97,1,0,0
BRDA:97,1,1,0
BRDA:102,2,0,0
BRDA:102,2,1,0
BRDA:103,3,0,0
BRDA:103,3,1,0
BRDA:103,3,2,0
BRDA:110,4,0,0
BRDA:110,4,1,0
BRDA:112,5,0,0
BRDA:112,5,1,0
BRDA:113,6,0,0
BRDA:113,6,1,0
BRDA:113,7,0,0
BRDA:113,7,1,0
BRDA:115,8,0,0
BRDA:115,8,1,0
BRDA:116,9,0,0
BRDA:116,9,1,0
BRDA:120,10,0,0
BRDA:120,10,1,0
BRDA:120,11,0,0
BRDA:120,11,1,0
BRDA:122,12,0,0
BRDA:122,12,1,0
BRDA:122,13,0,0
BRDA:122,13,1,0
BRDA:128,14,0,0
BRDA:128,14,1,0
BRDA:132,15,0,0
BRDA:132,15,1,0
BRDA:134,16,0,0
BRDA:134,16,1,0
BRDA:140,17,0,0
BRDA:140,17,1,0
BRDA:153,18,0,0
BRDA:153,18,1,0
BRDA:157,19,0,0
BRDA:157,19,1,0
BRDA:186,20,0,0
BRDA:186,20,1,0
BRDA:188,21,0,0
BRDA:188,21,1,0
BRDA:221,22,0,0
BRDA:221,22,1,0
BRF:47
BRH:0
end_of_record
TN:
SF:src\jobs\notificationJob.js
FN:15,processPatients
FN:80,startNotificationCron
FN:85,(anonymous_2)
FNF:3
FNH:0
FNDA:0,processPatients
FNDA:0,startNotificationCron
FNDA:0,(anonymous_2)
DA:8,1
DA:9,1
DA:10,1
DA:11,1
DA:13,1
DA:16,0
DA:19,0
DA:24,0
DA:25,0
DA:26,0
DA:27,0
DA:28,0
DA:31,0
DA:32,0
DA:35,0
DA:39,0
DA:41,0
DA:47,0
DA:49,0
DA:53,0
DA:54,0
DA:58,0
DA:59,0
DA:63,0
DA:64,0
DA:68,0
DA:69,0
DA:72,0
DA:81,0
DA:85,0
DA:86,0
DA:89,0
DA:94,1
LF:33
LH:6
BRDA:26,0,0,0
BRDA:26,0,1,0
BRDA:31,1,0,0
BRDA:31,1,1,0
BRDA:33,2,0,0
BRDA:33,2,1,0
BRDA:36,3,0,0
BRDA:36,3,1,0
BRDA:39,4,0,0
BRDA:39,4,1,0
BRDA:39,5,0,0
BRDA:39,5,1,0
BRDA:47,6,0,0
BRDA:47,6,1,0
BRDA:47,7,0,0
BRDA:47,7,1,0
BRDA:53,8,0,0
BRDA:53,8,1,0
BRDA:53,9,0,0
BRDA:53,9,1,0
BRDA:58,10,0,0
BRDA:58,10,1,0
BRDA:58,11,0,0
BRDA:58,11,1,0
BRDA:63,12,0,0
BRDA:63,12,1,0
BRDA:63,13,0,0
BRDA:63,13,1,0
BRDA:68,14,0,0
BRDA:68,14,1,0
BRDA:68,15,0,0
BRDA:68,15,1,0
BRDA:81,16,0,0
BRDA:81,16,1,0
BRF:34
BRH:0
end_of_record
TN:
SF:src\jobs\receiptPollingJob.js
FN:11,(anonymous_0)
FN:181,(anonymous_1)
FN:222,(anonymous_2)
FNF:3
FNH:2
FNDA:6,(anonymous_0)
FNDA:1,(anonymous_1)
FNDA:0,(anonymous_2)
DA:1,1
DA:2,1
DA:3,1
DA:4,1
DA:6,1
DA:11,1
DA:12,6
DA:13,6
DA:17,6
DA:19,6
DA:20,6
DA:26,6
DA:27,1
DA:28,1
DA:32,5
DA:33,5
DA:34,7
DA:36,5
DA:38,5
DA:43,5
DA:44,5
DA:45,5
DA:47,5
DA:48,5
DA:63,5
DA:64,5
DA:65,0
DA:69,0
DA:73,5
DA:74,7
DA:75,7
DA:77,1
DA:80,6
DA:81,6
DA:83,6
DA:85,2
DA:97,2
DA:98,2
DA:102,4
DA:104,4
DA:105,4
DA:110,4
DA:122,4
DA:127,4
DA:128,4
DA:129,4
DA:131,4
DA:132,4
DA:136,4
DA:138,3
DA:139,3
DA:140,1
DA:143,1
DA:150,2
DA:153,2
DA:163,0
DA:170,0
DA:172,6
DA:181,1
DA:182,1
DA:183,1
DA:185,1
DA:186,1
DA:187,1
DA:193,1
DA:201,1
DA:208,1
DA:212,0
DA:214,1
DA:220,1
DA:222,1
DA:223,0
DA:224,0
DA:227,0
DA:230,0
DA:233,0
DA:235,0
DA:236,0
DA:239,1
LF:79
LH:67
BRDA:26,0,0,1
BRDA:26,0,1,5
BRDA:64,1,0,0
BRDA:64,1,1,5
BRDA:64,2,0,5
BRDA:64,2,1,5
BRDA:75,3,0,1
BRDA:75,3,1,6
BRDA:81,4,0,0
BRDA:81,4,1,6
BRDA:83,5,0,2
BRDA:83,5,1,4
BRDA:97,6,0,2
BRDA:97,6,1,0
BRDA:102,7,0,4
BRDA:102,7,1,0
BRDA:104,8,0,4
BRDA:104,8,1,0
BRDA:104,8,2,0
BRDA:127,9,0,4
BRDA:127,9,1,0
BRDA:131,10,0,4
BRDA:131,10,1,0
BRDA:131,11,0,4
BRDA:131,11,1,4
BRDA:136,12,0,3
BRDA:136,12,1,1
BRDA:136,13,0,4
BRDA:136,13,1,4
BRDA:138,14,0,3
BRDA:138,14,1,2
BRDA:139,15,0,1
BRDA:139,15,1,2
BRDA:223,16,0,0
BRDA:223,16,1,0
BRF:35
BRH:25
end_of_record
TN:
SF:src\jobs\redisConnection.js
FN:11,getRedisConnection
FNF:1
FNH:1
FNDA:3,getRedisConnection
DA:12,3
DA:13,1
DA:14,1
DA:26,2
DA:34,3
LF:5
LH:5
BRDA:12,0,0,1
BRDA:12,0,1,2
BRDA:16,1,0,1
BRDA:16,1,1,0
BRDA:17,2,0,1
BRDA:17,2,1,0
BRDA:19,3,0,1
BRDA:19,3,1,0
BRDA:27,4,0,2
BRDA:27,4,1,2
BRDA:28,5,0,2
BRDA:28,5,1,2
BRDA:29,6,0,2
BRDA:29,6,1,2
BRF:14
BRH:11
end_of_record
TN:
SF:src\middleware\authenticate.js
FN:15,touchCallerActivity
FN:36,(anonymous_1)
FN:44,(anonymous_2)
FN:50,getSupabase
FN:66,buildReqUserFromProfile
FN:79,attachJwtUser
FN:219,attachSupabaseUser
FN:420,runAuthGuards
FN:474,(anonymous_8)
FN:515,(anonymous_9)
FN:546,(anonymous_10)
FN:596,(anonymous_11)
FN:597,(anonymous_12)
FN:614,(anonymous_13)
FN:614,(anonymous_14)
FN:634,(anonymous_15)
FN:635,(anonymous_16)
FNF:17
FNH:12
FNDA:4,touchCallerActivity
FNDA:0,(anonymous_1)
FNDA:0,(anonymous_2)
FNDA:6,getSupabase
FNDA:0,buildReqUserFromProfile
FNDA:6,attachJwtUser
FNDA:6,attachSupabaseUser
FNDA:4,runAuthGuards
FNDA:7,(anonymous_8)
FNDA:0,(anonymous_9)
FNDA:0,(anonymous_10)
FNDA:21,(anonymous_11)
FNDA:3,(anonymous_12)
FNDA:4,(anonymous_13)
FNDA:4,(anonymous_14)
FNDA:4,(anonymous_15)
FNDA:4,(anonymous_16)
DA:1,7
DA:2,7
DA:3,7
DA:4,7
DA:5,7
DA:6,7
DA:7,7
DA:16,4
DA:17,4
DA:20,0
DA:21,0
DA:22,0
DA:30,0
DA:33,0
DA:37,0
DA:41,0
DA:45,0
DA:49,7
DA:51,6
DA:52,6
DA:53,0
DA:54,6
DA:55,1
DA:63,6
DA:67,0
DA:68,0
DA:80,6
DA:82,6
DA:83,6
DA:84,0
DA:88,0
DA:90,6
DA:93,0
DA:94,0
DA:97,0
DA:98,0
DA:99,0
DA:104,0
DA:105,0
DA:106,0
DA:107,0
DA:108,0
DA:118,0
DA:119,0
DA:121,0
DA:125,0
DA:126,0
DA:127,0
DA:134,0
DA:135,0
DA:139,0
DA:140,0
DA:141,0
DA:142,0
DA:147,0
DA:148,0
DA:152,0
DA:153,0
DA:154,0
DA:155,0
DA:160,0
DA:161,0
DA:164,0
DA:165,0
DA:169,0
DA:170,0
DA:171,0
DA:172,0
DA:175,0
DA:176,0
DA:177,0
DA:178,0
DA:179,0
DA:184,0
DA:185,0
DA:186,0
DA:187,0
DA:190,0
DA:196,0
DA:202,0
DA:203,0
DA:205,0
DA:209,0
DA:211,0
DA:220,6
DA:221,6
DA:222,6
DA:227,6
DA:228,6
DA:229,1
DA:238,1
DA:241,5
DA:246,5
DA:247,0
DA:248,0
DA:253,0
DA:254,0
DA:255,0
DA:256,0
DA:258,0
DA:260,0
DA:261,0
DA:264,0
DA:265,0
DA:269,0
DA:270,0
DA:271,0
DA:272,0
DA:274,0
DA:275,0
DA:276,0
DA:277,0
DA:282,0
DA:283,0
DA:284,0
DA:290,0
DA:296,0
DA:297,0
DA:299,0
DA:302,0
DA:303,0
DA:304,0
DA:308,5
DA:313,5
DA:314,2
DA:315,2
DA:318,5
DA:319,0
DA:323,0
DA:324,0
DA:325,0
DA:326,0
DA:331,0
DA:332,0
DA:336,0
DA:337,0
DA:338,0
DA:339,0
DA:344,5
DA:345,2
DA:346,2
DA:351,0
DA:352,0
DA:353,0
DA:354,0
DA:356,2
DA:358,2
DA:359,0
DA:362,0
DA:363,0
DA:367,0
DA:368,0
DA:369,0
DA:370,0
DA:372,0
DA:373,0
DA:374,0
DA:375,0
DA:379,2
DA:380,1
DA:381,1
DA:385,5
DA:386,1
DA:387,1
DA:388,1
DA:392,4
DA:398,4
DA:404,4
DA:410,4
DA:411,4
DA:415,4
DA:417,4
DA:421,4
DA:422,1
DA:435,1
DA:442,3
DA:447,1
DA:453,2
DA:454,0
DA:457,2
DA:471,2
DA:474,7
DA:475,7
DA:476,7
DA:477,7
DA:478,7
DA:479,1
DA:485,6
DA:486,6
DA:487,6
DA:488,6
DA:491,6
DA:492,2
DA:493,1
DA:498,1
DA:503,4
DA:504,4
DA:506,2
DA:508,0
DA:509,0
DA:515,7
DA:516,0
DA:517,0
DA:518,0
DA:520,0
DA:521,0
DA:522,0
DA:523,0
DA:526,0
DA:533,0
DA:536,0
DA:537,0
DA:538,0
DA:539,0
DA:541,0
DA:542,0
DA:546,7
DA:547,0
DA:548,0
DA:549,0
DA:550,0
DA:551,0
DA:557,0
DA:558,0
DA:559,0
DA:560,0
DA:563,0
DA:564,0
DA:565,0
DA:573,0
DA:574,0
DA:575,0
DA:580,0
DA:586,0
DA:587,0
DA:588,0
DA:590,0
DA:591,0
DA:596,7
DA:597,21
DA:598,3
DA:599,1
DA:603,2
DA:604,1
DA:611,1
DA:614,7
DA:615,4
DA:616,1
DA:620,3
DA:621,2
DA:625,1
DA:630,1
DA:634,7
DA:635,4
DA:636,4
DA:637,1
DA:641,3
DA:642,2
DA:643,2
DA:644,1
DA:649,1
DA:652,7
LF:262
LH:103
BRDA:16,0,0,4
BRDA:16,0,1,0
BRDA:16,1,0,4
BRDA:16,1,1,4
BRDA:16,1,2,4
BRDA:51,2,0,0
BRDA:51,2,1,6
BRDA:52,3,0,0
BRDA:52,3,1,6
BRDA:52,4,0,6
BRDA:52,4,1,6
BRDA:54,5,0,1
BRDA:54,5,1,5
BRDA:67,6,0,0
BRDA:67,6,1,0
BRDA:71,7,0,0
BRDA:71,7,1,0
BRDA:88,8,0,0
BRDA:88,8,1,0
BRDA:97,9,0,0
BRDA:97,9,1,0
BRDA:99,10,0,0
BRDA:99,10,1,0
BRDA:100,11,0,0
BRDA:100,11,1,0
BRDA:100,11,2,0
BRDA:118,12,0,0
BRDA:118,12,1,0
BRDA:118,13,0,0
BRDA:118,13,1,0
BRDA:119,14,0,0
BRDA:119,14,1,0
BRDA:125,15,0,0
BRDA:125,15,1,0
BRDA:134,16,0,0
BRDA:134,16,1,0
BRDA:134,17,0,0
BRDA:134,17,1,0
BRDA:134,17,2,0
BRDA:139,18,0,0
BRDA:139,18,1,0
BRDA:152,19,0,0
BRDA:152,19,1,0
BRDA:160,20,0,0
BRDA:160,20,1,0
BRDA:160,21,0,0
BRDA:160,21,1,0
BRDA:160,21,2,0
BRDA:164,22,0,0
BRDA:164,22,1,0
BRDA:165,23,0,0
BRDA:165,23,1,0
BRDA:166,24,0,0
BRDA:166,24,1,0
BRDA:175,25,0,0
BRDA:175,25,1,0
BRDA:184,26,0,0
BRDA:184,26,1,0
BRDA:190,27,0,0
BRDA:190,27,1,0
BRDA:192,28,0,0
BRDA:192,28,1,0
BRDA:221,29,0,0
BRDA:221,29,1,6
BRDA:228,30,0,1
BRDA:228,30,1,5
BRDA:228,31,0,6
BRDA:228,31,1,5
BRDA:236,32,0,1
BRDA:236,32,1,0
BRDA:241,33,0,5
BRDA:241,33,1,5
BRDA:246,34,0,0
BRDA:246,34,1,5
BRDA:248,35,0,0
BRDA:248,35,1,0
BRDA:249,36,0,0
BRDA:249,36,1,0
BRDA:249,36,2,0
BRDA:258,37,0,0
BRDA:258,37,1,0
BRDA:258,38,0,0
BRDA:258,38,1,0
BRDA:260,39,0,0
BRDA:260,39,1,0
BRDA:260,40,0,0
BRDA:260,40,1,0
BRDA:264,41,0,0
BRDA:264,41,1,0
BRDA:265,42,0,0
BRDA:265,42,1,0
BRDA:266,43,0,0
BRDA:266,43,1,0
BRDA:274,44,0,0
BRDA:274,44,1,0
BRDA:282,45,0,0
BRDA:282,45,1,0
BRDA:313,46,0,2
BRDA:313,46,1,3
BRDA:318,47,0,0
BRDA:318,47,1,5
BRDA:318,48,0,5
BRDA:318,48,1,2
BRDA:323,49,0,0
BRDA:323,49,1,0
BRDA:336,50,0,0
BRDA:336,50,1,0
BRDA:344,51,0,2
BRDA:344,51,1,3
BRDA:346,52,0,0
BRDA:346,52,1,2
BRDA:347,53,0,2
BRDA:347,53,1,1
BRDA:347,53,2,0
BRDA:356,54,0,0
BRDA:356,54,1,2
BRDA:356,55,0,2
BRDA:356,55,1,1
BRDA:358,56,0,0
BRDA:358,56,1,2
BRDA:358,57,0,2
BRDA:358,57,1,1
BRDA:362,58,0,0
BRDA:362,58,1,0
BRDA:363,59,0,0
BRDA:363,59,1,0
BRDA:364,60,0,0
BRDA:364,60,1,0
BRDA:372,61,0,0
BRDA:372,61,1,0
BRDA:379,62,0,1
BRDA:379,62,1,1
BRDA:385,63,0,1
BRDA:385,63,1,4
BRDA:392,64,0,1
BRDA:392,64,1,3
BRDA:394,65,0,0
BRDA:394,65,1,3
BRDA:421,66,0,1
BRDA:421,66,1,3
BRDA:423,67,0,1
BRDA:423,67,1,0
BRDA:442,68,0,1
BRDA:442,68,1,2
BRDA:443,69,0,3
BRDA:443,69,1,3
BRDA:443,69,2,2
BRDA:453,70,0,0
BRDA:453,70,1,2
BRDA:458,71,0,2
BRDA:458,71,1,0
BRDA:476,72,0,0
BRDA:476,72,1,7
BRDA:476,73,0,7
BRDA:476,73,1,0
BRDA:478,74,0,1
BRDA:478,74,1,6
BRDA:487,75,0,6
BRDA:487,75,1,0
BRDA:491,76,0,2
BRDA:491,76,1,4
BRDA:491,77,0,6
BRDA:491,77,1,4
BRDA:492,78,0,1
BRDA:492,78,1,1
BRDA:504,79,0,2
BRDA:504,79,1,2
BRDA:518,80,0,0
BRDA:518,80,1,0
BRDA:522,81,0,0
BRDA:522,81,1,0
BRDA:526,82,0,0
BRDA:526,82,1,0
BRDA:527,83,0,0
BRDA:527,83,1,0
BRDA:527,83,2,0
BRDA:527,83,3,0
BRDA:527,83,4,0
BRDA:548,84,0,0
BRDA:548,84,1,0
BRDA:548,85,0,0
BRDA:548,85,1,0
BRDA:550,86,0,0
BRDA:550,86,1,0
BRDA:559,87,0,0
BRDA:559,87,1,0
BRDA:564,88,0,0
BRDA:564,88,1,0
BRDA:574,89,0,0
BRDA:574,89,1,0
BRDA:574,90,0,0
BRDA:574,90,1,0
BRDA:598,91,0,1
BRDA:598,91,1,2
BRDA:603,92,0,1
BRDA:603,92,1,1
BRDA:615,93,0,1
BRDA:615,93,1,3
BRDA:620,94,0,1
BRDA:620,94,1,2
BRDA:621,95,0,1
BRDA:621,95,1,1
BRDA:622,96,0,2
BRDA:622,96,1,2
BRDA:634,97,0,4
BRDA:636,98,0,1
BRDA:636,98,1,3
BRDA:641,99,0,1
BRDA:641,99,1,2
BRDA:643,100,0,1
BRDA:643,100,1,1
BRF:211
BRH:84
end_of_record
TN:
SF:src\middleware\authorize.js
FN:5,auditUid
FN:20,(anonymous_1)
FN:23,(anonymous_2)
FN:124,(anonymous_3)
FN:127,(anonymous_4)
FN:216,(anonymous_5)
FN:219,(anonymous_6)
FN:237,(anonymous_7)
FN:246,(anonymous_8)
FN:305,(anonymous_9)
FN:306,(anonymous_10)
FN:381,checkSpecialAccess
FNF:12
FNH:12
FNDA:5,auditUid
FNDA:151,(anonymous_1)
FNDA:4,(anonymous_2)
FNDA:3,(anonymous_3)
FNDA:3,(anonymous_4)
FNDA:3,(anonymous_5)
FNDA:3,(anonymous_6)
FNDA:4,(anonymous_7)
FNDA:2,(anonymous_8)
FNDA:19,(anonymous_9)
FNDA:12,(anonymous_10)
FNDA:7,checkSpecialAccess
DA:1,8
DA:2,8
DA:3,8
DA:6,5
DA:7,5
DA:20,8
DA:21,151
DA:23,151
DA:24,4
DA:26,4
DA:27,1
DA:33,3
DA:36,3
DA:37,1
DA:41,2
DA:47,2
DA:49,1
DA:50,1
DA:67,1
DA:76,1
DA:77,0
DA:92,1
DA:94,0
DA:97,0
DA:112,0
DA:124,8
DA:125,3
DA:127,3
DA:128,3
DA:129,3
DA:130,0
DA:136,3
DA:139,3
DA:140,1
DA:144,2
DA:145,2
DA:147,2
DA:148,4
DA:153,4
DA:154,1
DA:155,1
DA:156,1
DA:160,2
DA:161,1
DA:162,1
DA:178,1
DA:187,1
DA:201,1
DA:203,0
DA:204,0
DA:216,8
DA:217,3
DA:219,3
DA:220,3
DA:221,3
DA:222,0
DA:228,3
DA:231,3
DA:232,1
DA:236,2
DA:238,4
DA:242,2
DA:244,2
DA:245,1
DA:246,2
DA:249,1
DA:250,1
DA:267,1
DA:277,1
DA:290,1
DA:292,0
DA:293,0
DA:305,8
DA:306,19
DA:307,12
DA:308,12
DA:309,0
DA:315,12
DA:318,12
DA:319,1
DA:323,11
DA:329,11
DA:330,1
DA:339,10
DA:340,10
DA:342,10
DA:343,9
DA:347,9
DA:349,7
DA:356,7
DA:357,4
DA:366,6
DA:368,0
DA:369,0
DA:382,7
DA:383,7
DA:385,7
DA:389,6
DA:390,6
DA:394,5
DA:397,6
DA:399,6
DA:401,6
DA:404,6
DA:405,3
DA:409,3
DA:417,1
DA:420,8
LF:108
LH:95
BRDA:6,0,0,0
BRDA:6,0,1,5
BRDA:7,1,0,5
BRDA:7,1,1,0
BRDA:7,1,2,0
BRDA:20,2,0,151
BRDA:21,3,0,151
BRDA:26,4,0,1
BRDA:26,4,1,3
BRDA:36,5,0,1
BRDA:36,5,1,2
BRDA:47,6,0,1
BRDA:47,6,1,1
BRDA:49,7,0,1
BRDA:49,7,1,0
BRDA:76,8,0,0
BRDA:76,8,1,1
BRDA:124,9,0,3
BRDA:125,10,0,3
BRDA:129,11,0,0
BRDA:129,11,1,3
BRDA:139,12,0,1
BRDA:139,12,1,2
BRDA:153,13,0,1
BRDA:153,13,1,3
BRDA:160,14,0,1
BRDA:160,14,1,1
BRDA:161,15,0,1
BRDA:161,15,1,0
BRDA:216,16,0,3
BRDA:217,17,0,3
BRDA:221,18,0,0
BRDA:221,18,1,3
BRDA:231,19,0,1
BRDA:231,19,1,2
BRDA:244,20,0,1
BRDA:244,20,1,1
BRDA:249,21,0,1
BRDA:249,21,1,0
BRDA:308,22,0,0
BRDA:308,22,1,12
BRDA:318,23,0,1
BRDA:318,23,1,11
BRDA:329,24,0,1
BRDA:329,24,1,10
BRDA:339,25,0,10
BRDA:339,25,1,0
BRDA:339,26,0,10
BRDA:339,26,1,10
BRDA:342,27,0,9
BRDA:342,27,1,1
BRDA:343,28,0,7
BRDA:343,28,1,2
BRDA:347,29,0,7
BRDA:347,29,1,2
BRDA:356,30,0,4
BRDA:356,30,1,3
BRDA:385,31,0,1
BRDA:385,31,1,6
BRDA:390,32,0,5
BRDA:390,32,1,1
BRDA:391,33,0,6
BRDA:391,33,1,5
BRDA:391,33,2,0
BRDA:397,34,0,0
BRDA:397,34,1,6
BRDA:399,35,0,6
BRDA:399,35,1,2
BRDA:401,36,0,6
BRDA:401,36,1,5
BRDA:404,37,0,3
BRDA:404,37,1,3
BRDA:404,38,0,6
BRDA:404,38,1,4
BRDA:409,39,0,3
BRDA:409,39,1,0
BRDA:411,40,0,0
BRDA:411,40,1,0
BRF:78
BRH:62
end_of_record
TN:
SF:src\middleware\checkClockDrift.js
FN:6,isValidTimeZone
FN:19,(anonymous_1)
FNF:2
FNH:2
FNDA:2,isValidTimeZone
FNDA:252,(anonymous_1)
DA:1,14
DA:7,2
DA:8,2
DA:9,2
DA:10,1
DA:12,1
DA:19,14
DA:20,252
DA:21,252
DA:22,252
DA:24,252
DA:25,4
DA:26,4
DA:28,4
DA:29,3
DA:32,3
DA:33,3
DA:34,2
DA:35,1
DA:37,1
DA:44,3
DA:45,2
DA:57,1
DA:64,0
DA:67,252
DA:70,14
LF:26
LH:25
BRDA:7,0,0,0
BRDA:7,0,1,2
BRDA:7,1,0,2
BRDA:7,1,1,2
BRDA:24,2,0,4
BRDA:24,2,1,248
BRDA:28,3,0,3
BRDA:28,3,1,1
BRDA:33,4,0,2
BRDA:33,4,1,1
BRDA:34,5,0,1
BRDA:34,5,1,1
BRDA:44,6,0,2
BRDA:44,6,1,1
BRDA:51,7,0,2
BRDA:51,7,1,1
BRDA:51,7,2,1
BRF:17
BRH:16
end_of_record
TN:
SF:src\middleware\checkPasswordChange.js
FN:6,(anonymous_0)
FNF:1
FNH:1
FNDA:6,(anonymous_0)
DA:6,13
DA:8,6
DA:16,6
DA:18,6
DA:23,1
DA:30,5
DA:33,13
LF:7
LH:7
BRDA:18,0,0,1
BRDA:18,0,1,5
BRDA:19,1,0,6
BRDA:19,1,1,5
BRDA:19,1,2,4
BRF:5
BRH:5
end_of_record
TN:
SF:src\middleware\correlationId.js
FN:13,getLogContext
FN:20,getCorrelationId
FN:28,getUserId
FN:36,setLogContextUser
FN:49,(anonymous_4)
FN:72,(anonymous_5)
FNF:6
FNH:6
FNDA:96,getLogContext
FNDA:7,getCorrelationId
FNDA:4,getUserId
FNDA:8,setLogContextUser
FNDA:259,(anonymous_4)
FNDA:259,(anonymous_5)
DA:1,23
DA:2,23
DA:4,23
DA:7,23
DA:14,96
DA:21,7
DA:22,7
DA:29,4
DA:30,4
DA:37,8
DA:38,8
DA:39,4
DA:40,4
DA:41,4
DA:49,23
DA:51,259
DA:53,259
DA:54,5
DA:58,259
DA:59,254
DA:62,259
DA:63,259
DA:66,259
DA:72,259
DA:73,259
DA:77,23
LF:26
LH:26
BRDA:22,0,0,7
BRDA:22,0,1,0
BRDA:22,1,0,7
BRDA:22,1,1,7
BRDA:30,2,0,4
BRDA:30,2,1,0
BRDA:30,3,0,4
BRDA:30,3,1,4
BRDA:38,4,0,4
BRDA:38,4,1,4
BRDA:38,5,0,8
BRDA:38,5,1,4
BRDA:40,6,0,4
BRDA:40,6,1,0
BRDA:51,7,0,259
BRDA:51,7,1,254
BRDA:53,8,0,5
BRDA:53,8,1,254
BRDA:53,9,0,259
BRDA:53,9,1,5
BRDA:58,10,0,254
BRDA:58,10,1,5
BRDA:58,11,0,259
BRDA:58,11,1,5
BRF:24
BRH:21
end_of_record
TN:
SF:src\middleware\rateLimiter.js
FN:13,(anonymous_0)
FN:17,(anonymous_1)
FN:21,(anonymous_2)
FN:33,(anonymous_3)
FNF:4
FNH:4
FNDA:2,(anonymous_0)
FNDA:1,(anonymous_1)
FNDA:3,(anonymous_2)
FNDA:1,(anonymous_3)
DA:1,13
DA:4,13
DA:13,13
DA:14,2
DA:17,13
DA:18,1
DA:21,13
DA:22,3
DA:23,3
DA:25,2
DA:26,2
DA:27,2
DA:30,3
DA:33,13
DA:34,1
DA:38,13
DA:51,13
DA:64,13
DA:77,13
DA:88,13
LF:20
LH:20
BRDA:14,0,0,2
BRDA:14,0,1,1
BRDA:22,1,0,3
BRDA:22,1,1,0
BRDA:23,2,0,2
BRDA:23,2,1,1
BRDA:25,3,0,2
BRDA:25,3,1,1
BRDA:26,4,0,2
BRDA:26,4,1,0
BRDA:34,5,0,1
BRDA:34,5,1,0
BRF:12
BRH:9
end_of_record
TN:
SF:src\middleware\requireSubscription.js
FN:4,(anonymous_0)
FNF:1
FNH:1
FNDA:59,(anonymous_0)
DA:1,14
DA:2,14
DA:4,14
DA:5,59
DA:6,59
DA:7,59
DA:9,59
DA:10,25
DA:13,34
DA:14,1
DA:15,1
DA:16,1
DA:17,1
DA:18,1
DA:22,59
DA:23,11
DA:24,11
DA:25,11
DA:27,11
DA:28,2
DA:34,2
DA:41,57
DA:43,0
DA:46,0
DA:52,14
LF:25
LH:23
BRDA:9,0,0,25
BRDA:9,0,1,34
BRDA:11,1,0,25
BRDA:11,1,1,15
BRDA:13,2,0,1
BRDA:13,2,1,33
BRDA:13,3,0,34
BRDA:13,3,1,1
BRDA:15,4,0,1
BRDA:15,4,1,0
BRDA:22,5,0,11
BRDA:22,5,1,48
BRDA:22,6,0,59
BRDA:22,6,1,11
BRDA:25,7,0,11
BRDA:25,7,1,11
BRDA:27,8,0,2
BRDA:27,8,1,9
BRDA:27,9,0,11
BRDA:27,9,1,10
BRF:20
BRH:19
end_of_record
TN:
SF:src\middleware\scopeFilter.js
FN:15,(anonymous_0)
FN:16,(anonymous_1)
FNF:2
FNH:2
FNDA:35,(anonymous_0)
FNDA:15,(anonymous_1)
DA:15,11
DA:16,35
DA:17,15
DA:18,15
DA:19,1
DA:23,14
DA:25,14
DA:28,3
DA:29,3
DA:35,4
DA:39,4
DA:42,3
DA:44,1
DA:47,2
DA:49,3
DA:54,3
DA:55,1
DA:57,2
DA:59,1
DA:62,1
DA:65,11
DA:67,0
DA:68,0
DA:73,11
LF:24
LH:22
BRDA:18,0,0,1
BRDA:18,0,1,14
BRDA:25,1,0,3
BRDA:25,1,1,2
BRDA:25,1,2,4
BRDA:25,1,3,3
BRDA:25,1,4,3
BRDA:25,1,5,1
BRDA:36,2,0,2
BRDA:36,2,1,2
BRDA:42,3,0,1
BRDA:42,3,1,2
BRDA:54,4,0,1
BRDA:54,4,1,2
BRF:14
BRH:14
end_of_record
TN:
SF:src\middleware\validateObjectId.js
FN:10,validateObjectId
FN:11,(anonymous_1)
FNF:2
FNH:2
FNDA:172,validateObjectId
FNDA:4,(anonymous_1)
DA:8,13
DA:11,172
DA:12,4
DA:13,5
DA:14,5
DA:15,2
DA:21,2
DA:25,13
LF:8
LH:8
BRDA:14,0,0,2
BRDA:14,0,1,3
BRDA:14,1,0,5
BRDA:14,1,1,4
BRF:4
BRH:4
end_of_record
TN:
SF:src\middleware\validateRequest.js
FN:6,validateRequest
FN:12,(anonymous_1)
FNF:2
FNH:2
FNDA:30,validateRequest
FNDA:12,(anonymous_1)
DA:1,13
DA:7,30
DA:8,30
DA:9,5
DA:12,12
DA:15,25
DA:18,13
LF:7
LH:7
BRDA:8,0,0,5
BRDA:8,0,1,25
BRF:2
BRH:2
end_of_record
TN:
SF:src\models\AIChatLog.js
FNF:0
FNH:0
DA:1,12
DA:3,12
DA:108,12
LF:3
LH:3
BRF:0
BRH:0
end_of_record
TN:
SF:src\models\AIChatSession.js
FNF:0
FNH:0
DA:1,13
DA:3,13
DA:32,13
DA:63,13
DA:65,13
LF:5
LH:5
BRF:0
BRH:0
end_of_record
TN:
SF:src\models\AIVitalPrediction.js
FNF:0
FNH:0
DA:1,17
DA:3,17
DA:18,17
DA:50,17
LF:4
LH:4
BRF:0
BRH:0
end_of_record
TN:
SF:src\models\AchievementEvent.js
FNF:0
FNH:0
DA:1,4
DA:3,4
DA:27,4
DA:33,4
DA:35,4
LF:5
LH:5
BRF:0
BRH:0
end_of_record
TN:
SF:src\models\Alert.js
FNF:0
FNH:0
DA:1,13
DA:3,13
DA:73,13
DA:74,13
DA:77,13
DA:78,13
DA:81,13
DA:83,13
LF:8
LH:8
BRF:0
BRH:0
end_of_record
TN:
SF:src\models\AuditLog.js
FN:42,(anonymous_0)
FN:172,(anonymous_1)
FN:178,(anonymous_2)
FN:180,(anonymous_3)
FN:185,(anonymous_4)
FN:196,(anonymous_5)
FN:202,(anonymous_6)
FN:222,(anonymous_7)
FN:228,(anonymous_8)
FN:243,(anonymous_9)
FN:258,(anonymous_10)
FN:304,(anonymous_11)
FN:319,(anonymous_12)
FNF:13
FNH:0
FNDA:0,(anonymous_0)
FNDA:0,(anonymous_1)
FNDA:0,(anonymous_2)
FNDA:0,(anonymous_3)
FNDA:0,(anonymous_4)
FNDA:0,(anonymous_5)
FNDA:0,(anonymous_6)
FNDA:0,(anonymous_7)
FNDA:0,(anonymous_8)
FNDA:0,(anonymous_9)
FNDA:0,(anonymous_10)
FNDA:0,(anonymous_11)
FNDA:0,(anonymous_12)
DA:1,12
DA:3,12
DA:43,0
DA:45,0
DA:156,12
DA:157,12
DA:158,12
DA:159,12
DA:160,12
DA:161,12
DA:164,12
DA:172,12
DA:173,0
DA:174,0
DA:178,12
DA:179,0
DA:180,0
DA:185,12
DA:187,0
DA:188,0
DA:196,0
DA:197,0
DA:199,0
DA:200,0
DA:201,0
DA:202,0
DA:203,0
DA:204,0
DA:205,0
DA:207,0
DA:210,0
DA:213,0
DA:214,0
DA:215,0
DA:218,0
DA:222,12
DA:223,0
DA:224,0
DA:228,12
DA:229,0
DA:231,0
DA:232,0
DA:233,0
DA:234,0
DA:235,0
DA:237,0
DA:243,12
DA:244,0
DA:248,0
DA:249,0
DA:250,0
DA:252,0
DA:258,12
DA:262,0
DA:264,0
DA:304,12
DA:309,0
DA:315,0
DA:319,12
DA:320,0
DA:323,0
DA:324,0
DA:325,0
DA:333,0
DA:334,0
DA:341,0
DA:342,0
DA:345,0
DA:348,12
LF:69
LH:19
BRDA:43,0,0,0
BRDA:43,0,1,0
BRDA:46,1,0,0
BRDA:46,1,1,0
BRDA:180,2,0,0
BRDA:180,2,1,0
BRDA:187,3,0,0
BRDA:187,3,1,0
BRDA:187,4,0,0
BRDA:187,4,1,0
BRDA:197,5,0,0
BRDA:197,5,1,0
BRDA:197,6,0,0
BRDA:197,6,1,0
BRDA:202,7,0,0
BRDA:202,7,1,0
BRDA:204,8,0,0
BRDA:204,8,1,0
BRDA:204,9,0,0
BRDA:204,9,1,0
BRDA:228,10,0,0
BRDA:231,11,0,0
BRDA:231,11,1,0
BRDA:232,12,0,0
BRDA:232,12,1,0
BRDA:233,13,0,0
BRDA:233,13,1,0
BRDA:234,14,0,0
BRDA:234,14,1,0
BRDA:235,15,0,0
BRDA:235,15,1,0
BRDA:239,16,0,0
BRDA:239,16,1,0
BRDA:243,17,0,0
BRDA:248,18,0,0
BRDA:248,18,1,0
BRDA:249,19,0,0
BRDA:249,19,1,0
BRDA:250,20,0,0
BRDA:250,20,1,0
BRDA:254,21,0,0
BRDA:254,21,1,0
BRDA:260,22,0,0
BRDA:324,23,0,0
BRDA:324,23,1,0
BRDA:324,24,0,0
BRDA:324,24,1,0
BRDA:333,25,0,0
BRDA:333,25,1,0
BRDA:341,26,0,0
BRDA:341,26,1,0
BRF:51
BRH:0
end_of_record
TN:
SF:src\models\CallLog.js
FNF:0
FNH:0
DA:1,15
DA:3,15
DA:86,15
DA:87,15
DA:88,15
DA:90,15
LF:6
LH:6
BRF:0
BRH:0
end_of_record
TN:
SF:src\models\Caller.js
FN:85,(anonymous_0)
FNF:1
FNH:0
FNDA:0,(anonymous_0)
DA:1,15
DA:3,15
DA:85,15
DA:86,0
DA:90,15
DA:92,15
LF:6
LH:5
BRDA:86,0,0,0
BRDA:86,0,1,0
BRF:2
BRH:0
end_of_record
TN:
SF:src\models\CarePlanHistory.js
FNF:0
FNH:0
DA:1,15
DA:3,15
DA:55,15
DA:60,15
LF:4
LH:4
BRF:0
BRH:0
end_of_record
TN:
SF:src\models\City.js
FNF:0
FNH:0
DA:1,1
DA:3,1
DA:29,1
DA:30,1
DA:32,1
LF:5
LH:5
BRF:0
BRH:0
end_of_record
TN:
SF:src\models\Companion.js
FN:24,(anonymous_0)
FN:37,(anonymous_1)
FN:40,(anonymous_2)
FN:47,(anonymous_3)
FN:104,(anonymous_4)
FN:115,(anonymous_5)
FN:119,(anonymous_6)
FN:123,(anonymous_7)
FN:127,(anonymous_8)
FN:135,(anonymous_9)
FNF:10
FNH:0
FNDA:0,(anonymous_0)
FNDA:0,(anonymous_1)
FNDA:0,(anonymous_2)
FNDA:0,(anonymous_3)
FNDA:0,(anonymous_4)
FNDA:0,(anonymous_5)
FNDA:0,(anonymous_6)
FNDA:0,(anonymous_7)
FNDA:0,(anonymous_8)
FNDA:0,(anonymous_9)
DA:1,13
DA:3,13
DA:25,0
DA:38,0
DA:41,0
DA:48,0
DA:105,0
DA:106,0
DA:107,0
DA:108,0
DA:115,13
DA:116,0
DA:119,13
DA:120,0
DA:123,13
DA:124,0
DA:127,13
DA:128,0
DA:129,0
DA:130,0
DA:132,0
DA:135,13
DA:136,0
DA:137,0
DA:138,0
DA:139,0
DA:142,13
LF:27
LH:8
BRDA:48,0,0,0
BRDA:48,0,1,0
BRDA:116,1,0,0
BRDA:116,1,1,0
BRDA:129,2,0,0
BRDA:129,2,1,0
BRF:6
BRH:0
end_of_record
TN:
SF:src\models\CompanionAccess.js
FNF:0
FNH:0
DA:1,13
DA:3,13
DA:75,13
DA:80,13
LF:4
LH:4
BRF:0
BRH:0
end_of_record
TN:
SF:src\models\CompanionAiInsight.js
FNF:0
FNH:0
DA:1,16
DA:3,16
DA:17,16
DA:122,16
DA:124,16
LF:5
LH:5
BRF:0
BRH:0
end_of_record
TN:
SF:src\models\CompanionAiInsightHistory.js
FNF:0
FNH:0
DA:1,14
DA:3,14
DA:35,14
DA:40,14
LF:4
LH:4
BRF:0
BRH:0
end_of_record
TN:
SF:src\models\Intervention.js
FNF:0
FNH:0
DA:1,2
DA:3,2
DA:64,2
DA:67,2
DA:69,2
LF:5
LH:5
BRF:0
BRH:0
end_of_record
TN:
SF:src\models\Medication.js
FNF:0
FNH:0
DA:1,19
DA:3,19
DA:221,19
DA:222,19
DA:224,19
LF:5
LH:5
BRF:0
BRH:0
end_of_record
TN:
SF:src\models\MedicineCache.js
FNF:0
FNH:0
DA:1,16
DA:7,16
DA:32,16
LF:3
LH:3
BRF:0
BRH:0
end_of_record
TN:
SF:src\models\MedicineLog.js
FNF:0
FNH:0
DA:1,20
DA:3,20
DA:47,20
DA:49,20
LF:4
LH:4
BRF:0
BRH:0
end_of_record
TN:
SF:src\models\Notification.js
FNF:0
FNH:0
DA:1,19
DA:3,19
DA:86,19
DA:87,19
DA:90,19
DA:93,19
DA:98,19
LF:7
LH:7
BRF:0
BRH:0
end_of_record
TN:
SF:src\models\Organization.js
FN:41,(anonymous_0)
FN:50,(anonymous_1)
FN:142,(anonymous_2)
FN:146,(anonymous_3)
FN:150,(anonymous_4)
FN:154,(anonymous_5)
FN:159,(anonymous_6)
FN:164,(anonymous_7)
FN:177,(anonymous_8)
FN:182,(anonymous_9)
FN:189,(anonymous_10)
FN:198,(anonymous_11)
FNF:12
FNH:0
FNDA:0,(anonymous_0)
FNDA:0,(anonymous_1)
FNDA:0,(anonymous_2)
FNDA:0,(anonymous_3)
FNDA:0,(anonymous_4)
FNDA:0,(anonymous_5)
FNDA:0,(anonymous_6)
FNDA:0,(anonymous_7)
FNDA:0,(anonymous_8)
FNDA:0,(anonymous_9)
FNDA:0,(anonymous_10)
FNDA:0,(anonymous_11)
DA:1,13
DA:3,13
DA:41,0
DA:51,0
DA:137,13
DA:138,13
DA:139,13
DA:142,13
DA:143,0
DA:146,13
DA:147,0
DA:150,13
DA:151,0
DA:154,13
DA:155,0
DA:159,13
DA:160,0
DA:164,13
DA:165,0
DA:169,0
DA:173,0
DA:177,13
DA:178,0
DA:182,13
DA:183,0
DA:189,13
DA:190,0
DA:191,0
DA:192,0
DA:193,0
DA:194,0
DA:198,13
DA:199,0
DA:200,0
DA:202,0
DA:216,0
DA:217,0
DA:218,0
DA:219,0
DA:222,13
LF:40
LH:16
BRDA:41,0,0,0
BRDA:41,0,1,0
BRDA:51,1,0,0
BRDA:51,1,1,0
BRDA:155,2,0,0
BRDA:155,2,1,0
BRDA:160,3,0,0
BRDA:160,3,1,0
BRDA:165,4,0,0
BRDA:165,4,1,0
BRDA:166,5,0,0
BRDA:166,5,1,0
BRDA:177,6,0,0
BRDA:190,7,0,0
BRDA:190,7,1,0
BRDA:191,8,0,0
BRDA:191,8,1,0
BRDA:191,9,0,0
BRDA:191,9,1,0
BRDA:192,10,0,0
BRDA:192,10,1,0
BRDA:192,11,0,0
BRDA:192,11,1,0
BRDA:193,12,0,0
BRDA:193,12,1,0
BRDA:193,13,0,0
BRDA:193,13,1,0
BRF:27
BRH:0
end_of_record
TN:
SF:src\models\Patient.js
FN:31,(anonymous_0)
FN:34,(anonymous_1)
FN:45,(anonymous_2)
FN:48,(anonymous_3)
FN:389,(anonymous_4)
FN:392,(anonymous_5)
FN:546,(anonymous_6)
FN:588,(anonymous_7)
FN:620,(anonymous_8)
FN:636,(anonymous_9)
FN:651,(anonymous_10)
FN:655,(anonymous_11)
FN:661,(anonymous_12)
FN:662,(anonymous_13)
FN:666,(anonymous_14)
FN:674,(anonymous_15)
FNF:16
FNH:0
FNDA:0,(anonymous_0)
FNDA:0,(anonymous_1)
FNDA:0,(anonymous_2)
FNDA:0,(anonymous_3)
FNDA:0,(anonymous_4)
FNDA:0,(anonymous_5)
FNDA:0,(anonymous_6)
FNDA:0,(anonymous_7)
FNDA:0,(anonymous_8)
FNDA:0,(anonymous_9)
FNDA:0,(anonymous_10)
FNDA:0,(anonymous_11)
FNDA:0,(anonymous_12)
FNDA:0,(anonymous_13)
FNDA:0,(anonymous_14)
FNDA:0,(anonymous_15)
DA:1,25
DA:3,25
DA:32,0
DA:35,0
DA:46,0
DA:48,0
DA:390,0
DA:392,0
DA:546,0
DA:589,0
DA:590,0
DA:591,0
DA:592,0
DA:600,25
DA:601,25
DA:602,25
DA:603,25
DA:604,25
DA:605,25
DA:606,25
DA:607,25
DA:610,25
DA:611,25
DA:620,25
DA:621,0
DA:622,0
DA:626,0
DA:630,0
DA:631,0
DA:633,0
DA:636,25
DA:637,0
DA:638,0
DA:640,0
DA:642,0
DA:643,0
DA:644,0
DA:647,0
DA:651,25
DA:652,0
DA:655,25
DA:656,0
DA:657,0
DA:658,0
DA:661,25
DA:662,0
DA:666,25
DA:667,0
DA:668,0
DA:669,0
DA:671,0
DA:674,25
DA:675,0
DA:676,0
DA:677,0
DA:678,0
DA:681,25
LF:57
LH:20
BRDA:621,0,0,0
BRDA:621,0,1,0
BRDA:626,1,0,0
BRDA:626,1,1,0
BRDA:626,1,2,0
BRDA:626,1,3,0
BRDA:626,1,4,0
BRDA:630,2,0,0
BRDA:630,2,1,0
BRDA:630,3,0,0
BRDA:630,3,1,0
BRDA:638,4,0,0
BRDA:638,4,1,0
BRDA:640,5,0,0
BRDA:640,5,1,0
BRDA:640,5,2,0
BRDA:642,6,0,0
BRDA:642,6,1,0
BRDA:643,7,0,0
BRDA:643,7,1,0
BRDA:652,8,0,0
BRDA:652,8,1,0
BRDA:656,9,0,0
BRDA:656,9,1,0
BRDA:668,10,0,0
BRDA:668,10,1,0
BRF:26
BRH:0
end_of_record
TN:
SF:src\models\PatientHealthStateHistory.js
FNF:0
FNH:0
DA:1,18
DA:3,18
DA:69,18
DA:75,18
DA:80,18
LF:5
LH:5
BRF:0
BRH:0
end_of_record
TN:
SF:src\models\ProcessedWebhook.js
FNF:0
FNH:0
DA:1,13
DA:3,13
DA:15,13
LF:3
LH:3
BRF:0
BRH:0
end_of_record
TN:
SF:src\models\Profile.js
FN:24,(anonymous_0)
FN:37,(anonymous_1)
FN:40,(anonymous_2)
FN:47,(anonymous_3)
FN:83,(anonymous_4)
FN:168,(anonymous_5)
FN:189,(anonymous_6)
FN:194,(anonymous_7)
FN:203,(anonymous_8)
FN:207,(anonymous_9)
FN:215,(anonymous_10)
FN:219,(anonymous_11)
FN:223,(anonymous_12)
FN:232,(anonymous_13)
FNF:14
FNH:0
FNDA:0,(anonymous_0)
FNDA:0,(anonymous_1)
FNDA:0,(anonymous_2)
FNDA:0,(anonymous_3)
FNDA:0,(anonymous_4)
FNDA:0,(anonymous_5)
FNDA:0,(anonymous_6)
FNDA:0,(anonymous_7)
FNDA:0,(anonymous_8)
FNDA:0,(anonymous_9)
FNDA:0,(anonymous_10)
FNDA:0,(anonymous_11)
FNDA:0,(anonymous_12)
FNDA:0,(anonymous_13)
DA:1,19
DA:3,19
DA:25,0
DA:38,0
DA:41,0
DA:48,0
DA:84,0
DA:170,0
DA:171,0
DA:172,0
DA:173,0
DA:174,0
DA:175,0
DA:176,0
DA:184,19
DA:185,19
DA:186,19
DA:189,19
DA:190,0
DA:194,19
DA:196,0
DA:197,0
DA:199,0
DA:203,19
DA:204,0
DA:207,19
DA:211,0
DA:215,19
DA:216,0
DA:219,19
DA:220,0
DA:223,19
DA:224,0
DA:225,0
DA:227,0
DA:229,0
DA:232,19
DA:233,0
DA:234,0
DA:235,0
DA:236,0
DA:239,19
LF:42
LH:14
BRDA:48,0,0,0
BRDA:48,0,1,0
BRDA:84,1,0,0
BRDA:84,1,1,0
BRDA:190,2,0,0
BRDA:190,2,1,0
BRDA:196,3,0,0
BRDA:196,3,1,0
BRDA:196,4,0,0
BRDA:196,4,1,0
BRDA:203,5,0,0
BRDA:209,6,0,0
BRDA:225,7,0,0
BRDA:225,7,1,0
BRF:14
BRH:0
end_of_record
TN:
SF:src\models\RefreshToken.js
FN:49,hashRefreshToken
FN:55,createForUser
FNF:2
FNH:0
FNDA:0,hashRefreshToken
FNDA:0,createForUser
DA:1,17
DA:2,17
DA:4,17
DA:47,17
DA:50,0
DA:53,17
DA:55,17
DA:63,0
DA:64,0
DA:75,17
LF:10
LH:7
BRF:0
BRH:0
end_of_record
TN:
SF:src\models\RiskTransition.js
FNF:0
FNH:0
DA:1,2
DA:3,2
DA:37,2
DA:39,2
LF:4
LH:4
BRF:0
BRH:0
end_of_record
TN:
SF:src\models\RolePermission.js
FN:72,(anonymous_0)
FN:82,(anonymous_1)
FN:140,(anonymous_2)
FN:150,(anonymous_3)
FN:160,(anonymous_4)
FN:169,(anonymous_5)
FNF:6
FNH:0
FNDA:0,(anonymous_0)
FNDA:0,(anonymous_1)
FNDA:0,(anonymous_2)
FNDA:0,(anonymous_3)
FNDA:0,(anonymous_4)
FNDA:0,(anonymous_5)
DA:1,7
DA:3,7
DA:62,7
DA:68,7
DA:69,7
DA:72,7
DA:73,0
DA:82,7
DA:88,0
DA:89,0
DA:93,0
DA:100,0
DA:101,0
DA:105,0
DA:112,0
DA:113,0
DA:117,0
DA:124,0
DA:125,0
DA:129,0
DA:136,0
DA:140,7
DA:141,0
DA:150,7
DA:151,0
DA:160,7
DA:162,0
DA:163,0
DA:165,0
DA:169,7
DA:170,0
DA:171,0
DA:172,0
DA:175,7
LF:34
LH:12
BRDA:88,0,0,0
BRDA:88,0,1,0
BRDA:100,1,0,0
BRDA:100,1,1,0
BRDA:112,2,0,0
BRDA:112,2,1,0
BRDA:124,3,0,0
BRDA:124,3,1,0
BRDA:162,4,0,0
BRDA:162,4,1,0
BRDA:162,5,0,0
BRDA:162,5,1,0
BRDA:162,5,2,0
BRDA:170,6,0,0
BRDA:170,6,1,0
BRDA:171,7,0,0
BRDA:171,7,1,0
BRDA:172,8,0,0
BRDA:172,8,1,0
BRDA:172,8,2,0
BRF:20
BRH:0
end_of_record
TN:
SF:src\models\SleepLog.js
FNF:0
FNH:0
DA:1,18
DA:3,18
DA:52,18
DA:55,18
DA:57,18
LF:5
LH:5
BRF:0
BRH:0
end_of_record
TN:
SF:src\models\TempMedication.js
FN:131,(anonymous_0)
FNF:1
FNH:0
FNDA:0,(anonymous_0)
DA:1,17
DA:9,17
DA:127,17
DA:128,17
DA:131,17
DA:132,0
DA:135,17
LF:7
LH:6
BRF:0
BRH:0
end_of_record
TN:
SF:src\models\VitalLog.js
FN:75,(anonymous_0)
FNF:1
FNH:0
FNDA:0,(anonymous_0)
DA:1,22
DA:6,22
DA:75,22
DA:76,0
DA:77,0
DA:78,0
DA:80,0
DA:84,0
DA:90,0
DA:91,0
DA:95,0
DA:96,0
DA:99,0
DA:103,22
DA:106,22
DA:114,22
LF:16
LH:6
BRDA:76,0,0,0
BRDA:76,0,1,0
BRDA:77,1,0,0
BRDA:77,1,1,0
BRDA:80,2,0,0
BRDA:80,2,1,0
BRDA:81,3,0,0
BRDA:81,3,1,0
BRDA:90,4,0,0
BRDA:90,4,1,0
BRDA:95,5,0,0
BRDA:95,5,1,0
BRF:12
BRH:0
end_of_record
TN:
SF:src\routes\auth.js
FN:125,(anonymous_0)
FNF:1
FNH:1
FNDA:1,(anonymous_0)
DA:1,13
DA:2,13
DA:3,13
DA:4,13
DA:5,13
DA:6,13
DA:7,13
DA:8,13
DA:10,13
DA:12,13
DA:16,13
DA:17,13
DA:19,13
DA:30,13
DA:41,13
DA:43,13
DA:50,13
DA:58,13
DA:60,13
DA:67,13
DA:74,13
DA:81,13
DA:82,13
DA:83,13
DA:86,13
DA:89,13
DA:92,13
DA:94,13
DA:103,13
DA:111,13
DA:119,13
DA:126,1
DA:127,1
DA:129,0
DA:135,13
DA:146,13
DA:157,13
DA:159,13
DA:161,13
DA:170,13
DA:172,13
DA:183,13
DA:184,13
DA:190,13
DA:191,13
DA:192,13
DA:194,13
LF:47
LH:46
BRDA:13,0,0,13
BRDA:13,0,1,13
BRDA:16,1,0,13
BRDA:16,1,1,13
BRDA:17,2,0,13
BRDA:17,2,1,13
BRDA:126,3,0,1
BRDA:126,3,1,0
BRDA:126,4,0,1
BRDA:126,4,1,1
BRF:10
BRH:9
end_of_record
TN:
SF:src\routes\chatbotRoutes.js
FN:23,(anonymous_0)
FN:46,buildErrorResponse
FN:55,getPatientId
FN:85,(anonymous_3)
FN:115,(anonymous_4)
FN:160,(anonymous_5)
FN:191,(anonymous_6)
FN:241,(anonymous_7)
FN:345,(anonymous_8)
FN:432,(anonymous_9)
FN:468,(anonymous_10)
FNF:11
FNH:5
FNDA:0,(anonymous_0)
FNDA:0,buildErrorResponse
FNDA:7,getPatientId
FNDA:1,(anonymous_3)
FNDA:2,(anonymous_4)
FNDA:2,(anonymous_5)
FNDA:2,(anonymous_6)
FNDA:0,(anonymous_7)
FNDA:0,(anonymous_8)
FNDA:0,(anonymous_9)
FNDA:0,(anonymous_10)
DA:1,13
DA:2,13
DA:3,13
DA:4,13
DA:5,13
DA:6,13
DA:7,13
DA:13,13
DA:14,13
DA:15,13
DA:16,13
DA:18,13
DA:21,13
DA:24,0
DA:32,0
DA:33,0
DA:35,0
DA:47,0
DA:56,7
DA:57,7
DA:59,0
DA:60,0
DA:61,0
DA:62,0
DA:63,0
DA:68,0
DA:69,0
DA:72,0
DA:74,0
DA:81,13
DA:86,1
DA:87,1
DA:88,1
DA:89,0
DA:92,1
DA:99,1
DA:101,0
DA:102,0
DA:111,13
DA:116,2
DA:117,2
DA:118,2
DA:119,0
DA:122,2
DA:126,2
DA:127,1
DA:133,1
DA:139,1
DA:148,1
DA:150,0
DA:151,0
DA:160,13
DA:161,2
DA:162,2
DA:163,2
DA:164,0
DA:167,2
DA:172,2
DA:173,1
DA:176,1
DA:178,0
DA:179,0
DA:187,13
DA:192,2
DA:193,2
DA:194,2
DA:195,0
DA:198,2
DA:203,2
DA:204,1
DA:209,1
DA:214,0
DA:215,0
DA:234,13
DA:242,0
DA:243,0
DA:245,0
DA:246,0
DA:249,0
DA:251,0
DA:252,0
DA:262,0
DA:263,0
DA:266,0
DA:267,0
DA:271,0
DA:272,0
DA:273,0
DA:278,0
DA:279,0
DA:288,0
DA:293,0
DA:294,0
DA:295,0
DA:297,0
DA:307,0
DA:308,0
DA:320,0
DA:321,0
DA:332,0
DA:333,0
DA:344,0
DA:345,0
DA:346,0
DA:348,0
DA:349,0
DA:354,0
DA:355,0
DA:356,0
DA:373,0
DA:380,0
DA:381,0
DA:382,0
DA:383,0
DA:384,0
DA:386,0
DA:387,0
DA:393,0
DA:394,0
DA:397,0
DA:398,0
DA:399,0
DA:403,0
DA:404,0
DA:405,0
DA:410,0
DA:411,0
DA:415,0
DA:416,0
DA:427,0
DA:428,0
DA:431,0
DA:432,0
DA:438,0
DA:445,0
DA:446,0
DA:451,0
DA:452,0
DA:455,0
DA:460,0
DA:461,0
DA:462,0
DA:463,0
DA:464,0
DA:467,0
DA:468,0
DA:469,0
DA:470,0
DA:474,0
DA:485,0
DA:486,0
DA:489,0
DA:491,0
DA:492,0
DA:502,0
DA:503,0
DA:506,0
DA:513,0
DA:514,0
DA:515,0
DA:520,0
DA:530,13
LF:162
LH:49
BRDA:18,0,0,13
BRDA:18,0,1,13
BRDA:32,1,0,0
BRDA:32,1,1,0
BRDA:56,2,0,7
BRDA:56,2,1,0
BRDA:59,3,0,0
BRDA:59,3,1,0
BRDA:60,4,0,0
BRDA:60,4,1,0
BRDA:61,5,0,0
BRDA:61,5,1,0
BRDA:68,6,0,0
BRDA:68,6,1,0
BRDA:88,7,0,0
BRDA:88,7,1,1
BRDA:118,8,0,0
BRDA:118,8,1,2
BRDA:126,9,0,1
BRDA:126,9,1,1
BRDA:163,10,0,0
BRDA:163,10,1,2
BRDA:172,11,0,1
BRDA:172,11,1,1
BRDA:194,12,0,0
BRDA:194,12,1,2
BRDA:203,13,0,1
BRDA:203,13,1,1
BRDA:251,14,0,0
BRDA:251,14,1,0
BRDA:266,15,0,0
BRDA:266,15,1,0
BRDA:274,16,0,0
BRDA:274,16,1,0
BRDA:288,17,0,0
BRDA:288,17,1,0
BRDA:289,18,0,0
BRDA:289,18,1,0
BRDA:289,18,2,0
BRDA:320,19,0,0
BRDA:320,19,1,0
BRDA:332,20,0,0
BRDA:332,20,1,0
BRDA:348,21,0,0
BRDA:348,21,1,0
BRDA:357,22,0,0
BRDA:357,22,1,0
BRDA:360,23,0,0
BRDA:360,23,1,0
BRDA:386,24,0,0
BRDA:386,24,1,0
BRDA:404,25,0,0
BRDA:404,25,1,0
BRDA:410,26,0,0
BRDA:410,26,1,0
BRDA:415,27,0,0
BRDA:415,27,1,0
BRDA:445,28,0,0
BRDA:445,28,1,0
BRDA:448,29,0,0
BRDA:448,29,1,0
BRDA:485,30,0,0
BRDA:485,30,1,0
BRDA:491,31,0,0
BRDA:491,31,1,0
BRDA:513,32,0,0
BRDA:513,32,1,0
BRDA:513,33,0,0
BRDA:513,33,1,0
BRF:69
BRH:13
end_of_record
TN:
SF:src\routes\companion.js
FN:25,(anonymous_0)
FN:148,(anonymous_1)
FN:226,(anonymous_2)
FN:254,(anonymous_3)
FN:276,(anonymous_4)
FN:344,(anonymous_5)
FN:426,(anonymous_6)
FN:451,(anonymous_7)
FN:517,(anonymous_8)
FN:521,(anonymous_9)
FN:523,(anonymous_10)
FN:527,(anonymous_11)
FN:529,(anonymous_12)
FN:537,(anonymous_13)
FN:551,(anonymous_14)
FN:577,(anonymous_15)
FN:614,(anonymous_16)
FN:625,(anonymous_17)
FN:628,(anonymous_18)
FN:705,(anonymous_19)
FN:736,(anonymous_20)
FN:759,(anonymous_21)
FN:819,(anonymous_22)
FN:820,(anonymous_23)
FN:852,(anonymous_24)
FN:868,(anonymous_25)
FN:869,(anonymous_26)
FN:880,(anonymous_27)
FN:881,(anonymous_28)
FN:926,(anonymous_29)
FN:1010,(anonymous_30)
FN:1095,(anonymous_31)
FN:1137,(anonymous_32)
FN:1203,(anonymous_33)
FN:1265,(anonymous_34)
FN:1328,(anonymous_35)
FN:1344,(anonymous_36)
FN:1380,(anonymous_37)
FN:1406,(anonymous_38)
FN:1446,(anonymous_39)
FN:1475,(anonymous_40)
FN:1540,(anonymous_41)
FN:1573,(anonymous_42)
FN:1637,(anonymous_43)
FN:1668,(anonymous_44)
FN:1708,(anonymous_45)
FNF:46
FNH:28
FNDA:5,(anonymous_0)
FNDA:0,(anonymous_1)
FNDA:0,(anonymous_2)
FNDA:0,(anonymous_3)
FNDA:0,(anonymous_4)
FNDA:0,(anonymous_5)
FNDA:4,(anonymous_6)
FNDA:2,(anonymous_7)
FNDA:2,(anonymous_8)
FNDA:2,(anonymous_9)
FNDA:2,(anonymous_10)
FNDA:0,(anonymous_11)
FNDA:2,(anonymous_12)
FNDA:2,(anonymous_13)
FNDA:1,(anonymous_14)
FNDA:1,(anonymous_15)
FNDA:7,(anonymous_16)
FNDA:0,(anonymous_17)
FNDA:0,(anonymous_18)
FNDA:1,(anonymous_19)
FNDA:1,(anonymous_20)
FNDA:0,(anonymous_21)
FNDA:3,(anonymous_22)
FNDA:3,(anonymous_23)
FNDA:3,(anonymous_24)
FNDA:1,(anonymous_25)
FNDA:1,(anonymous_26)
FNDA:1,(anonymous_27)
FNDA:1,(anonymous_28)
FNDA:4,(anonymous_29)
FNDA:1,(anonymous_30)
FNDA:2,(anonymous_31)
FNDA:3,(anonymous_32)
FNDA:2,(anonymous_33)
FNDA:5,(anonymous_34)
FNDA:0,(anonymous_35)
FNDA:0,(anonymous_36)
FNDA:0,(anonymous_37)
FNDA:0,(anonymous_38)
FNDA:0,(anonymous_39)
FNDA:0,(anonymous_40)
FNDA:0,(anonymous_41)
FNDA:2,(anonymous_42)
FNDA:0,(anonymous_43)
FNDA:2,(anonymous_44)
FNDA:0,(anonymous_45)
DA:1,13
DA:2,13
DA:6,13
DA:7,13
DA:8,13
DA:9,13
DA:10,13
DA:11,13
DA:12,13
DA:13,13
DA:14,13
DA:15,13
DA:16,13
DA:17,13
DA:18,13
DA:19,13
DA:25,13
DA:26,5
DA:36,5
DA:38,5
DA:39,1
DA:45,4
DA:46,4
DA:47,4
DA:52,4
DA:53,1
DA:60,3
DA:65,3
DA:66,3
DA:68,3
DA:72,1
DA:73,1
DA:74,1
DA:76,0
DA:80,1
DA:81,1
DA:85,1
DA:86,0
DA:90,0
DA:95,0
DA:96,0
DA:97,0
DA:98,0
DA:99,0
DA:103,1
DA:106,2
DA:108,2
DA:109,2
DA:110,2
DA:112,2
DA:127,3
DA:128,3
DA:132,3
DA:133,3
DA:147,3
DA:148,0
DA:150,3
DA:151,3
DA:164,3
DA:165,3
DA:166,3
DA:170,3
DA:182,3
DA:183,3
DA:193,3
DA:216,0
DA:217,0
DA:226,13
DA:227,0
DA:228,0
DA:230,0
DA:231,0
DA:234,0
DA:235,0
DA:240,0
DA:241,0
DA:247,0
DA:249,0
DA:251,0
DA:253,0
DA:254,0
DA:255,0
DA:257,0
DA:263,0
DA:265,0
DA:266,0
DA:276,13
DA:277,0
DA:278,0
DA:280,0
DA:281,0
DA:284,0
DA:285,0
DA:286,0
DA:291,0
DA:292,0
DA:298,0
DA:299,0
DA:301,0
DA:302,0
DA:306,0
DA:307,0
DA:308,0
DA:312,0
DA:313,0
DA:317,0
DA:318,0
DA:322,0
DA:323,0
DA:324,0
DA:325,0
DA:326,0
DA:329,0
DA:343,0
DA:344,0
DA:346,0
DA:347,0
DA:360,0
DA:361,0
DA:362,0
DA:366,0
DA:378,0
DA:379,0
DA:388,0
DA:398,0
DA:417,0
DA:418,0
DA:426,13
DA:427,4
DA:428,4
DA:429,1
DA:433,3
DA:442,3
DA:443,1
DA:447,2
DA:448,2
DA:449,2
DA:450,1
DA:452,2
DA:454,1
DA:455,1
DA:459,2
DA:460,2
DA:461,0
DA:467,2
DA:468,2
DA:469,2
DA:470,2
DA:471,2
DA:473,2
DA:474,2
DA:475,2
DA:476,2
DA:477,2
DA:478,2
DA:491,2
DA:518,2
DA:519,2
DA:521,2
DA:524,2
DA:525,2
DA:527,0
DA:530,2
DA:531,2
DA:537,2
DA:542,2
DA:543,2
DA:544,1
DA:545,1
DA:546,1
DA:547,1
DA:549,1
DA:550,1
DA:552,1
DA:555,1
DA:556,1
DA:557,1
DA:561,1
DA:574,2
DA:575,2
DA:576,1
DA:577,1
DA:578,1
DA:580,1
DA:584,2
DA:585,2
DA:586,1
DA:587,1
DA:588,1
DA:589,1
DA:590,0
DA:603,2
DA:604,2
DA:605,2
DA:606,14
DA:607,14
DA:608,14
DA:610,14
DA:611,14
DA:612,14
DA:614,14
DA:615,7
DA:616,7
DA:619,14
DA:620,14
DA:621,0
DA:622,0
DA:623,0
DA:624,0
DA:625,0
DA:627,0
DA:628,0
DA:630,0
DA:631,0
DA:634,14
DA:635,14
DA:638,14
DA:645,2
DA:648,2
DA:649,0
DA:650,0
DA:651,0
DA:652,0
DA:653,0
DA:654,0
DA:655,0
DA:656,0
DA:657,0
DA:658,0
DA:660,0
DA:661,0
DA:663,0
DA:664,0
DA:665,0
DA:666,0
DA:667,0
DA:668,0
DA:671,0
DA:682,2
DA:683,1
DA:684,1
DA:685,0
DA:688,1
DA:689,1
DA:690,0
DA:691,1
DA:693,1
DA:703,2
DA:704,1
DA:705,1
DA:706,1
DA:708,1
DA:710,1
DA:711,1
DA:713,1
DA:714,0
DA:715,0
DA:716,1
DA:717,0
DA:718,0
DA:719,1
DA:720,0
DA:721,0
DA:724,1
DA:736,2
DA:737,2
DA:740,2
DA:751,2
DA:752,2
DA:756,2
DA:757,0
DA:758,0
DA:759,0
DA:760,0
DA:798,2
DA:819,3
DA:821,3
DA:822,3
DA:840,0
DA:844,0
DA:852,13
DA:853,3
DA:854,3
DA:855,1
DA:858,2
DA:867,2
DA:868,1
DA:869,1
DA:870,2
DA:871,2
DA:874,2
DA:875,2
DA:876,0
DA:879,2
DA:880,1
DA:882,1
DA:884,1
DA:886,1
DA:890,1
DA:891,1
DA:892,1
DA:893,1
DA:895,1
DA:912,2
DA:914,0
DA:918,0
DA:926,13
DA:927,4
DA:928,4
DA:929,1
DA:932,3
DA:935,3
DA:936,1
DA:941,1
DA:942,1
DA:946,0
DA:950,2
DA:957,2
DA:958,1
DA:963,1
DA:964,1
DA:965,0
DA:968,1
DA:971,1
DA:980,1
DA:981,1
DA:990,1
DA:999,1
DA:1001,0
DA:1002,0
DA:1010,13
DA:1011,1
DA:1012,1
DA:1013,0
DA:1016,1
DA:1019,1
DA:1020,0
DA:1025,0
DA:1026,0
DA:1028,0
DA:1032,1
DA:1039,1
DA:1040,0
DA:1045,1
DA:1046,1
DA:1047,0
DA:1050,1
DA:1053,1
DA:1062,1
DA:1063,1
DA:1072,1
DA:1081,1
DA:1086,0
DA:1087,0
DA:1095,13
DA:1096,2
DA:1097,2
DA:1098,1
DA:1101,1
DA:1103,1
DA:1114,1
DA:1123,1
DA:1125,0
DA:1126,0
DA:1134,13
DA:1138,3
DA:1139,3
DA:1141,3
DA:1142,1
DA:1148,2
DA:1149,2
DA:1156,2
DA:1157,1
DA:1164,1
DA:1165,1
DA:1166,1
DA:1168,1
DA:1169,1
DA:1170,1
DA:1171,6
DA:1173,1
DA:1177,1
DA:1180,1
DA:1182,1
DA:1187,1
DA:1189,0
DA:1192,0
DA:1203,13
DA:1204,2
DA:1205,2
DA:1206,1
DA:1209,1
DA:1210,1
DA:1211,0
DA:1216,0
DA:1217,0
DA:1219,0
DA:1223,1
DA:1230,1
DA:1231,0
DA:1238,1
DA:1239,1
DA:1241,1
DA:1242,1
DA:1251,1
DA:1256,0
DA:1257,0
DA:1265,13
DA:1266,5
DA:1267,5
DA:1268,1
DA:1271,4
DA:1272,4
DA:1273,1
DA:1278,3
DA:1279,3
DA:1281,3
DA:1282,3
DA:1283,1
DA:1287,2
DA:1294,2
DA:1295,0
DA:1300,2
DA:1304,2
DA:1305,0
DA:1311,2
DA:1312,2
DA:1313,2
DA:1314,2
DA:1315,1
DA:1322,1
DA:1323,1
DA:1328,0
DA:1330,1
DA:1331,0
DA:1338,0
DA:1339,0
DA:1344,0
DA:1346,1
DA:1348,0
DA:1349,0
DA:1350,0
DA:1351,0
DA:1352,0
DA:1354,0
DA:1355,0
DA:1367,0
DA:1370,0
DA:1371,0
DA:1381,0
DA:1386,0
DA:1391,1
DA:1393,1
DA:1400,1
DA:1401,1
DA:1407,0
DA:1414,1
DA:1415,1
DA:1416,1
DA:1417,1
DA:1418,1
DA:1420,1
DA:1421,1
DA:1433,1
DA:1436,1
DA:1437,1
DA:1447,0
DA:1454,0
DA:1462,2
DA:1464,0
DA:1467,0
DA:1475,13
DA:1476,0
DA:1477,0
DA:1478,0
DA:1481,0
DA:1482,0
DA:1483,0
DA:1488,0
DA:1489,0
DA:1491,0
DA:1495,0
DA:1502,0
DA:1503,0
DA:1508,0
DA:1509,0
DA:1511,0
DA:1514,0
DA:1519,0
DA:1525,0
DA:1530,0
DA:1531,0
DA:1539,0
DA:1541,0
DA:1545,0
DA:1548,0
DA:1549,0
DA:1550,0
DA:1551,0
DA:1553,0
DA:1562,0
DA:1563,0
DA:1567,13
DA:1573,13
DA:1574,2
DA:1575,2
DA:1576,2
DA:1577,1
DA:1580,1
DA:1584,0
DA:1589,1
DA:1594,1
DA:1595,0
DA:1598,1
DA:1599,1
DA:1600,1
DA:1601,0
DA:1605,1
DA:1609,1
DA:1610,0
DA:1611,0
DA:1615,0
DA:1616,0
DA:1617,0
DA:1618,0
DA:1619,0
DA:1622,1
DA:1636,1
DA:1637,0
DA:1639,1
DA:1640,1
DA:1653,1
DA:1654,1
DA:1655,1
DA:1657,1
DA:1659,0
DA:1660,0
DA:1668,13
DA:1669,2
DA:1670,2
DA:1671,1
DA:1680,1
DA:1681,1
DA:1682,1
DA:1683,1
DA:1684,1
DA:1685,1
DA:1686,1
DA:1687,1
DA:1688,1
DA:1690,1
DA:1691,1
DA:1693,1
DA:1695,0
DA:1696,0
DA:1705,13
DA:1709,0
DA:1710,0
DA:1711,0
DA:1714,0
DA:1715,0
DA:1716,0
DA:1720,0
DA:1721,0
DA:1728,0
DA:1729,0
DA:1735,0
DA:1736,0
DA:1740,0
DA:1741,0
DA:1742,0
DA:1743,0
DA:1751,0
DA:1752,0
DA:1757,0
DA:1758,0
DA:1763,0
DA:1765,0
DA:1766,0
DA:1771,13
LF:580
LH:347
BRDA:38,0,0,1
BRDA:38,0,1,4
BRDA:38,1,0,5
BRDA:38,1,1,5
BRDA:38,1,2,4
BRDA:46,2,0,4
BRDA:46,2,1,0
BRDA:52,3,0,1
BRDA:52,3,1,3
BRDA:68,4,0,1
BRDA:68,4,1,2
BRDA:74,5,0,0
BRDA:74,5,1,1
BRDA:80,6,0,1
BRDA:80,6,1,0
BRDA:85,7,0,0
BRDA:85,7,1,1
BRDA:86,8,0,0
BRDA:86,8,1,0
BRDA:87,9,0,0
BRDA:87,9,1,0
BRDA:127,10,0,3
BRDA:127,10,1,0
BRDA:132,11,0,3
BRDA:132,11,1,0
BRDA:150,12,0,3
BRDA:150,12,1,0
BRDA:152,13,0,3
BRDA:152,13,1,0
BRDA:153,14,0,3
BRDA:153,14,1,3
BRDA:153,14,2,3
BRDA:182,15,0,3
BRDA:182,15,1,0
BRDA:193,16,0,1
BRDA:193,16,1,2
BRDA:194,17,0,1
BRDA:194,17,1,2
BRDA:195,18,0,1
BRDA:195,18,1,0
BRDA:198,19,0,2
BRDA:198,19,1,0
BRDA:230,20,0,0
BRDA:230,20,1,0
BRDA:234,21,0,0
BRDA:234,21,1,0
BRDA:240,22,0,0
BRDA:240,22,1,0
BRDA:251,23,0,0
BRDA:251,23,1,0
BRDA:267,24,0,0
BRDA:267,24,1,0
BRDA:268,25,0,0
BRDA:268,25,1,0
BRDA:280,26,0,0
BRDA:280,26,1,0
BRDA:280,27,0,0
BRDA:280,27,1,0
BRDA:285,28,0,0
BRDA:285,28,1,0
BRDA:291,29,0,0
BRDA:291,29,1,0
BRDA:301,30,0,0
BRDA:301,30,1,0
BRDA:307,31,0,0
BRDA:307,31,1,0
BRDA:312,32,0,0
BRDA:312,32,1,0
BRDA:317,33,0,0
BRDA:317,33,1,0
BRDA:318,34,0,0
BRDA:318,34,1,0
BRDA:318,35,0,0
BRDA:318,35,1,0
BRDA:346,36,0,0
BRDA:346,36,1,0
BRDA:349,37,0,0
BRDA:349,37,1,0
BRDA:378,38,0,0
BRDA:378,38,1,0
BRDA:399,39,0,0
BRDA:399,39,1,0
BRDA:428,40,0,1
BRDA:428,40,1,3
BRDA:428,41,0,4
BRDA:428,41,1,4
BRDA:442,42,0,1
BRDA:442,42,1,2
BRDA:449,43,0,1
BRDA:449,43,1,1
BRDA:452,44,0,2
BRDA:452,44,1,2
BRDA:454,45,0,1
BRDA:454,45,1,0
BRDA:460,46,0,0
BRDA:460,46,1,2
BRDA:544,47,0,1
BRDA:544,47,1,0
BRDA:544,48,0,1
BRDA:544,48,1,1
BRDA:549,49,0,1
BRDA:549,49,1,0
BRDA:549,50,0,1
BRDA:549,50,1,1
BRDA:552,51,0,1
BRDA:552,51,1,1
BRDA:555,52,0,1
BRDA:555,52,1,0
BRDA:565,53,0,1
BRDA:565,53,1,1
BRDA:575,54,0,1
BRDA:575,54,1,1
BRDA:586,55,0,1
BRDA:586,55,1,0
BRDA:586,56,0,1
BRDA:586,56,1,1
BRDA:588,57,0,1
BRDA:588,57,1,0
BRDA:589,58,0,0
BRDA:589,58,1,1
BRDA:595,59,0,0
BRDA:595,59,1,0
BRDA:596,60,0,0
BRDA:596,60,1,0
BRDA:616,61,0,7
BRDA:616,61,1,0
BRDA:620,62,0,0
BRDA:620,62,1,14
BRDA:624,63,0,0
BRDA:624,63,1,0
BRDA:630,64,0,0
BRDA:630,64,1,0
BRDA:635,65,0,7
BRDA:635,65,1,7
BRDA:650,66,0,0
BRDA:650,66,1,0
BRDA:651,67,0,0
BRDA:651,67,1,0
BRDA:652,68,0,0
BRDA:652,68,1,0
BRDA:654,69,0,0
BRDA:654,69,1,0
BRDA:656,70,0,0
BRDA:656,70,1,0
BRDA:657,71,0,0
BRDA:657,71,1,0
BRDA:661,72,0,0
BRDA:661,72,1,0
BRDA:663,73,0,0
BRDA:663,73,1,0
BRDA:664,74,0,0
BRDA:664,74,1,0
BRDA:667,75,0,0
BRDA:667,75,1,0
BRDA:667,76,0,0
BRDA:667,76,1,0
BRDA:675,77,0,0
BRDA:675,77,1,0
BRDA:675,77,2,0
BRDA:684,78,0,0
BRDA:684,78,1,1
BRDA:688,79,0,1
BRDA:688,79,1,0
BRDA:689,80,0,0
BRDA:689,80,1,1
BRDA:691,81,0,0
BRDA:691,81,1,1
BRDA:696,82,0,1
BRDA:696,82,1,0
BRDA:697,83,0,1
BRDA:697,83,1,0
BRDA:697,83,2,0
BRDA:704,84,0,1
BRDA:704,84,1,0
BRDA:704,85,0,1
BRDA:704,85,1,1
BRDA:708,86,0,1
BRDA:708,86,1,0
BRDA:713,87,0,0
BRDA:713,87,1,1
BRDA:716,88,0,0
BRDA:716,88,1,1
BRDA:719,89,0,0
BRDA:719,89,1,1
BRDA:728,90,0,1
BRDA:728,90,1,1
BRDA:756,91,0,0
BRDA:756,91,1,2
BRDA:757,92,0,0
BRDA:757,92,1,0
BRDA:761,93,0,0
BRDA:761,93,1,0
BRDA:767,94,0,0
BRDA:767,94,1,0
BRDA:769,95,0,0
BRDA:769,95,1,0
BRDA:769,95,2,0
BRDA:783,96,0,0
BRDA:783,96,1,0
BRDA:802,97,0,2
BRDA:802,97,1,2
BRDA:807,98,0,2
BRDA:807,98,1,2
BRDA:821,99,0,3
BRDA:821,99,1,1
BRDA:825,100,0,3
BRDA:825,100,1,3
BRDA:828,101,0,3
BRDA:828,101,1,1
BRDA:828,101,2,1
BRDA:830,102,0,3
BRDA:830,102,1,1
BRDA:830,102,2,1
BRDA:854,103,0,1
BRDA:854,103,1,2
BRDA:854,104,0,3
BRDA:854,104,1,3
BRDA:884,105,0,1
BRDA:884,105,1,1
BRDA:884,105,2,0
BRDA:886,106,0,1
BRDA:886,106,1,1
BRDA:886,106,2,0
BRDA:886,106,3,0
BRDA:890,107,0,1
BRDA:890,107,1,0
BRDA:891,108,0,1
BRDA:891,108,1,1
BRDA:892,109,0,1
BRDA:892,109,1,1
BRDA:893,110,0,1
BRDA:893,110,1,1
BRDA:898,111,0,1
BRDA:898,111,1,0
BRDA:928,112,0,1
BRDA:928,112,1,3
BRDA:928,113,0,4
BRDA:928,113,1,4
BRDA:935,114,0,1
BRDA:935,114,1,2
BRDA:941,115,0,1
BRDA:941,115,1,0
BRDA:957,116,0,1
BRDA:957,116,1,1
BRDA:964,117,0,0
BRDA:964,117,1,1
BRDA:968,118,0,1
BRDA:968,118,1,1
BRDA:980,119,0,1
BRDA:980,119,1,0
BRDA:1012,120,0,0
BRDA:1012,120,1,1
BRDA:1012,121,0,1
BRDA:1012,121,1,1
BRDA:1019,122,0,0
BRDA:1019,122,1,1
BRDA:1025,123,0,0
BRDA:1025,123,1,0
BRDA:1039,124,0,0
BRDA:1039,124,1,1
BRDA:1046,125,0,0
BRDA:1046,125,1,1
BRDA:1050,126,0,1
BRDA:1050,126,1,1
BRDA:1062,127,0,1
BRDA:1062,127,1,0
BRDA:1097,128,0,1
BRDA:1097,128,1,1
BRDA:1097,129,0,2
BRDA:1097,129,1,2
BRDA:1141,130,0,1
BRDA:1141,130,1,2
BRDA:1156,131,0,1
BRDA:1156,131,1,1
BRDA:1177,132,0,1
BRDA:1177,132,1,0
BRDA:1205,133,0,1
BRDA:1205,133,1,1
BRDA:1205,134,0,2
BRDA:1205,134,1,2
BRDA:1210,135,0,0
BRDA:1210,135,1,1
BRDA:1216,136,0,0
BRDA:1216,136,1,0
BRDA:1230,137,0,0
BRDA:1230,137,1,1
BRDA:1267,138,0,1
BRDA:1267,138,1,4
BRDA:1267,139,0,5
BRDA:1267,139,1,5
BRDA:1272,140,0,1
BRDA:1272,140,1,3
BRDA:1282,141,0,1
BRDA:1282,141,1,2
BRDA:1294,142,0,0
BRDA:1294,142,1,2
BRDA:1304,143,0,0
BRDA:1304,143,1,2
BRDA:1312,144,0,2
BRDA:1312,144,1,0
BRDA:1313,145,0,2
BRDA:1313,145,1,2
BRDA:1314,146,0,1
BRDA:1314,146,1,1
BRDA:1322,147,0,1
BRDA:1322,147,1,0
BRDA:1330,148,0,0
BRDA:1330,148,1,1
BRDA:1338,149,0,0
BRDA:1338,149,1,0
BRDA:1346,150,0,0
BRDA:1346,150,1,1
BRDA:1348,151,0,0
BRDA:1348,151,1,0
BRDA:1352,152,0,0
BRDA:1352,152,1,0
BRDA:1367,153,0,0
BRDA:1367,153,1,0
BRDA:1370,154,0,0
BRDA:1370,154,1,0
BRDA:1391,155,0,1
BRDA:1391,155,1,0
BRDA:1400,156,0,1
BRDA:1400,156,1,0
BRDA:1414,157,0,1
BRDA:1414,157,1,0
BRDA:1418,158,0,1
BRDA:1418,158,1,0
BRDA:1433,159,0,1
BRDA:1433,159,1,0
BRDA:1436,160,0,1
BRDA:1436,160,1,0
BRDA:1477,161,0,0
BRDA:1477,161,1,0
BRDA:1477,162,0,0
BRDA:1477,162,1,0
BRDA:1482,163,0,0
BRDA:1482,163,1,0
BRDA:1488,164,0,0
BRDA:1488,164,1,0
BRDA:1502,165,0,0
BRDA:1502,165,1,0
BRDA:1525,166,0,0
BRDA:1525,166,1,0
BRDA:1545,167,0,0
BRDA:1545,167,1,0
BRDA:1548,168,0,0
BRDA:1548,168,1,0
BRDA:1549,169,0,0
BRDA:1549,169,1,0
BRDA:1550,170,0,0
BRDA:1550,170,1,0
BRDA:1551,171,0,0
BRDA:1551,171,1,0
BRDA:1576,172,0,1
BRDA:1576,172,1,1
BRDA:1580,173,0,0
BRDA:1580,173,1,1
BRDA:1581,174,0,1
BRDA:1581,174,1,0
BRDA:1594,175,0,0
BRDA:1594,175,1,1
BRDA:1598,176,0,1
BRDA:1598,176,1,0
BRDA:1600,177,0,0
BRDA:1600,177,1,1
BRDA:1609,178,0,0
BRDA:1609,178,1,1
BRDA:1610,179,0,0
BRDA:1610,179,1,0
BRDA:1610,180,0,0
BRDA:1610,180,1,0
BRDA:1639,181,0,1
BRDA:1639,181,1,0
BRDA:1642,182,0,1
BRDA:1642,182,1,1
BRDA:1670,183,0,1
BRDA:1670,183,1,1
BRDA:1670,184,0,2
BRDA:1670,184,1,2
BRDA:1682,185,0,1
BRDA:1682,185,1,0
BRDA:1683,186,0,0
BRDA:1683,186,1,1
BRDA:1684,187,0,1
BRDA:1684,187,1,0
BRDA:1686,188,0,1
BRDA:1686,188,1,0
BRDA:1688,189,0,1
BRDA:1688,189,1,0
BRDA:1710,190,0,0
BRDA:1710,190,1,0
BRDA:1710,191,0,0
BRDA:1710,191,1,0
BRDA:1715,192,0,0
BRDA:1715,192,1,0
BRDA:1728,193,0,0
BRDA:1728,193,1,0
BRDA:1740,194,0,0
BRDA:1740,194,1,0
BRDA:1740,195,0,0
BRDA:1740,195,1,0
BRDA:1742,196,0,0
BRDA:1742,196,1,0
BRDA:1757,197,0,0
BRDA:1757,197,1,0
BRF:406
BRH:188
end_of_record
TN:
SF:src\routes\ocrRoutes.js
FNF:0
FNH:0
DA:1,13
DA:2,13
DA:3,13
DA:4,13
DA:10,13
DA:12,13
LF:6
LH:6
BRF:0
BRH:0
end_of_record
TN:
SF:src\routes\organizations.js
FN:21,(anonymous_0)
FN:85,(anonymous_1)
FN:126,(anonymous_2)
FN:206,(anonymous_3)
FN:246,(anonymous_4)
FN:293,(anonymous_5)
FN:352,(anonymous_6)
FN:423,(anonymous_7)
FN:454,(anonymous_8)
FNF:9
FNH:6
FNDA:3,(anonymous_0)
FNDA:4,(anonymous_1)
FNDA:3,(anonymous_2)
FNDA:3,(anonymous_3)
FNDA:26,(anonymous_4)
FNDA:3,(anonymous_5)
FNDA:0,(anonymous_6)
FNDA:0,(anonymous_7)
FNDA:0,(anonymous_8)
DA:1,13
DA:2,13
DA:3,13
DA:4,13
DA:5,13
DA:6,13
DA:7,13
DA:9,13
DA:15,13
DA:22,3
DA:32,3
DA:34,3
DA:35,3
DA:36,3
DA:37,3
DA:39,3
DA:40,1
DA:47,3
DA:48,3
DA:50,3
DA:58,3
DA:68,0
DA:69,0
DA:80,13
DA:86,4
DA:87,4
DA:90,4
DA:91,2
DA:95,1
DA:101,3
DA:102,3
DA:103,1
DA:106,2
DA:108,0
DA:109,0
DA:120,13
DA:127,3
DA:141,3
DA:143,3
DA:144,1
DA:150,2
DA:151,2
DA:152,1
DA:157,1
DA:173,1
DA:175,1
DA:184,1
DA:188,0
DA:189,0
DA:201,13
DA:207,3
DA:208,3
DA:209,3
DA:210,3
DA:211,3
DA:213,3
DA:214,2
DA:216,2
DA:231,1
DA:232,1
DA:236,1
DA:239,3
DA:240,1
DA:245,2
DA:246,2
DA:247,26
DA:250,2
DA:256,2
DA:257,1
DA:260,1
DA:269,1
DA:274,0
DA:275,0
DA:287,13
DA:294,3
DA:295,3
DA:296,3
DA:297,1
DA:301,2
DA:306,2
DA:307,1
DA:312,1
DA:313,1
DA:315,1
DA:324,1
DA:334,0
DA:335,0
DA:347,13
DA:353,0
DA:354,0
DA:355,0
DA:357,0
DA:358,0
DA:362,0
DA:374,0
DA:376,0
DA:377,0
DA:378,0
DA:380,0
DA:381,0
DA:387,0
DA:395,0
DA:405,0
DA:406,0
DA:418,13
DA:424,0
DA:425,0
DA:426,0
DA:428,0
DA:429,0
DA:433,0
DA:439,0
DA:440,0
DA:441,0
DA:445,0
DA:454,0
DA:455,0
DA:456,0
DA:459,0
DA:477,0
DA:478,0
DA:486,13
LF:122
LH:80
BRDA:24,0,0,2
BRDA:25,1,0,2
BRDA:29,2,0,3
BRDA:30,3,0,3
BRDA:31,4,0,3
BRDA:35,5,0,1
BRDA:35,5,1,2
BRDA:36,6,0,0
BRDA:36,6,1,3
BRDA:37,7,0,3
BRDA:37,7,1,0
BRDA:39,8,0,1
BRDA:39,8,1,2
BRDA:48,9,0,3
BRDA:48,9,1,0
BRDA:90,10,0,2
BRDA:90,10,1,2
BRDA:91,11,0,1
BRDA:91,11,1,1
BRDA:92,12,0,2
BRDA:92,12,1,2
BRDA:102,13,0,1
BRDA:102,13,1,2
BRDA:134,14,0,3
BRDA:143,15,0,1
BRDA:143,15,1,2
BRDA:143,16,0,3
BRDA:143,16,1,2
BRDA:151,17,0,1
BRDA:151,17,1,1
BRDA:213,18,0,2
BRDA:213,18,1,1
BRDA:231,19,0,1
BRDA:231,19,1,0
BRDA:233,20,0,1
BRDA:233,20,1,1
BRDA:239,21,0,1
BRDA:239,21,1,2
BRDA:247,22,0,3
BRDA:247,22,1,23
BRDA:256,23,0,1
BRDA:256,23,1,1
BRDA:296,24,0,1
BRDA:296,24,1,2
BRDA:306,25,0,1
BRDA:306,25,1,1
BRDA:357,26,0,0
BRDA:357,26,1,0
BRDA:358,27,0,0
BRDA:358,27,1,0
BRDA:359,28,0,0
BRDA:359,28,1,0
BRDA:369,29,0,0
BRDA:370,30,0,0
BRDA:373,31,0,0
BRDA:377,32,0,0
BRDA:377,32,1,0
BRDA:378,33,0,0
BRDA:378,33,1,0
BRDA:380,34,0,0
BRDA:380,34,1,0
BRDA:428,35,0,0
BRDA:428,35,1,0
BRDA:429,36,0,0
BRDA:429,36,1,0
BRDA:430,37,0,0
BRDA:430,37,1,0
BRDA:440,38,0,0
BRDA:440,38,1,0
BRF:69
BRH:42
end_of_record
TN:
SF:src\routes\patients.js
FN:17,canReadPatient
FN:46,(anonymous_1)
FN:125,(anonymous_2)
FN:162,(anonymous_3)
FN:257,(anonymous_4)
FN:323,(anonymous_5)
FN:362,(anonymous_6)
FN:388,(anonymous_7)
FN:445,(anonymous_8)
FN:494,(anonymous_9)
FN:519,(anonymous_10)
FNF:11
FNH:6
FNDA:10,canReadPatient
FNDA:4,(anonymous_1)
FNDA:5,(anonymous_2)
FNDA:0,(anonymous_3)
FNDA:4,(anonymous_4)
FNDA:18,(anonymous_5)
FNDA:0,(anonymous_6)
FNDA:4,(anonymous_7)
FNDA:0,(anonymous_8)
FNDA:0,(anonymous_9)
FNDA:0,(anonymous_10)
DA:1,13
DA:2,13
DA:3,13
DA:4,13
DA:5,13
DA:6,13
DA:7,13
DA:8,13
DA:10,13
DA:18,10
DA:19,10
DA:20,9
DA:21,7
DA:23,2
DA:25,2
DA:27,0
DA:29,0
DA:31,0
DA:40,13
DA:47,4
DA:57,4
DA:59,4
DA:65,4
DA:66,4
DA:67,1
DA:68,3
DA:69,3
DA:72,4
DA:73,4
DA:75,4
DA:76,1
DA:84,4
DA:85,4
DA:87,4
DA:98,4
DA:108,0
DA:109,0
DA:120,13
DA:126,5
DA:127,5
DA:132,5
DA:133,1
DA:136,4
DA:137,1
DA:140,3
DA:142,0
DA:143,0
DA:156,13
DA:163,0
DA:174,0
DA:176,0
DA:177,0
DA:184,0
DA:188,0
DA:189,0
DA:193,0
DA:194,0
DA:195,0
DA:197,0
DA:198,0
DA:203,0
DA:217,0
DA:220,0
DA:224,0
DA:233,0
DA:237,0
DA:238,0
DA:252,13
DA:258,4
DA:259,4
DA:260,4
DA:262,4
DA:263,1
DA:266,3
DA:267,0
DA:271,3
DA:321,3
DA:322,3
DA:323,3
DA:324,18
DA:327,3
DA:328,1
DA:333,2
DA:342,2
DA:351,2
DA:357,0
DA:358,0
DA:362,0
DA:365,2
DA:370,0
DA:371,0
DA:382,13
DA:389,4
DA:390,4
DA:391,4
DA:392,1
DA:395,3
DA:396,0
DA:399,3
DA:400,3
DA:401,3
DA:402,3
DA:403,3
DA:406,3
DA:410,3
DA:419,3
DA:428,0
DA:429,0
DA:441,13
DA:446,0
DA:447,0
DA:450,0
DA:451,0
DA:454,0
DA:455,0
DA:459,0
DA:460,0
DA:461,0
DA:462,0
DA:466,0
DA:476,0
DA:478,0
DA:479,0
DA:490,13
DA:495,0
DA:496,0
DA:497,0
DA:501,0
DA:503,0
DA:504,0
DA:515,13
DA:520,0
DA:521,0
DA:522,0
DA:523,0
DA:526,0
DA:527,0
DA:530,0
DA:531,0
DA:535,0
DA:536,0
DA:541,0
DA:543,0
DA:544,0
DA:552,13
LF:145
LH:77
BRDA:19,0,0,1
BRDA:19,0,1,9
BRDA:20,1,0,7
BRDA:20,1,1,2
BRDA:20,2,0,9
BRDA:20,2,1,5
BRDA:23,3,0,2
BRDA:23,3,1,0
BRDA:27,4,0,0
BRDA:27,4,1,0
BRDA:49,5,0,3
BRDA:50,6,0,3
BRDA:52,7,0,4
BRDA:53,8,0,4
BRDA:54,9,0,4
BRDA:66,10,0,1
BRDA:66,10,1,3
BRDA:68,11,0,3
BRDA:68,11,1,0
BRDA:72,12,0,1
BRDA:72,12,1,3
BRDA:73,13,0,0
BRDA:73,13,1,4
BRDA:75,14,0,1
BRDA:75,14,1,3
BRDA:85,15,0,4
BRDA:85,15,1,0
BRDA:132,16,0,1
BRDA:132,16,1,4
BRDA:136,17,0,1
BRDA:136,17,1,3
BRDA:176,18,0,0
BRDA:176,18,1,0
BRDA:176,19,0,0
BRDA:176,19,1,0
BRDA:176,19,2,0
BRDA:176,19,3,0
BRDA:184,20,0,0
BRDA:184,20,1,0
BRDA:188,21,0,0
BRDA:188,21,1,0
BRDA:194,22,0,0
BRDA:194,22,1,0
BRDA:197,23,0,0
BRDA:197,23,1,0
BRDA:262,24,0,1
BRDA:262,24,1,3
BRDA:266,25,0,0
BRDA:266,25,1,3
BRDA:321,26,0,3
BRDA:321,26,1,0
BRDA:324,27,0,3
BRDA:324,27,1,15
BRDA:327,28,0,1
BRDA:327,28,1,2
BRDA:351,29,0,0
BRDA:351,29,1,2
BRDA:352,30,0,2
BRDA:352,30,1,0
BRDA:352,30,2,0
BRDA:352,30,3,0
BRDA:391,31,0,1
BRDA:391,31,1,3
BRDA:395,32,0,0
BRDA:395,32,1,3
BRDA:401,33,0,3
BRDA:401,33,1,3
BRDA:450,34,0,0
BRDA:450,34,1,0
BRDA:454,35,0,0
BRDA:454,35,1,0
BRDA:461,36,0,0
BRDA:461,36,1,0
BRDA:468,37,0,0
BRDA:468,37,1,0
BRDA:469,38,0,0
BRDA:469,38,1,0
BRDA:470,39,0,0
BRDA:470,39,1,0
BRDA:471,40,0,0
BRDA:471,40,1,0
BRDA:472,41,0,0
BRDA:472,41,1,0
BRDA:473,42,0,0
BRDA:473,42,1,0
BRDA:501,43,0,0
BRDA:501,43,1,0
BRDA:522,44,0,0
BRDA:522,44,1,0
BRDA:526,45,0,0
BRDA:526,45,1,0
BRDA:535,46,0,0
BRDA:535,46,1,0
BRF:93
BRH:40
end_of_record
TN:
SF:src\routes\payment.js
FN:11,(anonymous_0)
FN:44,(anonymous_1)
FN:45,(anonymous_2)
FNF:3
FNH:3
FNDA:8,(anonymous_0)
FNDA:4,(anonymous_1)
FNDA:8,(anonymous_2)
DA:1,13
DA:2,13
DA:3,13
DA:4,13
DA:5,13
DA:6,13
DA:7,13
DA:9,13
DA:11,13
DA:12,8
DA:13,8
DA:15,8
DA:16,8
DA:17,0
DA:18,0
DA:19,0
DA:20,0
DA:24,8
DA:25,0
DA:31,8
DA:32,8
DA:33,5
DA:34,5
DA:35,1
DA:39,4
DA:42,4
DA:43,4
DA:44,4
DA:45,8
DA:46,4
DA:47,0
DA:50,4
DA:51,4
DA:54,4
DA:55,0
DA:56,0
DA:57,0
DA:58,0
DA:62,4
DA:63,4
DA:68,4
DA:69,1
DA:72,1
DA:75,1
DA:76,1
DA:93,1
DA:94,1
DA:100,0
DA:105,1
DA:109,3
DA:110,3
DA:111,3
DA:112,1
DA:117,2
DA:119,2
DA:124,2
DA:125,1
DA:126,1
DA:127,1
DA:144,1
DA:145,1
DA:151,0
DA:156,1
DA:159,0
DA:166,4
DA:167,4
DA:169,0
DA:175,4
DA:177,4
DA:178,3
DA:179,3
DA:181,3
DA:182,3
DA:183,3
DA:185,3
DA:187,1
DA:188,1
DA:192,1
DA:194,1
DA:195,1
DA:196,1
DA:197,1
DA:201,4
DA:202,0
DA:206,4
DA:207,4
DA:209,1
DA:210,1
DA:211,1
DA:213,0
DA:217,3
DA:218,3
DA:219,3
DA:220,0
DA:224,0
DA:229,3
DA:230,3
DA:231,1
DA:236,1
DA:249,1
DA:253,2
DA:256,2
DA:265,2
DA:270,0
DA:276,2
DA:278,0
DA:279,0
DA:283,13
LF:108
LH:87
BRDA:13,0,0,8
BRDA:13,0,1,0
BRDA:16,1,0,0
BRDA:16,1,1,8
BRDA:17,2,0,0
BRDA:17,2,1,0
BRDA:19,3,0,0
BRDA:19,3,1,0
BRDA:24,4,0,0
BRDA:24,4,1,8
BRDA:32,5,0,5
BRDA:32,5,1,3
BRDA:34,6,0,1
BRDA:34,6,1,4
BRDA:39,7,0,4
BRDA:39,7,1,0
BRDA:46,8,0,0
BRDA:46,8,1,4
BRDA:46,9,0,4
BRDA:46,9,1,4
BRDA:54,10,0,0
BRDA:54,10,1,4
BRDA:57,11,0,0
BRDA:57,11,1,0
BRDA:68,12,0,1
BRDA:68,12,1,3
BRDA:109,13,0,3
BRDA:109,13,1,0
BRDA:111,14,0,1
BRDA:111,14,1,2
BRDA:117,15,0,2
BRDA:117,15,1,0
BRDA:124,16,0,1
BRDA:124,16,1,1
BRDA:177,17,0,3
BRDA:177,17,1,1
BRDA:181,18,0,3
BRDA:181,18,1,0
BRDA:184,19,0,3
BRDA:184,19,1,0
BRDA:185,20,0,3
BRDA:185,20,1,2
BRDA:187,21,0,1
BRDA:187,21,1,0
BRDA:189,22,0,1
BRDA:189,22,1,0
BRDA:189,22,2,0
BRDA:194,23,0,1
BRDA:194,23,1,0
BRDA:197,24,0,1
BRDA:197,24,1,0
BRDA:201,25,0,0
BRDA:201,25,1,4
BRDA:201,26,0,4
BRDA:201,26,1,4
BRDA:209,27,0,1
BRDA:209,27,1,0
BRDA:218,28,0,3
BRDA:218,28,1,0
BRDA:219,29,0,0
BRDA:219,29,1,3
BRDA:230,30,0,1
BRDA:230,30,1,2
BRDA:257,31,0,2
BRDA:257,31,1,0
BRF:65
BRH:39
end_of_record
TN:
SF:src\routes\profile.js
FN:25,(anonymous_0)
FN:50,(anonymous_1)
FN:139,(anonymous_2)
FN:211,(anonymous_3)
FN:280,(anonymous_4)
FN:332,(anonymous_5)
FN:457,(anonymous_6)
FN:459,(anonymous_7)
FN:533,(anonymous_8)
FNF:9
FNH:5
FNDA:1,(anonymous_0)
FNDA:0,(anonymous_1)
FNDA:5,(anonymous_2)
FNDA:0,(anonymous_3)
FNDA:4,(anonymous_4)
FNDA:0,(anonymous_5)
FNDA:0,(anonymous_6)
FNDA:3,(anonymous_7)
FNDA:6,(anonymous_8)
DA:1,13
DA:2,13
DA:3,13
DA:4,13
DA:5,13
DA:6,13
DA:7,13
DA:9,13
DA:21,13
DA:26,1
DA:27,1
DA:32,1
DA:34,0
DA:35,0
DA:46,13
DA:51,0
DA:52,0
DA:53,0
DA:54,0
DA:56,0
DA:57,0
DA:58,0
DA:61,0
DA:62,0
DA:63,0
DA:64,0
DA:65,0
DA:70,0
DA:71,0
DA:72,0
DA:74,0
DA:75,0
DA:77,0
DA:84,0
DA:85,0
DA:86,0
DA:91,0
DA:96,0
DA:97,0
DA:98,0
DA:99,0
DA:100,0
DA:101,0
DA:104,0
DA:107,0
DA:111,0
DA:112,0
DA:114,0
DA:120,0
DA:121,0
DA:133,13
DA:140,5
DA:141,5
DA:142,5
DA:144,5
DA:145,4
DA:146,1
DA:152,4
DA:155,4
DA:156,1
DA:162,1
DA:163,1
DA:167,0
DA:170,3
DA:173,3
DA:182,3
DA:192,0
DA:193,0
DA:205,13
DA:212,0
DA:221,0
DA:223,0
DA:229,0
DA:230,0
DA:231,0
DA:233,0
DA:234,0
DA:241,0
DA:242,0
DA:244,0
DA:253,0
DA:263,0
DA:264,0
DA:275,13
DA:281,4
DA:282,4
DA:287,4
DA:288,1
DA:291,3
DA:293,3
DA:294,1
DA:297,2
DA:298,2
DA:302,1
DA:304,1
DA:308,0
DA:309,0
DA:312,0
DA:314,0
DA:315,0
DA:327,13
DA:333,0
DA:343,0
DA:345,0
DA:346,0
DA:352,0
DA:353,0
DA:359,0
DA:360,0
DA:366,0
DA:370,0
DA:376,0
DA:377,0
DA:378,0
DA:384,0
DA:388,0
DA:389,0
DA:392,0
DA:393,0
DA:395,0
DA:407,0
DA:410,0
DA:412,0
DA:418,0
DA:419,0
DA:425,0
DA:438,0
DA:442,0
DA:443,0
DA:454,13
DA:457,0
DA:460,3
DA:461,3
DA:462,3
DA:463,1
DA:466,2
DA:475,2
DA:477,2
DA:478,2
DA:479,2
DA:480,2
DA:481,2
DA:484,2
DA:485,0
DA:486,0
DA:487,0
DA:488,0
DA:489,2
DA:490,2
DA:493,2
DA:499,2
DA:511,2
DA:516,0
DA:517,0
DA:528,13
DA:534,6
DA:535,6
DA:536,6
DA:537,1
DA:540,5
DA:541,1
DA:546,4
DA:550,0
DA:555,4
DA:556,4
DA:559,4
DA:561,4
DA:567,4
DA:568,4
DA:574,4
DA:586,4
DA:597,0
DA:598,0
DA:605,13
LF:174
LH:77
BRDA:53,0,0,0
BRDA:53,0,1,0
BRDA:57,1,0,0
BRDA:57,1,1,0
BRDA:64,2,0,0
BRDA:64,2,1,0
BRDA:64,3,0,0
BRDA:64,3,1,0
BRDA:72,4,0,0
BRDA:72,4,1,0
BRDA:75,5,0,0
BRDA:75,5,1,0
BRDA:80,6,0,0
BRDA:80,6,1,0
BRDA:84,7,0,0
BRDA:84,7,1,0
BRDA:96,8,0,0
BRDA:96,8,1,0
BRDA:100,9,0,0
BRDA:100,9,1,0
BRDA:142,10,0,4
BRDA:142,11,0,4
BRDA:144,12,0,4
BRDA:144,12,1,1
BRDA:145,13,0,1
BRDA:145,13,1,3
BRDA:155,14,0,1
BRDA:155,14,1,3
BRDA:162,15,0,1
BRDA:162,15,1,0
BRDA:214,16,0,0
BRDA:215,17,0,0
BRDA:219,18,0,0
BRDA:220,19,0,0
BRDA:229,20,0,0
BRDA:229,20,1,0
BRDA:230,21,0,0
BRDA:230,21,1,0
BRDA:230,22,0,0
BRDA:230,22,1,0
BRDA:233,23,0,0
BRDA:233,23,1,0
BRDA:242,24,0,0
BRDA:242,24,1,0
BRDA:287,25,0,1
BRDA:287,25,1,3
BRDA:293,26,0,1
BRDA:293,26,1,2
BRDA:297,27,0,2
BRDA:297,27,1,0
BRDA:298,28,0,1
BRDA:298,28,1,1
BRDA:299,29,0,2
BRDA:299,29,1,2
BRDA:308,30,0,0
BRDA:308,30,1,0
BRDA:345,31,0,0
BRDA:345,31,1,0
BRDA:345,32,0,0
BRDA:345,32,1,0
BRDA:345,32,2,0
BRDA:345,32,3,0
BRDA:352,33,0,0
BRDA:352,33,1,0
BRDA:359,34,0,0
BRDA:359,34,1,0
BRDA:359,35,0,0
BRDA:359,35,1,0
BRDA:366,36,0,0
BRDA:366,36,1,0
BRDA:367,37,0,0
BRDA:367,37,1,0
BRDA:376,38,0,0
BRDA:376,38,1,0
BRDA:376,39,0,0
BRDA:376,39,1,0
BRDA:377,40,0,0
BRDA:377,40,1,0
BRDA:388,41,0,0
BRDA:388,41,1,0
BRDA:392,42,0,0
BRDA:392,42,1,0
BRDA:400,43,0,0
BRDA:400,43,1,0
BRDA:401,44,0,0
BRDA:401,44,1,0
BRDA:402,45,0,0
BRDA:402,45,1,0
BRDA:403,46,0,0
BRDA:403,46,1,0
BRDA:410,47,0,0
BRDA:410,47,1,0
BRDA:412,48,0,0
BRDA:412,48,1,0
BRDA:414,49,0,0
[...]
DA:872,0
DA:874,2
DA:875,2
DA:876,2
DA:881,2
DA:899,1
DA:900,1
DA:901,0
DA:904,0
DA:906,1
DA:907,1
DA:908,1
DA:909,1
DA:910,1
DA:911,1
DA:912,1
DA:915,1
DA:916,31
DA:920,31
DA:921,31
DA:925,31
DA:926,0
DA:928,0
DA:929,0
DA:935,1
DA:936,1
DA:940,1
DA:944,4
LF:357
LH:272
BRDA:26,0,0,4
BRDA:30,1,0,39
BRDA:30,1,1,2
BRDA:31,2,0,41
BRDA:31,2,1,41
BRDA:31,2,2,39
BRDA:31,2,3,39
BRDA:38,3,0,0
BRDA:38,3,1,41
BRDA:40,4,0,41
BRDA:40,4,1,2
BRDA:41,5,0,35
BRDA:41,5,1,6
BRDA:63,6,0,0
BRDA:63,6,1,41
BRDA:64,7,0,41
BRDA:64,7,1,0
BRDA:66,8,0,41
BRDA:66,8,1,0
BRDA:75,9,0,0
BRDA:75,9,1,41
BRDA:76,10,0,41
BRDA:76,10,1,0
BRDA:77,11,0,41
BRDA:77,11,1,0
BRDA:88,12,0,0
BRDA:88,12,1,41
BRDA:88,13,0,41
BRDA:88,13,1,3
BRDA:90,14,0,2
BRDA:90,14,1,39
BRDA:91,15,0,41
BRDA:91,15,1,3
BRDA:91,15,2,2
BRDA:91,15,3,2
BRDA:99,16,0,0
BRDA:99,16,1,41
BRDA:99,17,0,41
BRDA:99,17,1,2
BRDA:99,17,2,0
BRDA:104,18,0,0
BRDA:104,18,1,41
BRDA:104,19,0,41
BRDA:104,19,1,39
BRDA:107,20,0,0
BRDA:107,20,1,0
BRDA:117,21,0,0
BRDA:117,21,1,0
BRDA:123,22,0,0
BRDA:123,22,1,0
BRDA:125,23,0,2
BRDA:125,23,1,39
BRDA:125,24,0,41
BRDA:125,24,1,2
BRDA:134,25,0,0
BRDA:134,25,1,2
BRDA:136,26,0,2
BRDA:136,26,1,1
BRDA:140,27,0,2
BRDA:140,27,1,2
BRDA:142,28,0,0
BRDA:142,28,1,2
BRDA:153,29,0,0
BRDA:153,29,1,2
BRDA:153,30,0,2
BRDA:153,30,1,0
BRDA:163,31,0,0
BRDA:163,31,1,41
BRDA:164,32,0,39
BRDA:164,32,1,2
BRDA:165,33,0,41
BRDA:165,33,1,0
BRDA:179,34,0,41
BRDA:179,34,1,0
BRDA:180,35,0,41
BRDA:180,35,1,0
BRDA:189,36,0,1
BRDA:189,36,1,1
BRDA:190,37,0,1
BRDA:190,37,1,0
BRDA:193,38,0,1
BRDA:193,38,1,0
BRDA:194,39,0,0
BRDA:194,39,1,1
BRDA:201,40,0,1
BRDA:201,40,1,0
BRDA:202,41,0,1
BRDA:202,41,1,1
BRDA:213,42,0,1
BRDA:213,42,1,0
BRDA:223,43,0,1
BRDA:223,43,1,40
BRDA:227,44,0,2
BRDA:227,44,1,39
BRDA:228,45,0,2
BRDA:228,45,1,0
BRDA:233,46,0,2
BRDA:233,46,1,39
BRDA:239,47,0,2
BRDA:239,47,1,39
BRDA:243,48,0,0
BRDA:243,48,1,41
BRDA:254,49,0,41
BRDA:254,49,1,2
BRDA:255,50,0,3
BRDA:255,50,1,2
BRDA:257,51,0,1
BRDA:257,51,1,40
BRDA:258,52,0,1
BRDA:258,52,1,0
BRDA:265,53,0,41
BRDA:265,53,1,2
BRDA:266,54,0,4
BRDA:266,54,1,4
BRDA:269,55,0,0
BRDA:269,55,1,41
BRDA:271,56,0,0
BRDA:271,56,1,0
BRDA:272,57,0,0
BRDA:272,57,1,0
BRDA:276,58,0,0
BRDA:276,58,1,0
BRDA:277,59,0,0
BRDA:277,59,1,0
BRDA:280,60,0,0
BRDA:280,60,1,0
BRDA:281,61,0,0
BRDA:281,61,1,0
BRDA:290,62,0,2
BRDA:290,62,1,39
BRDA:292,63,0,2
BRDA:292,63,1,2
BRDA:294,64,0,2
BRDA:294,64,1,2
BRDA:298,65,0,2
BRDA:298,65,1,0
BRDA:299,66,0,0
BRDA:299,66,1,2
BRDA:300,67,0,2
BRDA:300,67,1,0
BRDA:305,68,0,1
BRDA:305,68,1,1
BRDA:305,69,0,2
BRDA:305,69,1,1
BRDA:306,70,0,0
BRDA:306,70,1,1
BRDA:306,71,0,1
BRDA:306,71,1,1
BRDA:307,72,0,1
BRDA:307,72,1,0
BRDA:307,73,0,1
BRDA:307,73,1,1
BRDA:308,74,0,0
BRDA:308,74,1,0
BRDA:308,75,0,0
BRDA:308,75,1,0
BRDA:314,76,0,2
BRDA:314,76,1,1
BRDA:314,76,2,2
BRDA:314,76,3,2
BRDA:314,76,4,2
BRDA:314,76,5,2
BRDA:314,76,6,1
BRDA:314,76,7,2
BRDA:314,76,8,1
BRDA:319,77,0,2
BRDA:319,77,1,1
BRDA:319,77,2,0
BRDA:319,77,3,2
BRDA:319,77,4,2
BRDA:319,77,5,2
BRDA:319,77,6,0
BRDA:319,77,7,2
BRDA:319,77,8,1
BRDA:319,77,9,0
BRDA:319,77,10,2
BRDA:319,77,11,1
BRDA:319,77,12,0
BRDA:324,78,0,0
BRDA:324,78,1,2
BRDA:325,79,0,0
BRDA:325,79,1,2
BRDA:331,80,0,39
BRDA:331,80,1,2
BRDA:332,81,0,41
BRDA:332,81,1,2
BRDA:332,81,2,1
BRDA:336,82,0,0
BRDA:336,82,1,2
BRDA:336,83,0,2
BRDA:336,83,1,2
BRDA:338,84,0,0
BRDA:338,84,1,2
BRDA:339,85,0,2
BRDA:339,85,1,2
BRDA:339,85,2,2
BRDA:349,86,0,41
BRDA:349,86,1,0
BRDA:351,87,0,2
BRDA:351,87,1,39
BRDA:351,88,0,41
BRDA:351,88,1,2
BRDA:354,89,0,0
BRDA:354,89,1,39
BRDA:362,90,0,0
BRDA:362,90,1,0
BRDA:363,91,0,0
BRDA:363,91,1,0
BRDA:371,92,0,0
BRDA:371,92,1,0
BRDA:372,93,0,0
BRDA:372,93,1,0
BRDA:384,94,0,41
BRDA:384,94,1,0
BRDA:386,95,0,0
BRDA:386,95,1,0
BRDA:388,96,0,0
BRDA:388,96,1,0
BRDA:399,97,0,0
BRDA:399,97,1,41
BRDA:399,98,0,41
BRDA:399,98,1,0
BRDA:406,99,0,0
BRDA:406,99,1,41
BRDA:406,100,0,41
BRDA:406,100,1,0
BRDA:413,101,0,0
BRDA:413,101,1,41
BRDA:454,102,0,41
BRDA:454,102,1,2
BRDA:461,103,0,41
BRDA:461,103,1,2
BRDA:465,104,0,2
BRDA:465,104,1,39
BRDA:466,105,0,41
BRDA:466,105,1,2
BRDA:466,105,2,2
BRDA:473,106,0,0
BRDA:473,106,1,41
BRDA:473,107,0,41
BRDA:473,107,1,0
BRDA:476,108,0,0
BRDA:476,108,1,41
BRDA:476,109,0,41
BRDA:476,109,1,0
BRDA:480,110,0,0
BRDA:480,110,1,41
BRDA:483,111,0,0
BRDA:483,111,1,0
BRDA:484,112,0,0
BRDA:484,112,1,0
BRDA:485,113,0,0
BRDA:485,113,1,0
BRDA:485,113,2,0
BRDA:485,113,3,0
BRDA:487,114,0,0
BRDA:487,114,1,0
BRDA:487,115,0,0
BRDA:487,115,1,0
BRDA:492,116,0,0
BRDA:492,116,1,41
BRDA:495,117,0,0
BRDA:495,117,1,0
BRDA:496,118,0,0
BRDA:496,118,1,0
BRDA:496,118,2,0
BRDA:509,119,0,0
BRDA:509,119,1,41
BRDA:510,120,0,41
BRDA:510,120,1,0
BRDA:510,120,2,0
BRDA:517,121,0,2
BRDA:517,121,1,39
BRDA:535,122,0,41
BRDA:535,122,1,35
BRDA:536,123,0,7
BRDA:536,123,1,34
BRDA:542,124,0,5
BRDA:542,124,1,2
BRDA:554,125,0,2
BRDA:554,125,1,2
BRDA:555,126,0,2
BRDA:555,126,1,2
BRDA:556,127,0,1
BRDA:556,127,1,1
BRDA:556,128,0,2
BRDA:556,128,1,1
BRDA:563,129,0,1
BRDA:563,129,1,40
BRDA:577,130,0,41
BRDA:577,130,1,0
BRDA:578,131,0,41
BRDA:578,131,1,0
BRDA:579,132,0,41
BRDA:579,132,1,0
BRDA:580,133,0,41
BRDA:580,133,1,0
BRDA:587,134,0,41
BRDA:587,134,1,41
BRDA:590,135,0,41
BRDA:590,135,1,41
BRDA:591,136,0,0
BRDA:591,136,1,41
BRDA:593,137,0,0
BRDA:593,137,1,41
BRDA:610,138,0,6
BRDA:610,138,1,35
BRDA:613,139,0,4
BRDA:613,139,1,2
BRDA:614,140,0,6
BRDA:614,140,1,6
BRDA:655,141,0,0
BRDA:655,141,1,5
BRDA:657,142,0,5
BRDA:657,142,1,0
BRDA:662,143,0,2
BRDA:662,143,1,3
BRDA:662,144,0,5
BRDA:662,144,1,2
BRDA:664,145,0,1
BRDA:664,145,1,1
BRDA:681,146,0,3
BRDA:682,147,0,4
BRDA:682,147,1,3
BRDA:683,148,0,0
BRDA:683,148,1,4
BRDA:684,149,0,4
BRDA:684,149,1,0
BRDA:688,150,0,0
BRDA:688,150,1,0
BRDA:702,151,0,1
BRDA:702,151,1,3
BRDA:711,152,0,1
BRDA:711,152,1,2
BRDA:715,153,0,1
BRDA:715,153,1,2
BRDA:721,154,0,3
BRDA:721,154,1,0
BRDA:724,155,0,2
BRDA:724,155,1,1
BRDA:745,156,0,0
BRDA:754,157,0,0
BRDA:754,157,1,2
BRDA:754,158,0,2
BRDA:754,158,1,2
BRDA:757,159,0,0
BRDA:757,159,1,0
BRDA:761,160,0,0
BRDA:761,160,1,0
BRDA:763,161,0,0
BRDA:763,161,1,0
BRDA:764,162,0,0
BRDA:764,162,1,0
BRDA:764,162,2,0
BRDA:778,163,0,2
BRDA:778,163,1,1
BRDA:782,164,0,2
BRDA:782,164,1,0
BRDA:785,165,0,2
BRDA:785,165,1,0
BRDA:788,166,0,1
BRDA:788,166,1,1
BRDA:788,167,0,2
BRDA:788,167,1,2
BRDA:788,167,2,2
BRDA:794,168,0,0
BRDA:794,168,1,1
BRDA:795,169,0,1
BRDA:795,169,1,0
BRDA:810,170,0,1
BRDA:810,170,1,0
BRDA:817,171,0,0
BRDA:817,171,1,1
BRDA:860,172,0,2
BRDA:860,172,1,0
BRDA:866,173,0,2
BRDA:866,173,1,0
BRDA:871,174,0,0
BRDA:871,174,1,2
BRDA:871,175,0,2
BRDA:871,175,1,0
BRDA:874,176,0,2
BRDA:874,176,1,0
BRDA:877,177,0,2
BRDA:877,177,1,0
BRDA:877,178,0,2
BRDA:877,178,1,0
BRDA:900,179,0,0
BRDA:900,179,1,1
BRDA:925,180,0,31
BRDA:925,180,1,0
BRF:391
BRH:243
end_of_record
TN:
SF:src\services\recoveryDetectionService.js
FN:15,detectRecovery
FN:21,(anonymous_1)
FN:28,(anonymous_2)
FN:52,(anonymous_3)
FN:64,(anonymous_4)
FNF:5
FNH:5
FNDA:19,detectRecovery
FNDA:9,(anonymous_1)
FNDA:9,(anonymous_2)
FNDA:20,(anonymous_3)
FNDA:9,(anonymous_4)
DA:21,19
DA:22,9
DA:23,6
DA:24,0
DA:25,0
DA:28,19
DA:29,19
DA:31,19
DA:32,19
DA:35,19
DA:36,9
DA:37,6
DA:38,3
DA:39,3
DA:41,0
DA:47,19
DA:49,19
DA:52,19
DA:54,20
DA:57,20
DA:58,20
DA:62,19
DA:63,19
DA:64,9
DA:68,19
DA:69,19
DA:71,19
DA:75,19
DA:79,19
DA:86,15
LF:30
LH:27
BRDA:16,0,0,0
BRDA:17,1,0,0
BRDA:18,2,0,0
BRDA:19,3,0,0
BRDA:22,4,0,3
BRDA:22,4,1,6
BRDA:23,5,0,6
BRDA:23,5,1,0
BRDA:24,6,0,0
BRDA:24,6,1,0
BRDA:36,7,0,6
BRDA:36,7,1,3
BRDA:38,8,0,3
BRDA:38,8,1,0
BRDA:47,9,0,19
BRDA:47,9,1,3
BRDA:49,10,0,19
BRDA:49,10,1,3
BRDA:57,11,0,20
BRDA:57,11,1,6
BRDA:58,12,0,20
BRDA:58,12,1,1
BRDA:64,13,0,9
BRDA:64,13,1,0
BRDA:68,14,0,3
BRDA:68,14,1,16
BRDA:71,15,0,19
BRDA:71,15,1,3
BRDA:71,15,2,2
BRDA:75,16,0,1
BRDA:75,16,1,18
BRDA:81,17,0,1
BRDA:81,17,1,18
BRF:33
BRH:24
end_of_record
TN:
SF:src\services\riskTrendService.js
FN:13,calculateRiskTrends
FN:37,(anonymous_1)
FN:45,(anonymous_2)
FNF:3
FNH:3
FNDA:19,calculateRiskTrends
FNDA:9,(anonymous_1)
FNDA:9,(anonymous_2)
DA:34,19
DA:37,19
DA:38,9
DA:39,8
DA:40,1
DA:41,0
DA:45,19
DA:47,9
DA:51,19
DA:53,19
DA:54,19
DA:55,16
DA:66,3
DA:67,3
DA:70,3
DA:73,3
DA:75,3
DA:82,15
LF:18
LH:17
BRDA:13,0,0,0
BRDA:13,1,0,0
BRDA:38,2,0,1
BRDA:38,2,1,8
BRDA:39,3,0,7
BRDA:39,3,1,1
BRDA:40,4,0,1
BRDA:40,4,1,0
BRDA:54,5,0,16
BRDA:54,5,1,3
BRF:10
BRH:7
end_of_record
TN:
SF:src\services\streakService.js
FN:24,(anonymous_0)
FN:45,(anonymous_1)
FN:48,(anonymous_2)
FNF:3
FNH:3
FNDA:3,(anonymous_0)
FNDA:2,(anonymous_1)
FNDA:2,(anonymous_2)
DA:1,1
DA:2,1
DA:3,1
DA:24,1
DA:25,3
DA:26,3
DA:27,3
DA:29,3
DA:30,3
DA:34,3
DA:35,3
DA:36,3
DA:38,3
DA:43,3
DA:45,2
DA:46,2
DA:48,2
DA:49,2
DA:52,2
DA:54,1
DA:55,1
DA:64,1
DA:65,1
DA:70,1
DA:72,1
DA:74,1
DA:76,1
DA:77,1
DA:78,1
DA:81,0
DA:84,0
DA:85,0
DA:90,0
DA:92,0
DA:94,0
DA:95,0
DA:96,0
DA:97,0
DA:98,0
DA:99,0
DA:100,0
DA:101,0
DA:104,0
DA:105,0
DA:106,0
DA:110,1
DA:111,1
DA:112,1
DA:114,1
DA:115,1
DA:117,1
DA:120,0
DA:122,1
DA:123,1
LF:54
LH:37
BRDA:27,0,0,0
BRDA:27,0,1,3
BRDA:29,1,0,3
BRDA:29,1,1,3
BRDA:43,2,0,1
BRDA:43,2,1,2
BRDA:46,3,0,0
BRDA:46,3,1,2
BRDA:52,4,0,1
BRDA:52,4,1,1
BRDA:54,5,0,1
BRDA:54,5,1,0
BRDA:65,6,0,0
BRDA:65,6,1,1
BRDA:70,7,0,0
BRDA:70,7,1,1
BRDA:74,8,0,1
BRDA:74,8,1,0
BRDA:74,9,0,1
BRDA:74,9,1,0
BRDA:92,10,0,0
BRDA:92,10,1,0
BRDA:97,11,0,0
BRDA:97,11,1,0
BRDA:110,12,0,1
BRDA:110,12,1,0
BRDA:111,13,0,1
BRDA:111,13,1,0
BRDA:114,14,0,1
BRDA:114,14,1,0
BRF:30
BRH:16
end_of_record
TN:
SF:src\services\tokenService.js
FN:7,assertSecrets
FN:13,signAccessToken
FN:22,verifyAccessToken
FN:30,generateRawRefreshToken
FN:34,getRefreshExpiryDate
FN:41,issueTokenPair
FN:76,parseExpiresInSeconds
FN:87,revokeAllForUser
FN:94,revokeRefreshToken
FN:102,revokeAllSessionsGlobally
FN:116,denylistAccessToken
FN:128,checkRedisSessionValidity
FNF:12
FNH:2
FNDA:6,assertSecrets
FNDA:0,signAccessToken
FNDA:6,verifyAccessToken
FNDA:0,generateRawRefreshToken
FNDA:0,getRefreshExpiryDate
FNDA:0,issueTokenPair
FNDA:0,parseExpiresInSeconds
FNDA:0,revokeAllForUser
FNDA:0,revokeRefreshToken
FNDA:0,revokeAllSessionsGlobally
FNDA:0,denylistAccessToken
FNDA:0,checkRedisSessionValidity
DA:1,16
DA:2,16
DA:3,16
DA:4,16
DA:5,16
DA:8,6
DA:9,0
DA:14,0
DA:15,0
DA:23,6
DA:24,6
DA:31,0
DA:35,0
DA:45,0
DA:53,0
DA:54,0
DA:55,0
DA:57,0
DA:66,0
DA:77,0
DA:78,0
DA:79,0
DA:80,0
DA:81,0
DA:82,0
DA:83,0
DA:84,0
DA:88,0
DA:95,0
DA:96,0
DA:103,0
DA:104,0
DA:105,0
DA:106,0
DA:107,0
DA:109,0
DA:117,0
DA:118,0
DA:119,0
DA:120,0
DA:121,0
DA:122,0
DA:124,0
DA:129,0
DA:132,0
DA:133,0
DA:134,0
DA:135,0
DA:140,0
DA:144,0
DA:145,0
DA:146,0
DA:147,0
DA:148,0
DA:151,0
DA:154,16
LF:56
LH:9
BRDA:8,0,0,0
BRDA:8,0,1,6
BRDA:47,1,0,0
BRDA:47,1,1,0
BRDA:48,2,0,0
BRDA:48,2,1,0
BRDA:77,3,0,0
BRDA:77,3,1,0
BRDA:77,4,0,0
BRDA:77,4,1,0
BRDA:80,5,0,0
BRDA:80,5,1,0
BRDA:83,6,0,0
BRDA:83,6,1,0
BRDA:83,7,0,0
BRDA:83,7,1,0
BRDA:83,8,0,0
BRDA:83,8,1,0
BRDA:117,9,0,0
BRDA:117,9,1,0
BRDA:129,10,0,0
BRDA:129,10,1,0
BRDA:129,11,0,0
BRDA:129,11,1,0
BRDA:132,12,0,0
BRDA:132,12,1,0
BRDA:135,13,0,0
BRDA:135,13,1,0
BRDA:136,14,0,0
BRDA:136,14,1,0
BRDA:136,14,2,0
BRDA:147,15,0,0
BRDA:147,15,1,0
BRF:33
BRH:1
end_of_record
TN:
SF:src\services\trajectoryForecastService.js
FN:12,calculateSlope
FN:43,forecastTrajectory
FN:44,(anonymous_2)
FNF:3
FNH:3
FNDA:57,calculateSlope
FNDA:19,forecastTrajectory
FNDA:12,(anonymous_2)
DA:13,57
DA:14,57
DA:16,9
DA:17,9
DA:18,9
DA:19,9
DA:21,9
DA:22,45
DA:23,45
DA:24,45
DA:25,45
DA:26,45
DA:27,45
DA:30,9
DA:31,9
DA:33,9
DA:34,9
DA:44,19
DA:45,19
DA:47,19
DA:48,19
DA:49,19
DA:52,19
DA:54,19
DA:55,19
DA:56,1
DA:57,18
DA:58,1
DA:62,19
DA:63,19
DA:68,19
DA:74,15
LF:32
LH:32
BRDA:12,0,0,0
BRDA:14,1,0,48
BRDA:14,1,1,9
BRDA:33,2,0,0
BRDA:33,2,1,9
BRDA:43,3,0,0
BRDA:43,4,0,0
BRDA:55,5,0,1
BRDA:55,5,1,18
BRDA:57,6,0,1
BRDA:57,6,1,17
BRDA:62,7,0,17
BRDA:62,7,1,2
BRF:13
BRH:9
end_of_record
TN:
SF:src\services\vitalsIngestionService.js
FN:25,(anonymous_0)
FN:110,(anonymous_1)
FN:122,(anonymous_2)
FN:129,(anonymous_3)
FN:142,(anonymous_4)
FN:183,(anonymous_5)
FN:187,(anonymous_6)
FN:219,(anonymous_7)
FN:237,(anonymous_8)
FNF:9
FNH:0
FNDA:0,(anonymous_0)
FNDA:0,(anonymous_1)
FNDA:0,(anonymous_2)
FNDA:0,(anonymous_3)
FNDA:0,(anonymous_4)
FNDA:0,(anonymous_5)
FNDA:0,(anonymous_6)
FNDA:0,(anonymous_7)
FNDA:0,(anonymous_8)
DA:1,13
DA:2,13
DA:3,13
DA:4,13
DA:8,13
DA:26,0
DA:34,0
DA:36,0
DA:38,0
DA:39,0
DA:40,0
DA:43,0
DA:44,0
DA:45,0
DA:46,0
DA:50,0
DA:51,0
DA:52,0
DA:53,0
DA:57,0
DA:66,0
DA:67,0
DA:68,0
DA:71,0
DA:75,0
DA:76,0
DA:77,0
DA:78,0
DA:83,0
DA:84,0
DA:85,0
DA:91,0
DA:94,0
DA:95,0
DA:99,0
DA:100,0
DA:104,0
DA:106,0
DA:108,0
DA:109,0
DA:110,0
DA:112,0
DA:113,0
DA:115,0
DA:120,0
DA:122,0
DA:123,0
DA:128,0
DA:129,0
DA:130,0
DA:134,0
DA:143,0
DA:145,0
DA:146,0
DA:148,0
DA:149,0
DA:152,0
DA:156,0
DA:159,0
DA:160,0
DA:161,0
DA:165,0
DA:166,0
DA:172,0
DA:173,0
DA:175,0
DA:184,0
DA:185,0
DA:187,0
DA:188,0
DA:189,0
DA:192,0
DA:202,0
DA:209,0
DA:220,0
DA:221,0
DA:223,0
DA:228,0
DA:229,0
DA:233,0
DA:234,0
DA:237,0
DA:238,0
DA:243,0
DA:245,0
DA:246,0
DA:247,0
DA:248,0
DA:261,0
DA:264,0
DA:273,13
LF:91
LH:6
BRDA:38,0,0,0
BRDA:38,0,1,0
BRDA:38,1,0,0
BRDA:38,1,1,0
BRDA:44,2,0,0
BRDA:44,2,1,0
BRDA:51,3,0,0
BRDA:51,3,1,0
BRDA:51,4,0,0
BRDA:51,4,1,0
BRDA:66,5,0,0
BRDA:66,5,1,0
BRDA:68,6,0,0
BRDA:68,6,1,0
BRDA:68,7,0,0
BRDA:68,7,1,0
BRDA:71,8,0,0
BRDA:71,8,1,0
BRDA:72,9,0,0
BRDA:72,9,1,0
BRDA:77,10,0,0
BRDA:77,10,1,0
BRDA:77,11,0,0
BRDA:77,11,1,0
BRDA:77,11,2,0
BRDA:77,11,3,0
BRDA:84,12,0,0
BRDA:84,12,1,0
BRDA:94,13,0,0
BRDA:94,13,1,0
BRDA:104,14,0,0
BRDA:104,14,1,0
BRDA:106,15,0,0
BRDA:106,15,1,0
BRDA:106,16,0,0
BRDA:106,16,1,0
BRDA:108,17,0,0
BRDA:108,17,1,0
BRDA:109,18,0,0
BRDA:109,18,1,0
BRDA:120,19,0,0
BRDA:120,19,1,0
BRDA:128,20,0,0
BRDA:128,20,1,0
BRDA:145,21,0,0
BRDA:145,21,1,0
BRDA:148,22,0,0
BRDA:148,22,1,0
BRDA:152,23,0,0
BRDA:152,23,1,0
BRDA:153,24,0,0
BRDA:153,24,1,0
BRDA:159,25,0,0
BRDA:159,25,1,0
BRDA:160,26,0,0
BRDA:160,26,1,0
BRDA:165,27,0,0
BRDA:165,27,1,0
BRDA:172,28,0,0
BRDA:172,28,1,0
BRDA:185,29,0,0
BRDA:185,29,1,0
BRDA:198,30,0,0
BRDA:198,30,1,0
BRDA:205,31,0,0
BRDA:205,31,1,0
BRDA:228,32,0,0
BRDA:228,32,1,0
BRDA:229,33,0,0
BRDA:229,33,1,0
BRDA:230,34,0,0
BRDA:230,34,1,0
BRDA:256,35,0,0
BRDA:256,35,1,0
BRF:74
BRH:0
end_of_record
TN:
SF:src\utils\logger.js
FN:29,serializeMeta
FN:45,log
FN:81,(anonymous_2)
FN:82,(anonymous_3)
FN:83,(anonymous_4)
FN:84,(anonymous_5)
FNF:6
FNH:6
FNDA:95,serializeMeta
FNDA:95,log
FNDA:1,(anonymous_2)
FNDA:65,(anonymous_3)
FNDA:10,(anonymous_4)
FNDA:19,(anonymous_5)
DA:16,23
DA:18,23
DA:30,95
DA:31,95
DA:32,72
DA:33,5
DA:39,67
DA:42,95
DA:46,95
DA:49,95
DA:50,95
DA:51,95
DA:56,95
DA:76,95
DA:77,95
DA:80,23
DA:81,1
DA:82,65
DA:83,10
DA:84,19
DA:87,23
LF:21
LH:21
BRDA:18,0,0,0
BRDA:18,0,1,23
BRDA:19,1,0,0
BRDA:19,1,1,0
BRDA:20,2,0,0
BRDA:20,2,1,23
BRDA:32,3,0,5
BRDA:32,3,1,67
BRDA:45,4,0,0
BRDA:46,5,0,0
BRDA:46,5,1,95
BRDA:60,6,0,34
BRDA:60,6,1,61
BRDA:60,7,0,95
BRDA:60,7,1,34
BRDA:62,8,0,34
BRDA:62,8,1,0
BRDA:63,9,0,4
BRDA:63,9,1,30
BRDA:64,10,0,4
BRDA:64,10,1,30
BRDA:66,11,0,0
BRDA:66,11,1,61
BRDA:76,12,0,29
BRDA:76,12,1,66
BRDA:76,13,0,95
BRDA:76,13,1,76
BRDA:81,14,0,1
BRDA:82,15,0,54
BRDA:83,16,0,5
BRDA:84,17,0,2
BRF:31
BRH:23
end_of_record
TN:
SF:src\utils\markdownFormatter.js
FN:8,shouldNegotiateMarkdown
FN:13,(anonymous_1)
FN:20,(anonymous_2)
FN:62,formatTodayMedicationsMarkdown
FN:78,(anonymous_4)
FN:89,(anonymous_5)
FN:101,(anonymous_6)
FN:125,formatAdherenceDetailsMarkdown
FN:154,(anonymous_8)
FN:163,(anonymous_9)
FN:164,(anonymous_10)
FN:170,(anonymous_11)
FN:190,(anonymous_12)
FN:193,(anonymous_13)
FNF:14
FNH:13
FNDA:8,shouldNegotiateMarkdown
FNDA:4,(anonymous_1)
FNDA:4,(anonymous_2)
FNDA:1,formatTodayMedicationsMarkdown
FNDA:1,(anonymous_4)
FNDA:4,(anonymous_5)
FNDA:1,(anonymous_6)
FNDA:1,formatAdherenceDetailsMarkdown
FNDA:1,(anonymous_8)
FNDA:24,(anonymous_9)
FNDA:24,(anonymous_10)
FNDA:0,(anonymous_11)
FNDA:23,(anonymous_12)
FNDA:5,(anonymous_13)
DA:9,8
DA:10,8
DA:13,4
DA:15,4
DA:16,4
DA:18,4
DA:20,4
DA:22,4
DA:23,4
DA:24,0
DA:25,0
DA:29,4
DA:30,2
DA:31,2
DA:32,0
DA:33,2
DA:35,2
DA:36,2
DA:42,4
DA:45,2
DA:46,0
DA:48,2
DA:51,2
DA:63,1
DA:64,1
DA:65,1
DA:66,1
DA:68,0
DA:72,1
DA:73,1
DA:75,1
DA:76,1
DA:78,1
DA:79,1
DA:80,1
DA:81,1
DA:84,0
DA:88,1
DA:89,1
DA:90,4
DA:91,4
DA:93,4
DA:97,4
DA:98,4
DA:99,3
DA:101,1
DA:102,1
DA:103,1
DA:104,1
DA:106,1
DA:109,1
DA:111,1
DA:115,1
DA:126,1
DA:129,1
DA:130,1
DA:133,1
DA:134,1
DA:137,1
DA:138,1
DA:139,1
DA:141,1
DA:142,1
DA:143,1
DA:144,1
DA:145,1
DA:146,1
DA:149,1
DA:150,1
DA:151,1
DA:152,0
DA:154,1
DA:155,1
DA:157,1
DA:161,1
DA:162,1
DA:163,24
DA:164,24
DA:166,1
DA:167,1
DA:168,1
DA:170,0
DA:172,0
DA:179,0
DA:182,1
DA:184,1
DA:185,1
DA:186,0
DA:189,1
DA:190,23
DA:193,1
DA:194,5
DA:195,5
DA:199,1
DA:202,17
LF:95
LH:84
BRDA:10,0,0,4
BRDA:10,0,1,4
BRDA:24,1,0,0
BRDA:24,1,1,0
BRDA:25,2,0,0
BRDA:25,2,1,0
BRDA:29,3,0,2
BRDA:29,3,1,2
BRDA:29,4,0,4
BRDA:29,4,1,2
BRDA:31,5,0,0
BRDA:31,5,1,2
BRDA:33,6,0,2
BRDA:33,6,1,0
BRDA:35,7,0,2
BRDA:35,7,1,0
BRDA:42,8,0,2
BRDA:42,8,1,2
BRDA:45,9,0,0
BRDA:45,9,1,2
BRDA:64,10,0,1
BRDA:64,10,1,0
BRDA:64,11,0,1
BRDA:64,11,1,1
BRDA:76,12,0,1
BRDA:76,12,1,1
BRDA:76,12,2,0
BRDA:79,13,0,1
BRDA:79,13,1,0
BRDA:80,14,0,1
BRDA:80,14,1,0
BRDA:93,15,0,3
BRDA:93,15,1,1
BRDA:93,16,0,4
BRDA:93,16,1,4
BRDA:98,17,0,3
BRDA:98,17,1,1
BRDA:102,18,0,1
BRDA:102,18,1,0
BRDA:103,19,0,0
BRDA:103,19,1,1
BRDA:104,20,0,0
BRDA:104,20,1,1
BRDA:106,21,0,0
BRDA:106,21,1,1
BRDA:106,22,0,1
BRDA:106,22,1,0
BRDA:107,23,0,0
BRDA:107,23,1,0
BRDA:133,24,0,1
BRDA:133,24,1,0
BRDA:134,25,0,1
BRDA:134,25,1,0
BRDA:137,26,0,1
BRDA:137,26,1,1
BRDA:138,27,0,1
BRDA:138,27,1,1
BRDA:139,28,0,1
BRDA:139,28,1,0
BRDA:145,29,0,0
BRDA:145,29,1,1
BRDA:150,30,0,1
BRDA:150,30,1,0
BRDA:151,31,0,0
BRDA:151,31,1,1
BRDA:162,32,0,1
BRDA:162,32,1,0
BRDA:167,33,0,1
BRDA:167,33,1,0
BRDA:172,34,0,0
BRDA:172,34,1,0
BRDA:174,35,0,0
BRDA:174,35,1,0
BRDA:176,36,0,0
BRDA:176,36,1,0
BRDA:185,37,0,0
BRDA:185,37,1,1
BRDA:190,38,0,23
BRDA:190,38,1,23
BRDA:190,39,0,23
BRDA:190,39,1,23
BRDA:194,40,0,5
BRDA:194,40,1,5
BRDA:195,41,0,5
BRDA:195,41,1,0
BRF:85
BRH:50
end_of_record
TN:
SF:src\utils\patientHelpers.js
FN:12,createBasicPatient
FN:91,findOrCreatePatientRecord
FN:119,getOrCreatePatient
FNF:3
FNH:3
FNDA:5,createBasicPatient
FNDA:54,findOrCreatePatientRecord
FNDA:54,getOrCreatePatient
DA:1,17
DA:2,17
DA:3,17
DA:19,5
DA:20,5
DA:22,5
DA:42,5
DA:44,3
DA:51,3
DA:53,2
DA:54,0
DA:60,0
DA:61,0
DA:62,0
DA:64,0
DA:65,0
DA:66,0
DA:67,0
DA:72,0
DA:73,0
DA:75,0
DA:78,2
DA:83,2
DA:97,54
DA:98,47
DA:99,5
DA:100,5
DA:102,2
DA:106,2
DA:109,45
DA:122,54
DA:124,54
DA:135,45
DA:136,45
DA:139,17
LF:35
LH:24
BRDA:17,0,0,5
BRDA:25,1,0,5
BRDA:25,1,1,5
BRDA:25,2,0,5
BRDA:25,2,1,0
BRDA:26,3,0,5
BRDA:26,3,1,0
BRDA:29,4,0,0
BRDA:29,4,1,5
BRDA:53,5,0,0
BRDA:53,5,1,2
BRDA:60,6,0,0
BRDA:60,6,1,0
BRDA:62,7,0,0
BRDA:62,7,1,0
BRDA:65,8,0,0
BRDA:65,8,1,0
BRDA:66,9,0,0
BRDA:66,9,1,0
BRDA:95,10,0,0
BRDA:98,11,0,5
BRDA:98,11,1,42
BRDA:119,12,0,52
BRDA:122,13,0,0
BRDA:122,13,1,54
BRDA:128,14,0,54
BRDA:128,14,1,52
BRDA:128,14,2,52
BRDA:131,15,0,54
BRDA:131,15,1,33
BRF:30
BRH:16
end_of_record
TN:
SF:src\utils\pushNotifications.js
FN:19,(anonymous_0)
FN:82,(anonymous_1)
FN:105,(anonymous_2)
FN:125,(anonymous_3)
FNF:4
FNH:2
FNDA:2,(anonymous_0)
FNDA:0,(anonymous_1)
FNDA:0,(anonymous_2)
FNDA:7,(anonymous_3)
DA:8,18
DA:20,2
DA:21,1
DA:22,1
DA:26,1
DA:27,1
DA:28,1
DA:31,0
DA:41,0
DA:42,0
DA:52,0
DA:53,0
DA:54,0
DA:56,0
DA:57,0
DA:58,0
DA:65,0
DA:66,0
DA:69,0
DA:71,0
DA:72,0
DA:83,0
DA:84,0
DA:87,0
DA:88,0
DA:89,0
DA:95,0
DA:106,0
DA:107,0
DA:108,0
DA:115,0
DA:116,0
DA:126,7
DA:127,5
DA:131,18
LF:35
LH:10
BRDA:19,0,0,2
BRDA:20,1,0,1
BRDA:20,1,1,1
BRDA:26,2,0,1
BRDA:26,2,1,0
BRDA:54,3,0,0
BRDA:54,3,1,0
BRDA:56,4,0,0
BRDA:56,4,1,0
BRDA:83,5,0,0
BRDA:83,5,1,0
BRDA:126,6,0,2
BRDA:126,6,1,5
BRDA:126,7,0,7
BRDA:126,7,1,5
BRF:15
BRH:8
end_of_record
TN:
SF:src\validators\authValidators.js
FNF:0
FNH:0
DA:1,13
DA:3,13
DA:20,13
DA:26,13
DA:28,13
DA:30,13
DA:36,13
DA:43,13
DA:48,13
DA:50,13
DA:56,13
DA:58,13
LF:12
LH:12
BRF:0
BRH:0
end_of_record
